454   0.000000 __libc_start_main(0x401f50, 2, 0x7fff637b0c48, 0x406b90, 0x406c20 <unfinished ...>
454   0.000121 getenv("_JAVA_LAUNCHER_DEBUG")                                                                   = NULL
454   0.000089 getenv("_JAVA_VERSION_SET")                                                                      = NULL
454   0.000070 JLI_MemAlloc(24, 0x7fff637b0c48, 8, 95, 0x406c20)                                                = 0x19d3010
454   0.000161 JLI_FreeManifest(0, 0x19d3020, 0x7fff637b0c50, 0, 3)                                             = 0x7fff637b1d8d
454   0.000075 JLI_MemFree(0x19d3010, 0x19d3020, 0x7fff637b0c50, 0, 3)                                          = 0
454   0.000081 JLI_MemAlloc(24, 0xffffffff, 0, 0x7f50545d1728, 3)                                               = 0x19d3010
454   0.000096 readlink(0x4077db, 0x7fff637ac880, 4096, 4096, 0x7fff637afb20)                                   = 46
454   0.000129 strncmp("/cow/", "/usr/lib/jvm/java-6-openjdk-amd6"..., 5)                                       = -18
454   0.000089 strlen("/persistmnt/")                                                                           = 12
454   0.000093 strncmp("/persistmnt/", "/usr/lib/jvm/java-6-openjdk-amd6"..., 12)                               = -5
454   0.000066 strlen("/rofs/")                                                                                 = 6
454   0.000059 strncmp("/rofs/", "/usr/lib/jvm/java-6-openjdk-amd6"..., 6)                                      = -3
454   0.000065 strlen("/rwfs/")                                                                                 = 6
454   0.000059 strncmp("/rwfs/", "/usr/lib/jvm/java-6-openjdk-amd6"..., 6)                                      = -3
454   0.000064 strlen("/squashmnt/")                                                                            = 11
454   0.000059 strncmp("/squashmnt/", "/usr/lib/jvm/java-6-openjdk-amd6"..., 11)                                = -2
454   0.000064 JLI_StringDup(0x7fff637ac880, 0x7fff637ac880, 1, 117, 65535)                                     = 0x19d3030
454   0.000094 JLI_MemAlloc(24, 0x7fff637ac8af, 0x7fff637ada4c, 0x6176616a2f6e69, 0x76616a2f6d766a2f)           = 0x19d3070
454   0.000076 strncpy(0x7fff637aeb20, "/usr/lib/jvm/java-6-openjdk-amd6"..., 4095)                             = 0x7fff637aeb20
454   0.000075 strrchr("/usr/lib/jvm/java-6-openjdk-amd6"..., '/')                                              = "/java"
454   0.000068 strlen("/usr/lib/jvm/java-6-openjdk-amd6"...)                                                    = 41
454   0.000064 strrchr("/usr/lib/jvm/java-6-openjdk-amd6"..., '/')                                              = "/bin"
454   0.000064 strrchr("/usr/lib/jvm/java-6-openjdk-amd6"..., '/')                                              = "/bin"
454   0.000064 __sprintf_chk(0x7fff637ac890, 1, 4096, 0x40788e, 0x7fff637aeb20)                                 = 58
454   0.000090 access("/usr/lib/jvm/java-6-openjdk-amd6"..., 0)                                                 = 0
454   0.000094 __strcpy_chk(0x7fff637ab850, 0x7fff637aeb20, 4126, -1, 0x7fff637ac8bf)                           = 0x7fff637ab850
454   0.000087 __strcat_chk(0x7fff637ab850, 0x407230, 4126, 0, 0xfefefefefefefeff)                              = 0x7fff637ab850
454   0.000075 __strcat_chk(0x7fff637ab850, 0x407811, 4126, 0, 0x7fff637ab874)                                  = 0x7fff637ab850
454   0.000069 __strcat_chk(0x7fff637ab850, 0x407236, 4126, 0, 0x7fff637ab879)                                  = 0x7fff637ab850
454   0.000070 fopen("/usr/lib/jvm/java-6-openjdk-amd6"..., "r")                                                = 0x19d3090
454   0.000127 fgets("", 1424085065, 0x19d3170)                                                                 = 0x7fff637ac870
454   0.000135 fgets("", 1424085129, 0x19d3170)                                                                 = 0x7fff637ac870
454   0.000066 fgets("", 1424085131, 0x19d3170)                                                                 = 0x7fff637ac870
454   0.000106 fgets("", 1424085202, 0x19d3170)                                                                 = 0x7fff637ac870
454   0.000093 fgets("", 1424085273, 0x19d3170)                                                                 = 0x7fff637ac870
454   0.000104 fgets("", 1424085342, 0x19d3170)                                                                 = 0x7fff637ac870
454   0.000066 fgets("", 1424085412, 0x19d3170)                                                                 = 0x7fff637ac870
454   0.000064 fgets("", 1424085472, 0x19d3170)                                                                 = 0x7fff637ac870
454   0.000064 fgets("", 1424085474, 0x19d3170)                                                                 = 0x7fff637ac870
454   0.000065 fgets("", 1424085549, 0x19d3170)                                                                 = 0x7fff637ac870
454   0.000064 fgets("", 1424085621, 0x19d3170)                                                                 = 0x7fff637ac870
454   0.000064 fgets("", 1424085693, 0x19d3170)                                                                 = 0x7fff637ac870
454   0.000064 fgets("", 1424085767, 0x19d3170)                                                                 = 0x7fff637ac870
454   0.000065 fgets("", 1424085793, 0x19d3170)                                                                 = 0x7fff637ac870
454   0.000064 fgets("", 1424085795, 0x19d3170)                                                                 = 0x7fff637ac870
454   0.000080 fgets("", 1424085871, 0x19d3170)                                                                 = 0x7fff637ac870
454   0.000078 fgets("", 1424085944, 0x19d3170)                                                                 = 0x7fff637ac870
454   0.000065 fgets("", 1424086008, 0x19d3170)                                                                 = 0x7fff637ac870
454   0.000065 fgets("", 1424086010, 0x19d3170)                                                                 = 0x7fff637ac870
454   0.000064 fgets("", 1424086084, 0x19d3170)                                                                 = 0x7fff637ac870
454   0.000065 fgets("", 1424086157, 0x19d3170)                                                                 = 0x7fff637ac870
454   0.000064 fgets("", 1424086170, 0x19d3170)                                                                 = 0x7fff637ac870
454   0.000064 fgets("", 1424086172, 0x19d3170)                                                                 = 0x7fff637ac870
454   0.000064 fgets("", 1424086175, 0x19d3170)                                                                 = 0x7fff637ac870
454   0.000063 fgets("", 1424086241, 0x19d3170)                                                                 = 0x7fff637ac870
454   0.000064 fgets("", 1424086304, 0x19d3170)                                                                 = 0x7fff637ac870
454   0.000064 fgets("", 1424086371, 0x19d3170)                                                                 = 0x7fff637ac870
454   0.000063 fgets("", 1424086407, 0x19d3170)                                                                 = 0x7fff637ac870
454   0.000064 fgets("", 1424086409, 0x19d3170)                                                                 = 0x7fff637ac870
454   0.000064 fgets("", 1424086471, 0x19d3170)                                                                 = 0x7fff637ac870
454   0.000064 fgets("", 1424086531, 0x19d3170)                                                                 = 0x7fff637ac870
454   0.000064 fgets("", 1424086579, 0x19d3170)                                                                 = 0x7fff637ac870
454   0.000064 fgets("", 1424086581, 0x19d3170)                                                                 = 0x7fff637ac870
454   0.000063 fgets("", 1424086595, 0x19d3170)                                                                 = 0x7fff637ac870
454   0.000064 JLI_MemAlloc(320, 0x7f5054e1d643, 0, 0x7fff637ac870, 1)                                          = 0x19d32d0
454   0.000084 JLI_MemFree(0, 134464, 0x7f50545d1720, 0x400000, 3)                                              = 0
454   0.000076 strcspn("-server KNOWN", " \t")                                                                  = 7
454   0.000070 strspn("KNOWN", " \t")                                                                           = 0
454   0.000064 JLI_StringDup(0x7fff637ac870, 0x7fff637ac87d, 0x19d32d0, 0, 0)                                   = 0x19d3420
454   0.000072 fgets("", 1424086610, 0x19d3170)                                                                 = 0x7fff637ac870
454   0.000066 strcspn("-client IGNORE", " \t")                                                                 = 7
454   0.000060 strspn("IGNORE", " \t")                                                                          = 0
454   0.000059 JLI_StringDup(0x7fff637ac870, 0x7fff637ac87e, 0x19d32f0, 0, 0)                                   = 0x19d3440
454   0.000070 fgets("", 1424086625, 0x19d3170)                                                                 = 0x7fff637ac870
454   0.000066 strcspn("-hotspot ERROR", " \t")                                                                 = 8
454   0.000059 strspn("ERROR", " \t")                                                                           = 0
454   0.000059 JLI_StringDup(0x7fff637ac870, 0x7fff637ac87e, 0x19d3310, 0, 0)                                   = 0x19d3460
454   0.000070 fgets("", 1424086639, 0x19d3170)                                                                 = 0x7fff637ac870
454   0.000196 strcspn("-classic WARN", " \t")                                                                  = 8
454   0.000143 strspn("WARN", " \t")                                                                            = 0
454   0.000065 JLI_StringDup(0x7fff637ac870, 0x7fff637ac87d, 0x19d3330, 0, 0)                                   = 0x19d3480
454   0.000088 fgets("", 1424086653, 0x19d3170)                                                                 = 0x7fff637ac870
454   0.000066 strcspn("-native ERROR", " \t")                                                                  = 7
454   0.000059 strspn("ERROR", " \t")                                                                           = 0
454   0.000056 JLI_StringDup(0x7fff637ac870, 0x7fff637ac87d, 0x19d3350, 0, 0)                                   = 0x19d34a0
454   0.000071 fgets("", 1424086666, 0x19d3170)                                                                 = 0x7fff637ac870
454   0.000064 strcspn("-green ERROR", " \t")                                                                   = 6
454   0.000057 strspn("ERROR", " \t")                                                                           = 0
454   0.000056 JLI_StringDup(0x7fff637ac870, 0x7fff637ac87c, 0x19d3370, 0, 0)                                   = 0x19d34c0
454   0.000080 fgets("", 1424086679, 0x19d3170)                                                                 = 0x7fff637ac870
454   0.000108 strcspn("-jamvm KNOWN", " \t")                                                                   = 6
454   0.000058 strspn("KNOWN", " \t")                                                                           = 0
454   0.000056 JLI_StringDup(0x7fff637ac870, 0x7fff637ac87c, 0x19d3390, 0, 0)                                   = 0x19d34e0
454   0.000068 fgets("", 1424086692, 0x19d3170)                                                                 = 0x7fff637ac870
454   0.000064 strcspn("-cacao KNOWN", " \t")                                                                   = 6
454   0.000057 strspn("KNOWN", " \t")                                                                           = 0
454   0.000057 JLI_StringDup(0x7fff637ac870, 0x7fff637ac87c, 0x19d33b0, 0, 0)                                   = 0x19d3500
454   0.000066 fgets("", 1424086704, 0x19d3170)                                                                 = 0x7fff637ac870
454   0.000063 strcspn("-zero KNOWN", " \t")                                                                    = 5
454   0.000075 strspn("KNOWN", " \t")                                                                           = 0
454   0.000058 JLI_StringDup(0x7fff637ac870, 0x7fff637ac87b, 0x19d33d0, 0, 0)                                   = 0x19d3520
454   0.000068 fgets("", 1424086717, 0x19d3170)                                                                 = 0x7fff637ac870
454   0.000062 strcspn("-shark ERROR", " \t")                                                                   = 6
454   0.000058 strspn("ERROR", " \t")                                                                           = 0
454   0.000056 JLI_StringDup(0x7fff637ac870, 0x7fff637ac87c, 0x19d33f0, 0, 0)                                   = 0x19d3540
454   0.000067 fgets("\377\377\377\377\377\377\377\377\377\377\377\377\377\377\377\377\377\377\377\377\377\377\377\377\377\377\377\377\377\377\377\377"..., 1424084992, 0x19d3170) = NULL
454   0.000088 fclose(0x19d3090)                                                                                = 0
454   0.000132 getenv("JDK_ALTERNATE_VM")                                                                       = NULL
454   0.000065 JLI_MemAlloc(24, 0xffffff80, 7, 74, 0x7f5054e13700)                                              = 0x19d3090
454   0.000073 strchr("server", '/')                                                                            = NULL
454   0.000068 __sprintf_chk(0x7fff637afb20, 1, -1, 0x4078da, 0x7fff637aeb20)                                   = 64
454   0.000072 __xstat(1, "/usr/lib/jvm/java-6-openjdk-amd6"..., 0x7fff637ad930)                                = 0
454   0.000107 getenv("LD_LIBRARY_PATH")                                                                        = NULL
454   0.000060 getgid()                                                                                         = 1000
454   0.000069 getegid()                                                                                        = 1000
454   0.000065 getuid()                                                                                         = 1000
454   0.000064 geteuid()                                                                                        = 1000
454   0.000064 JLI_StringDup(0x7fff637afb20, 0x7fff637ad930, 15, -1, 0x7fff637afb56)                            = 0x19d30b0
454   0.000069 strlen("amd64")                                                                                  = 5
454   0.000059 strlen("/usr/lib/jvm/java-6-openjdk-amd6"...)                                                    = 37
454   0.000060 strlen("/usr/lib/jvm/java-6-openjdk-amd6"...)                                                    = 64
454   0.000062 JLI_MemAlloc(200, 0x7fff637afb61, 0, 48, 0x2f3436646d612f62)                                     = 0x19d3100
454   0.000069 strrchr("/usr/lib/jvm/java-6-openjdk-amd6"..., '/')                                              = "/libjvm.so"
454   0.000064 __sprintf_chk(0x19d3100, 1, -1, 0x407b90, 0x19d30b0)                                             = 169
454   0.000070 putenv("LD_LIBRARY_PATH=/usr/lib/jvm/jav"...)                                                    = 0
454   0.000076 fflush(0x7f50545d2260)                                                                           = 0
454   0.000062 fflush(0x7f50545d2180)                                                                           = 0
454   0.000058 execve(0x19d3030, 0x19d3070, 0x19d31d0, 0x7fff637b1fc5, 0x7f5054e13700 <unfinished ...>
454   0.000399 --- Called exec() ---
454   0.003730 __libc_start_main(0x401f50, 2, 0x7fff915ad9f8, 0x406b90, 0x406c20 <unfinished ...>
454   0.000129 getenv("_JAVA_LAUNCHER_DEBUG")                                                                   = NULL
454   0.000127 getenv("_JAVA_VERSION_SET")                                                                      = NULL
454   0.000113 JLI_MemAlloc(24, 0x7fff915ad9f8, 8, 95, 0x406c20)                                                = 0x1858010
454   0.000220 JLI_FreeManifest(0, 0x1858020, 0x7fff915ada00, 0, 3)                                             = 0x7fff915adcc2
454   0.000133 JLI_MemFree(0x1858010, 0x1858020, 0x7fff915ada00, 0, 3)                                          = 0
454   0.000119 JLI_MemAlloc(24, 0xffffffff, 0, 0x7fcc2dfb3728, 3)                                               = 0x1858010
454   0.000124 readlink(0x4077db, 0x7fff915a9630, 4096, 4096, 0x7fff915ac8d0)                                   = 46
454   0.000178 strncmp("/cow/", "/usr/lib/jvm/java-6-openjdk-amd6"..., 5)                                       = -18
454   0.000176 strlen("/persistmnt/")                                                                           = 12
454   0.000120 strncmp("/persistmnt/", "/usr/lib/jvm/java-6-openjdk-amd6"..., 12)                               = -5
454   0.000114 strlen("/rofs/")                                                                                 = 6
454   0.000098 strncmp("/rofs/", "/usr/lib/jvm/java-6-openjdk-amd6"..., 6)                                      = -3
454   0.000117 strlen("/rwfs/")                                                                                 = 6
454   0.000164 strncmp("/rwfs/", "/usr/lib/jvm/java-6-openjdk-amd6"..., 6)                                      = -3
454   0.000097 strlen("/squashmnt/")                                                                            = 11
454   0.000061 strncmp("/squashmnt/", "/usr/lib/jvm/java-6-openjdk-amd6"..., 11)                                = -2
454   0.000065 JLI_StringDup(0x7fff915a9630, 0x7fff915a9630, 1, 117, 65535)                                     = 0x1858030
454   0.000095 JLI_MemAlloc(24, 0x7fff915a965f, 0x7fff915aa7fc, 0x6176616a2f6e69, 0x76616a2f6d766a2f)           = 0x1858070
454   0.000074 strncpy(0x7fff915ab8d0, "/usr/lib/jvm/java-6-openjdk-amd6"..., 4095)                             = 0x7fff915ab8d0
454   0.000076 strrchr("/usr/lib/jvm/java-6-openjdk-amd6"..., '/')                                              = "/java"
454   0.000067 strlen("/usr/lib/jvm/java-6-openjdk-amd6"...)                                                    = 41
454   0.000062 strrchr("/usr/lib/jvm/java-6-openjdk-amd6"..., '/')                                              = "/bin"
454   0.000063 strrchr("/usr/lib/jvm/java-6-openjdk-amd6"..., '/')                                              = "/bin"
454   0.000062 __sprintf_chk(0x7fff915a9640, 1, 4096, 0x40788e, 0x7fff915ab8d0)                                 = 58
454   0.000096 access("/usr/lib/jvm/java-6-openjdk-amd6"..., 0)                                                 = 0
454   0.000096 __strcpy_chk(0x7fff915a8600, 0x7fff915ab8d0, 4126, -1, 0x7fff915a966f)                           = 0x7fff915a8600
454   0.000083 __strcat_chk(0x7fff915a8600, 0x407230, 4126, 0, 0xfefefefefefefeff)                              = 0x7fff915a8600
454   0.000073 __strcat_chk(0x7fff915a8600, 0x407811, 4126, 0, 0x7fff915a8624)                                  = 0x7fff915a8600
454   0.000069 __strcat_chk(0x7fff915a8600, 0x407236, 4126, 0, 0x7fff915a8629)                                  = 0x7fff915a8600
454   0.000068 fopen("/usr/lib/jvm/java-6-openjdk-amd6"..., "r")                                                = 0x1858090
454   0.000119 fgets("", 780136521, 0x1858170)                                                                  = 0x7fff915a9620
454   0.000166 fgets("", 780136585, 0x1858170)                                                                  = 0x7fff915a9620
454   0.000063 fgets("", 780136587, 0x1858170)                                                                  = 0x7fff915a9620
454   0.000061 fgets("", 780136658, 0x1858170)                                                                  = 0x7fff915a9620
454   0.000062 fgets("", 780136729, 0x1858170)                                                                  = 0x7fff915a9620
454   0.000060 fgets("", 780136798, 0x1858170)                                                                  = 0x7fff915a9620
454   0.000060 fgets("", 780136868, 0x1858170)                                                                  = 0x7fff915a9620
454   0.000070 fgets("", 780136928, 0x1858170)                                                                  = 0x7fff915a9620
454   0.000062 fgets("", 780136930, 0x1858170)                                                                  = 0x7fff915a9620
454   0.000060 fgets("", 780137005, 0x1858170)                                                                  = 0x7fff915a9620
454   0.000061 fgets("", 780137077, 0x1858170)                                                                  = 0x7fff915a9620
454   0.000060 fgets("", 780137149, 0x1858170)                                                                  = 0x7fff915a9620
454   0.000061 fgets("", 780137223, 0x1858170)                                                                  = 0x7fff915a9620
454   0.000059 fgets("", 780137249, 0x1858170)                                                                  = 0x7fff915a9620
454   0.000060 fgets("", 780137251, 0x1858170)                                                                  = 0x7fff915a9620
454   0.000060 fgets("", 780137327, 0x1858170)                                                                  = 0x7fff915a9620
454   0.000060 fgets("", 780137400, 0x1858170)                                                                  = 0x7fff915a9620
454   0.000060 fgets("", 780137464, 0x1858170)                                                                  = 0x7fff915a9620
454   0.000060 fgets("", 780137466, 0x1858170)                                                                  = 0x7fff915a9620
454   0.000078 fgets("", 780137540, 0x1858170)                                                                  = 0x7fff915a9620
454   0.000104 fgets("", 780137613, 0x1858170)                                                                  = 0x7fff915a9620
454   0.000066 fgets("", 780137626, 0x1858170)                                                                  = 0x7fff915a9620
454   0.000061 fgets("", 780137628, 0x1858170)                                                                  = 0x7fff915a9620
454   0.000060 fgets("", 780137631, 0x1858170)                                                                  = 0x7fff915a9620
454   0.000060 fgets("", 780137697, 0x1858170)                                                                  = 0x7fff915a9620
454   0.000060 fgets("", 780137760, 0x1858170)                                                                  = 0x7fff915a9620
454   0.000060 fgets("", 780137827, 0x1858170)                                                                  = 0x7fff915a9620
454   0.000059 fgets("", 780137863, 0x1858170)                                                                  = 0x7fff915a9620
454   0.000061 fgets("", 780137865, 0x1858170)                                                                  = 0x7fff915a9620
454   0.000060 fgets("", 780137927, 0x1858170)                                                                  = 0x7fff915a9620
454   0.000167 fgets("", 780137987, 0x1858170)                                                                  = 0x7fff915a9620
454   0.000092 fgets("", 780138035, 0x1858170)                                                                  = 0x7fff915a9620
454   0.000061 fgets("", 780138037, 0x1858170)                                                                  = 0x7fff915a9620
454   0.000061 fgets("", 780138051, 0x1858170)                                                                  = 0x7fff915a9620
454   0.000060 JLI_MemAlloc(320, 0x7fcc2e7ff643, 0, 0x7fff915a9620, 1)                                          = 0x18582d0
454   0.000070 JLI_MemFree(0, 134464, 0x7fcc2dfb3720, 0x400000, 3)                                              = 0
454   0.000069 strcspn("-server KNOWN", " \t")                                                                  = 7
454   0.000068 strspn("KNOWN", " \t")                                                                           = 0
454   0.000062 JLI_StringDup(0x7fff915a9620, 0x7fff915a962d, 0x18582d0, 0, 0)                                   = 0x1858420
454   0.000079 fgets("", 780138066, 0x1858170)                                                                  = 0x7fff915a9620
454   0.000064 strcspn("-client IGNORE", " \t")                                                                 = 7
454   0.000059 strspn("IGNORE", " \t")                                                                          = 0
454   0.000057 JLI_StringDup(0x7fff915a9620, 0x7fff915a962e, 0x18582f0, 0, 0)                                   = 0x1858440
454   0.000069 fgets("", 780138081, 0x1858170)                                                                  = 0x7fff915a9620
454   0.000062 strcspn("-hotspot ERROR", " \t")                                                                 = 8
454   0.000059 strspn("ERROR", " \t")                                                                           = 0
454   0.000057 JLI_StringDup(0x7fff915a9620, 0x7fff915a962e, 0x1858310, 0, 0)                                   = 0x1858460
454   0.000069 fgets("", 780138095, 0x1858170)                                                                  = 0x7fff915a9620
454   0.000062 strcspn("-classic WARN", " \t")                                                                  = 8
454   0.000059 strspn("WARN", " \t")                                                                            = 0
454   0.000057 JLI_StringDup(0x7fff915a9620, 0x7fff915a962d, 0x1858330, 0, 0)                                   = 0x1858480
454   0.000068 fgets("", 780138109, 0x1858170)                                                                  = 0x7fff915a9620
454   0.000063 strcspn("-native ERROR", " \t")                                                                  = 7
454   0.000058 strspn("ERROR", " \t")                                                                           = 0
454   0.000058 JLI_StringDup(0x7fff915a9620, 0x7fff915a962d, 0x1858350, 0, 0)                                   = 0x18584a0
454   0.000069 fgets("", 780138122, 0x1858170)                                                                  = 0x7fff915a9620
454   0.000062 strcspn("-green ERROR", " \t")                                                                   = 6
454   0.000059 strspn("ERROR", " \t")                                                                           = 0
454   0.000057 JLI_StringDup(0x7fff915a9620, 0x7fff915a962c, 0x1858370, 0, 0)                                   = 0x18584c0
454   0.000069 fgets("", 780138135, 0x1858170)                                                                  = 0x7fff915a9620
454   0.000062 strcspn("-jamvm KNOWN", " \t")                                                                   = 6
454   0.000058 strspn("KNOWN", " \t")                                                                           = 0
454   0.000058 JLI_StringDup(0x7fff915a9620, 0x7fff915a962c, 0x1858390, 0, 0)                                   = 0x18584e0
454   0.000069 fgets("", 780138148, 0x1858170)                                                                  = 0x7fff915a9620
454   0.000061 strcspn("-cacao KNOWN", " \t")                                                                   = 6
454   0.000058 strspn("KNOWN", " \t")                                                                           = 0
454   0.000057 JLI_StringDup(0x7fff915a9620, 0x7fff915a962c, 0x18583b0, 0, 0)                                   = 0x1858500
454   0.000069 fgets("", 780138160, 0x1858170)                                                                  = 0x7fff915a9620
454   0.000061 strcspn("-zero KNOWN", " \t")                                                                    = 5
454   0.000058 strspn("KNOWN", " \t")                                                                           = 0
454   0.000057 JLI_StringDup(0x7fff915a9620, 0x7fff915a962b, 0x18583d0, 0, 0)                                   = 0x1858520
454   0.000068 fgets("", 780138173, 0x1858170)                                                                  = 0x7fff915a9620
454   0.000062 strcspn("-shark ERROR", " \t")                                                                   = 6
454   0.000066 strspn("ERROR", " \t")                                                                           = 0
454   0.000058 JLI_StringDup(0x7fff915a9620, 0x7fff915a962c, 0x18583f0, 0, 0)                                   = 0x1858540
454   0.000068 fgets("\377\377\377\377\377\377\377\377\377\377\377\377\377\377\377\377\377\377\377\377\377\377\377\377\377\377\377\377\377\377\377\377"..., 780136448, 0x1858170) = NULL
454   0.000083 fclose(0x1858090)                                                                                = 0
454   0.000109 getenv("JDK_ALTERNATE_VM")                                                                       = NULL
454   0.000063 JLI_MemAlloc(24, 0xffffff80, 7, 74, 0x7fcc2e7f4700)                                              = 0x1858090
454   0.000096 strchr("server", '/')                                                                            = NULL
454   0.000088 __sprintf_chk(0x7fff915ac8d0, 1, -1, 0x4078da, 0x7fff915ab8d0)                                   = 64
454   0.000072 __xstat(1, "/usr/lib/jvm/java-6-openjdk-amd6"..., 0x7fff915aa6e0)                                = 0
454   0.000086 getenv("LD_LIBRARY_PATH")                                                                        = "/usr/lib/jvm/java-6-openjdk-amd6"...
454   0.000067 getgid()                                                                                         = 1000
454   0.000069 getegid()                                                                                        = 1000
454   0.000065 getuid()                                                                                         = 1000
454   0.000064 geteuid()                                                                                        = 1000
454   0.000064 JLI_StringDup(0x7fff915ac8d0, 0x407911, 13, -1, 0x7fff915ac906)                                  = 0x18580b0
454   0.000070 strlen("/usr/lib/jvm/java-6-openjdk-amd6"...)                                                    = 153
454   0.000131 strlen("amd64")                                                                                  = 5
454   0.000058 strlen("/usr/lib/jvm/java-6-openjdk-amd6"...)                                                    = 37
454   0.000060 strlen("/usr/lib/jvm/java-6-openjdk-amd6"...)                                                    = 64
454   0.000061 JLI_MemAlloc(353, 0x7fff915ac911, 0, 48, 0x2f3436646d612f62)                                     = 0x1858100
454   0.000069 strrchr("/usr/lib/jvm/java-6-openjdk-amd6"..., '/')                                              = "/libjvm.so"
454   0.000066 __sprintf_chk(0x1858100, 1, -1, 0x407b90, 0x18580b0)                                             = 169
454   0.000070 strlen("/usr/lib/jvm/java-6-openjdk-amd6"...)                                                    = 153
454   0.000063 strncmp("/usr/lib/jvm/java-6-openjdk-amd6"..., "/usr/lib/jvm/java-6-openjdk-amd6"..., 153)       = 0
454   0.000067 dlopen("/usr/lib/jvm/java-6-openjdk-amd6"..., 258)                                               = 0x018585b0
454   0.004493 dlsym(0x018585b0, "JNI_CreateJavaVM")                                                            = 0x7fcc2d2761e0
454   0.000086 dlsym(0x018585b0, "JNI_GetDefaultJavaVMInitArgs")                                                = 0x7fcc2d2761a0
454   0.000077 getenv("CLASSPATH")                                                                              = NULL
454   0.000063 JLI_WildcardExpandClasspath(0x40790d, 0x407075, 0x40790d, 65, 65535)                             = 0x40790d
454   0.000079 strlen(".")                                                                                      = 1
454   0.000060 JLI_MemAlloc(41, 0, 1, 13, 0x407900)                                                             = 0x185a900
454   0.000070 __sprintf_chk(0x185a900, 1, -1, 0x406f36, 0x40790d)                                              = 19
454   0.000072 JLI_MemAlloc(64, 0, 0x185a913, 0, 0x406f4a)                                                      = 0x185a940
454   0.000080 JLI_StrCCmp(0x185a900, 0x406d53, 0, 2, 5)                                                        = 0xffffffec
454   0.000077 JLI_MemAlloc(33, -1, 0, 14, 5)                                                                   = 0x185a990
454   0.000070 strcat("-Dsun.java.command=", "NonConcurrent")                                                   = "-Dsun.java.command=NonConcurrent"
454   0.000079 JLI_StrCCmp(0x185a990, 0x406d53, 16, 2, 3)                                                       = 0xffffffec
454   0.000069 JLI_StrCCmp(0x407628, 0x406d53, 32, 2, 3)                                                        = 0xffffffec
454   0.000069 JLI_MemAlloc(45, 0x406d53, 1, 88, 3)                                                             = 0x185a9c0
454   0.000075 getpid()                                                                                         = 454
454   0.000056 __sprintf_chk(0x185a9c0, 1, -1, 0x407a3f, 0x407a26)                                              = 27
454   0.000073 JLI_StrCCmp(0x185a9c0, 0x406d53, 48, 2, 0x407a43)                                                = 0xffffffec
454   0.000069 getenv("_JAVA_SPLASH_JAR")                                                                       = NULL
454   0.000063 getenv("_JAVA_SPLASH_FILE")                                                                      = NULL
454   0.000060 strchr("_JAVA_VERSION_SET", '=')                                                                 = NULL
454   0.000060 strchr("_JAVA_SPLASH_FILE", '=')                                                                 = NULL
454   0.000059 strchr("_JAVA_SPLASH_JAR", '=')                                                                  = NULL
454   0.000059 JLI_MemFree(0, 0, 76, 95, 0x7fcc2dfb6548)                                                        = 0
454   0.000069 JLI_MemFree(0, 0, 76, 95, 0x7fcc2dfb6548)                                                        = 0
454   0.000085 pthread_attr_init(0x7fff915aa740, 0x100000, 0x7fff915aa860, 0, 0x7fcc2dfb6548)                   = 0
454   0.000081 pthread_attr_setdetachstate(0x7fff915aa740, 0, 0, 0, 0x7fcc2dfb6548)                             = 0
454   0.000072 pthread_attr_setstacksize(0x7fff915aa740, 0x100000, 0, 0, 0x7fcc2dfb6548)                        = 0
454   0.000073 pthread_create(0x7fff915aa730, 0x7fff915aa740, 0x403d70, 0x7fff915aa860, 0x7fcc2dfb6548)         = 0
454   0.000279 pthread_join(0x7fcc2e7f2700, 0x7fff915aa738, 0x7fcc2e7f29d0, -1, 0x7fcc2e7f2700 <unfinished ...>
455   0.270926 JLI_MemFree(0x185a940, 0, 0x7fcc2d9c4bb8, -1, 0x7fcc2d9dec80)                                    = 0
455   0.000170 JLI_MemFree(0x1858420, 10, 0, 0x7fcc2dfb3740, 0x7fcc2d9dec80)                                    = 0x185a700
455   0.000116 JLI_MemFree(0x1858440, 0xffffffff, 0x185a700, 0x7fcc2dfb3728, 0x7fcc2d9dec80)                    = 0x1858410
455   0.000112 JLI_MemFree(0x1858460, 0xffffffff, 0x1858410, 0x7fcc2dfb3728, 0x7fcc2d9dec80)                    = 0x1858430
455   0.000111 JLI_MemFree(0x1858480, 0xffffffff, 0x1858430, 0x7fcc2dfb3728, 0x7fcc2d9dec80)                    = 0x1858450
455   0.000099 JLI_MemFree(0x18584a0, 0xffffffff, 0x1858450, 0x7fcc2dfb3728, 0x7fcc2d9dec80)                    = 0x1858470
455   0.000078 JLI_MemFree(0x18584c0, 0xffffffff, 0x1858470, 0x7fcc2dfb3728, 0x7fcc2d9dec80)                    = 0x1858490
455   0.000076 JLI_MemFree(0x18584e0, 0xffffffff, 0x1858490, 0x7fcc2dfb3728, 0x7fcc2d9dec80)                    = 0x18584b0
455   0.000077 JLI_MemFree(0x1858500, 0xffffffff, 0x18584b0, 0x7fcc2dfb3728, 0x7fcc2d9dec80)                    = 0x18584d0
455   0.000076 JLI_MemFree(0x1858520, 0xffffffff, 0x18584d0, 0x7fcc2dfb3728, 0x7fcc2d9dec80)                    = 0x18584f0
455   0.000075 JLI_MemFree(0x1858540, 0xffffffff, 0x18584f0, 0x7fcc2dfb3728, 0x7fcc2d9dec80)                    = 0x1858510
455   0.000076 JLI_MemFree(0x18582d0, 0xffffffff, 0x1858510, 0x7fcc2dfb3728, 0x7fcc2d9dec80)                    = 337
455   0.000079 dlsym(NULL, "JVM_FindClassFromBootLoader")                                                       = 0x7fcc2d28ff30
455   0.001274 strlen("NonConcurrent")                                                                          = 13
510   0.073510 +++ exited (status 0) +++
482   0.000511 +++ exited (status 0) +++
454   0.000277 <... pthread_join resumed> )                                                                     = 0
454   0.000029 pthread_attr_destroy(0x7fff915aa740, 0x7fcc2e5db250, 0x7fcc2e7f2700, 0x7fcc213dc9c0, 0)          = 0
509   0.000246 +++ exited (status 0) +++
508   0.000012 +++ exited (status 0) +++
507   0.000007 +++ exited (status 0) +++
506   0.000006 +++ exited (status 0) +++
504   0.000006 +++ exited (status 0) +++
501   0.000006 +++ exited (status 0) +++
457   0.000006 +++ exited (status 0) +++
456   0.000006 +++ exited (status 0) +++
455   0.002083 +++ exited (status 0) +++
454   0.000030 +++ exited (status 0) +++
