903   0.000000 __libc_start_main(0x401f50, 2, 0x7fff89dd5dc8, 0x406b90, 0x406c20 <unfinished ...>
903   0.000093 getenv("_JAVA_LAUNCHER_DEBUG")                                                                   = NULL
903   0.000137 getenv("_JAVA_VERSION_SET")                                                                      = NULL
903   0.000086 JLI_MemAlloc(24, 0x7fff89dd5dc8, 8, 95, 0x406c20)                                                = 0x1fc3010
903   0.000157 JLI_FreeManifest(0, 0x1fc3020, 0x7fff89dd5dd0, 0, 3)                                             = 0x7fff89dd7dee
903   0.000073 JLI_MemFree(0x1fc3010, 0x1fc3020, 0x7fff89dd5dd0, 0, 3)                                          = 0
903   0.000078 JLI_MemAlloc(24, 0xffffffff, 0, 0x7f82ea0a0728, 3)                                               = 0x1fc3010
903   0.000189 readlink(0x4077db, 0x7fff89dd1a00, 4096, 4096, 0x7fff89dd4ca0)                                   = 46
903   0.000158 strncmp("/cow/", "/usr/lib/jvm/java-6-openjdk-amd6"..., 5)                                       = -18
903   0.000075 strlen("/persistmnt/")                                                                           = 12
903   0.000070 strncmp("/persistmnt/", "/usr/lib/jvm/java-6-openjdk-amd6"..., 12)                               = -5
903   0.000066 strlen("/rofs/")                                                                                 = 6
903   0.000059 strncmp("/rofs/", "/usr/lib/jvm/java-6-openjdk-amd6"..., 6)                                      = -3
903   0.000066 strlen("/rwfs/")                                                                                 = 6
903   0.000059 strncmp("/rwfs/", "/usr/lib/jvm/java-6-openjdk-amd6"..., 6)                                      = -3
903   0.000063 strlen("/squashmnt/")                                                                            = 11
903   0.000061 strncmp("/squashmnt/", "/usr/lib/jvm/java-6-openjdk-amd6"..., 11)                                = -2
903   0.000064 JLI_StringDup(0x7fff89dd1a00, 0x7fff89dd1a00, 1, 117, 65535)                                     = 0x1fc3030
903   0.000078 JLI_MemAlloc(24, 0x7fff89dd1a2f, 0x7fff89dd2bcc, 0x6176616a2f6e69, 0x76616a2f6d766a2f)           = 0x1fc3070
903   0.000073 strncpy(0x7fff89dd3ca0, "/usr/lib/jvm/java-6-openjdk-amd6"..., 4095)                             = 0x7fff89dd3ca0
903   0.000074 strrchr("/usr/lib/jvm/java-6-openjdk-amd6"..., '/')                                              = "/java"
903   0.000068 strlen("/usr/lib/jvm/java-6-openjdk-amd6"...)                                                    = 41
903   0.000064 strrchr("/usr/lib/jvm/java-6-openjdk-amd6"..., '/')                                              = "/bin"
903   0.000064 strrchr("/usr/lib/jvm/java-6-openjdk-amd6"..., '/')                                              = "/bin"
903   0.000064 __sprintf_chk(0x7fff89dd1a10, 1, 4096, 0x40788e, 0x7fff89dd3ca0)                                 = 58
903   0.000089 access("/usr/lib/jvm/java-6-openjdk-amd6"..., 0)                                                 = 0
903   0.000092 __strcpy_chk(0x7fff89dd09d0, 0x7fff89dd3ca0, 4126, -1, 0x7fff89dd1a3f)                           = 0x7fff89dd09d0
903   0.000084 __strcat_chk(0x7fff89dd09d0, 0x407230, 4126, 0, 0xfefefefefefefeff)                              = 0x7fff89dd09d0
903   0.000072 __strcat_chk(0x7fff89dd09d0, 0x407811, 4126, 0, 0x7fff89dd09f4)                                  = 0x7fff89dd09d0
903   0.000068 __strcat_chk(0x7fff89dd09d0, 0x407236, 4126, 0, 0x7fff89dd09f9)                                  = 0x7fff89dd09d0
903   0.000068 fopen("/usr/lib/jvm/java-6-openjdk-amd6"..., "r")                                                = 0x1fc3090
903   0.000108 fgets("", -359743415, 0x1fc3170)                                                                 = 0x7fff89dd19f0
903   0.000124 fgets("", -359743351, 0x1fc3170)                                                                 = 0x7fff89dd19f0
903   0.000065 fgets("", -359743349, 0x1fc3170)                                                                 = 0x7fff89dd19f0
903   0.000074 fgets("", -359743278, 0x1fc3170)                                                                 = 0x7fff89dd19f0
903   0.000065 fgets("", -359743207, 0x1fc3170)                                                                 = 0x7fff89dd19f0
903   0.000064 fgets("", -359743138, 0x1fc3170)                                                                 = 0x7fff89dd19f0
903   0.000065 fgets("", -359743068, 0x1fc3170)                                                                 = 0x7fff89dd19f0
903   0.000064 fgets("", -359743008, 0x1fc3170)                                                                 = 0x7fff89dd19f0
903   0.000080 fgets("", -359743006, 0x1fc3170)                                                                 = 0x7fff89dd19f0
903   0.000067 fgets("", -359742931, 0x1fc3170)                                                                 = 0x7fff89dd19f0
903   0.000065 fgets("", -359742859, 0x1fc3170)                                                                 = 0x7fff89dd19f0
903   0.000064 fgets("", -359742787, 0x1fc3170)                                                                 = 0x7fff89dd19f0
903   0.000065 fgets("", -359742713, 0x1fc3170)                                                                 = 0x7fff89dd19f0
903   0.000064 fgets("", -359742687, 0x1fc3170)                                                                 = 0x7fff89dd19f0
903   0.000064 fgets("", -359742685, 0x1fc3170)                                                                 = 0x7fff89dd19f0
903   0.000064 fgets("", -359742609, 0x1fc3170)                                                                 = 0x7fff89dd19f0
903   0.000064 fgets("", -359742536, 0x1fc3170)                                                                 = 0x7fff89dd19f0
903   0.000065 fgets("", -359742472, 0x1fc3170)                                                                 = 0x7fff89dd19f0
903   0.000065 fgets("", -359742470, 0x1fc3170)                                                                 = 0x7fff89dd19f0
903   0.000064 fgets("", -359742396, 0x1fc3170)                                                                 = 0x7fff89dd19f0
903   0.000064 fgets("", -359742323, 0x1fc3170)                                                                 = 0x7fff89dd19f0
903   0.000064 fgets("", -359742310, 0x1fc3170)                                                                 = 0x7fff89dd19f0
903   0.000064 fgets("", -359742308, 0x1fc3170)                                                                 = 0x7fff89dd19f0
903   0.000064 fgets("", -359742305, 0x1fc3170)                                                                 = 0x7fff89dd19f0
903   0.000064 fgets("", -359742239, 0x1fc3170)                                                                 = 0x7fff89dd19f0
903   0.000063 fgets("", -359742176, 0x1fc3170)                                                                 = 0x7fff89dd19f0
903   0.000065 fgets("", -359742109, 0x1fc3170)                                                                 = 0x7fff89dd19f0
903   0.000064 fgets("", -359742073, 0x1fc3170)                                                                 = 0x7fff89dd19f0
903   0.000116 fgets("", -359742071, 0x1fc3170)                                                                 = 0x7fff89dd19f0
903   0.000073 fgets("", -359742009, 0x1fc3170)                                                                 = 0x7fff89dd19f0
903   0.000138 fgets("", -359741949, 0x1fc3170)                                                                 = 0x7fff89dd19f0
903   0.000067 fgets("", -359741901, 0x1fc3170)                                                                 = 0x7fff89dd19f0
903   0.000064 fgets("", -359741899, 0x1fc3170)                                                                 = 0x7fff89dd19f0
903   0.000064 fgets("", -359741885, 0x1fc3170)                                                                 = 0x7fff89dd19f0
903   0.000063 JLI_MemAlloc(320, 0x7f82ea8ec643, 0, 0x7fff89dd19f0, 1)                                          = 0x1fc32d0
903   0.000080 JLI_MemFree(0, 134464, 0x7f82ea0a0720, 0x400000, 3)                                              = 0
903   0.000074 strcspn("-server KNOWN", " \t")                                                                  = 7
903   0.000074 strspn("KNOWN", " \t")                                                                           = 0
903   0.000114 JLI_StringDup(0x7fff89dd19f0, 0x7fff89dd19fd, 0x1fc32d0, 0, 0)                                   = 0x1fc3420
903   0.000116 fgets("", -359741870, 0x1fc3170)                                                                 = 0x7fff89dd19f0
903   0.000113 strcspn("-client IGNORE", " \t")                                                                 = 7
903   0.000082 strspn("IGNORE", " \t")                                                                          = 0
903   0.000060 JLI_StringDup(0x7fff89dd19f0, 0x7fff89dd19fe, 0x1fc32f0, 0, 0)                                   = 0x1fc3440
903   0.000069 fgets("", -359741855, 0x1fc3170)                                                                 = 0x7fff89dd19f0
903   0.000065 strcspn("-hotspot ERROR", " \t")                                                                 = 8
903   0.000059 strspn("ERROR", " \t")                                                                           = 0
903   0.000057 JLI_StringDup(0x7fff89dd19f0, 0x7fff89dd19fe, 0x1fc3310, 0, 0)                                   = 0x1fc3460
903   0.000065 fgets("", -359741841, 0x1fc3170)                                                                 = 0x7fff89dd19f0
903   0.000063 strcspn("-classic WARN", " \t")                                                                  = 8
903   0.000058 strspn("WARN", " \t")                                                                            = 0
903   0.000056 JLI_StringDup(0x7fff89dd19f0, 0x7fff89dd19fd, 0x1fc3330, 0, 0)                                   = 0x1fc3480
903   0.000066 fgets("", -359741827, 0x1fc3170)                                                                 = 0x7fff89dd19f0
903   0.000062 strcspn("-native ERROR", " \t")                                                                  = 7
903   0.000058 strspn("ERROR", " \t")                                                                           = 0
903   0.000081 JLI_StringDup(0x7fff89dd19f0, 0x7fff89dd19fd, 0x1fc3350, 0, 0)                                   = 0x1fc34a0
903   0.000069 fgets("", -359741814, 0x1fc3170)                                                                 = 0x7fff89dd19f0
903   0.000113 strcspn("-green ERROR", " \t")                                                                   = 6
903   0.000079 strspn("ERROR", " \t")                                                                           = 0
903   0.000057 JLI_StringDup(0x7fff89dd19f0, 0x7fff89dd19fc, 0x1fc3370, 0, 0)                                   = 0x1fc34c0
903   0.000067 fgets("", -359741801, 0x1fc3170)                                                                 = 0x7fff89dd19f0
903   0.000062 strcspn("-jamvm KNOWN", " \t")                                                                   = 6
903   0.000059 strspn("KNOWN", " \t")                                                                           = 0
903   0.000056 JLI_StringDup(0x7fff89dd19f0, 0x7fff89dd19fc, 0x1fc3390, 0, 0)                                   = 0x1fc34e0
903   0.000066 fgets("", -359741788, 0x1fc3170)                                                                 = 0x7fff89dd19f0
903   0.000062 strcspn("-cacao KNOWN", " \t")                                                                   = 6
903   0.000057 strspn("KNOWN", " \t")                                                                           = 0
903   0.000057 JLI_StringDup(0x7fff89dd19f0, 0x7fff89dd19fc, 0x1fc33b0, 0, 0)                                   = 0x1fc3500
903   0.000065 fgets("", -359741776, 0x1fc3170)                                                                 = 0x7fff89dd19f0
903   0.000062 strcspn("-zero KNOWN", " \t")                                                                    = 5
903   0.000066 strspn("KNOWN", " \t")                                                                           = 0
903   0.000058 JLI_StringDup(0x7fff89dd19f0, 0x7fff89dd19fb, 0x1fc33d0, 0, 0)                                   = 0x1fc3520
903   0.000066 fgets("", -359741763, 0x1fc3170)                                                                 = 0x7fff89dd19f0
903   0.000063 strcspn("-shark ERROR", " \t")                                                                   = 6
903   0.000058 strspn("ERROR", " \t")                                                                           = 0
903   0.000057 JLI_StringDup(0x7fff89dd19f0, 0x7fff89dd19fc, 0x1fc33f0, 0, 0)                                   = 0x1fc3540
903   0.000066 fgets("\377\377\377\377\377\377\377\377\377\377\377\377\377\377\377\377\377\377\377\377\377\377\377\377\377\377\377\377\377\377\377\377"..., -359743488, 0x1fc3170) = NULL
903   0.000091 fclose(0x1fc3090)                                                                                = 0
903   0.000144 getenv("JDK_ALTERNATE_VM")                                                                       = NULL
903   0.000064 JLI_MemAlloc(24, 0xffffff80, 7, 74, 0x7f82ea8e2700)                                              = 0x1fc3090
903   0.000070 strchr("server", '/')                                                                            = NULL
903   0.000064 __sprintf_chk(0x7fff89dd4ca0, 1, -1, 0x4078da, 0x7fff89dd3ca0)                                   = 64
903   0.000068 __xstat(1, "/usr/lib/jvm/java-6-openjdk-amd6"..., 0x7fff89dd2ab0)                                = 0
903   0.000085 getenv("LD_LIBRARY_PATH")                                                                        = NULL
903   0.000059 getgid()                                                                                         = 1000
903   0.000068 getegid()                                                                                        = 1000
903   0.000086 getuid()                                                                                         = 1000
903   0.000146 geteuid()                                                                                        = 1000
903   0.000093 JLI_StringDup(0x7fff89dd4ca0, 0x7fff89dd2ab0, 15, -1, 0x7fff89dd4cd6)                            = 0x1fc30b0
903   0.000069 strlen("amd64")                                                                                  = 5
903   0.000059 strlen("/usr/lib/jvm/java-6-openjdk-amd6"...)                                                    = 37
903   0.000061 strlen("/usr/lib/jvm/java-6-openjdk-amd6"...)                                                    = 64
903   0.000062 JLI_MemAlloc(200, 0x7fff89dd4ce1, 0, 48, 0x2f3436646d612f62)                                     = 0x1fc3100
903   0.000069 strrchr("/usr/lib/jvm/java-6-openjdk-amd6"..., '/')                                              = "/libjvm.so"
903   0.000064 __sprintf_chk(0x1fc3100, 1, -1, 0x407b90, 0x1fc30b0)                                             = 169
903   0.000068 putenv("LD_LIBRARY_PATH=/usr/lib/jvm/jav"...)                                                    = 0
903   0.000073 fflush(0x7f82ea0a1260)                                                                           = 0
903   0.000063 fflush(0x7f82ea0a1180)                                                                           = 0
903   0.000057 execve(0x1fc3030, 0x1fc3070, 0x1fc31d0, 0, 0x7f82ea8e2700 <unfinished ...>
903   0.000280 --- Called exec() ---
903   0.002432 __libc_start_main(0x401f50, 2, 0x7fffaaad3b58, 0x406b90, 0x406c20 <unfinished ...>
903   0.000086 getenv("_JAVA_LAUNCHER_DEBUG")                                                                   = NULL
903   0.000093 getenv("_JAVA_VERSION_SET")                                                                      = NULL
903   0.000069 JLI_MemAlloc(24, 0x7fffaaad3b58, 8, 95, 0x406c20)                                                = 0x121a010
903   0.000232 JLI_FreeManifest(0, 0x121a020, 0x7fffaaad3b60, 0, 3)                                             = 0x7fffaaad4d23
903   0.000087 JLI_MemFree(0x121a010, 0x121a020, 0x7fffaaad3b60, 0, 3)                                          = 0
903   0.000088 JLI_MemAlloc(24, 0xffffffff, 0, 0x7f960493f728, 3)                                               = 0x121a010
903   0.000080 readlink(0x4077db, 0x7fffaaacf790, 4096, 4096, 0x7fffaaad2a30)                                   = 46
903   0.000127 strncmp("/cow/", "/usr/lib/jvm/java-6-openjdk-amd6"..., 5)                                       = -18
903   0.000078 strlen("/persistmnt/")                                                                           = 12
903   0.000082 strncmp("/persistmnt/", "/usr/lib/jvm/java-6-openjdk-amd6"..., 12)                               = -5
903   0.000066 strlen("/rofs/")                                                                                 = 6
903   0.000071 strncmp("/rofs/", "/usr/lib/jvm/java-6-openjdk-amd6"..., 6)                                      = -3
903   0.000066 strlen("/rwfs/")                                                                                 = 6
903   0.000073 strncmp("/rwfs/", "/usr/lib/jvm/java-6-openjdk-amd6"..., 6)                                      = -3
903   0.000064 strlen("/squashmnt/")                                                                            = 11
903   0.000057 strncmp("/squashmnt/", "/usr/lib/jvm/java-6-openjdk-amd6"..., 11)                                = -2
903   0.000078 JLI_StringDup(0x7fffaaacf790, 0x7fffaaacf790, 1, 117, 65535)                                     = 0x121a030
903   0.000090 JLI_MemAlloc(24, 0x7fffaaacf7bf, 0x7fffaaad095c, 0x6176616a2f6e69, 0x76616a2f6d766a2f)           = 0x121a070
903   0.000073 strncpy(0x7fffaaad1a30, "/usr/lib/jvm/java-6-openjdk-amd6"..., 4095)                             = 0x7fffaaad1a30
903   0.000073 strrchr("/usr/lib/jvm/java-6-openjdk-amd6"..., '/')                                              = "/java"
903   0.000083 strlen("/usr/lib/jvm/java-6-openjdk-amd6"...)                                                    = 41
903   0.000073 strrchr("/usr/lib/jvm/java-6-openjdk-amd6"..., '/')                                              = "/bin"
903   0.000067 strrchr("/usr/lib/jvm/java-6-openjdk-amd6"..., '/')                                              = "/bin"
903   0.000062 __sprintf_chk(0x7fffaaacf7a0, 1, 4096, 0x40788e, 0x7fffaaad1a30)                                 = 58
903   0.000101 access("/usr/lib/jvm/java-6-openjdk-amd6"..., 0)                                                 = 0
903   0.000102 __strcpy_chk(0x7fffaaace760, 0x7fffaaad1a30, 4126, -1, 0x7fffaaacf7cf)                           = 0x7fffaaace760
903   0.000081 __strcat_chk(0x7fffaaace760, 0x407230, 4126, 0, 0xfefefefefefefeff)                              = 0x7fffaaace760
903   0.000082 __strcat_chk(0x7fffaaace760, 0x407811, 4126, 0, 0x7fffaaace784)                                  = 0x7fffaaace760
903   0.000071 __strcat_chk(0x7fffaaace760, 0x407236, 4126, 0, 0x7fffaaace789)                                  = 0x7fffaaace760
903   0.000067 fopen("/usr/lib/jvm/java-6-openjdk-amd6"..., "r")                                                = 0x121a090
903   0.000120 fgets("", 85504073, 0x121a170)                                                                   = 0x7fffaaacf780
903   0.000134 fgets("", 85504137, 0x121a170)                                                                   = 0x7fffaaacf780
903   0.000063 fgets("", 85504139, 0x121a170)                                                                   = 0x7fffaaacf780
903   0.000078 fgets("", 85504210, 0x121a170)                                                                   = 0x7fffaaacf780
903   0.000076 fgets("", 85504281, 0x121a170)                                                                   = 0x7fffaaacf780
903   0.000064 fgets("", 85504350, 0x121a170)                                                                   = 0x7fffaaacf780
903   0.000061 fgets("", 85504420, 0x121a170)                                                                   = 0x7fffaaacf780
903   0.000093 fgets("", 85504480, 0x121a170)                                                                   = 0x7fffaaacf780
903   0.000076 fgets("", 85504482, 0x121a170)                                                                   = 0x7fffaaacf780
903   0.000064 fgets("", 85504557, 0x121a170)                                                                   = 0x7fffaaacf780
903   0.000062 fgets("", 85504629, 0x121a170)                                                                   = 0x7fffaaacf780
903   0.000077 fgets("", 85504701, 0x121a170)                                                                   = 0x7fffaaacf780
903   0.000075 fgets("", 85504775, 0x121a170)                                                                   = 0x7fffaaacf780
903   0.000063 fgets("", 85504801, 0x121a170)                                                                   = 0x7fffaaacf780
903   0.000062 fgets("", 85504803, 0x121a170)                                                                   = 0x7fffaaacf780
903   0.000060 fgets("", 85504879, 0x121a170)                                                                   = 0x7fffaaacf780
903   0.000080 fgets("", 85504952, 0x121a170)                                                                   = 0x7fffaaacf780
903   0.000074 fgets("", 85505016, 0x121a170)                                                                   = 0x7fffaaacf780
903   0.000064 fgets("", 85505018, 0x121a170)                                                                   = 0x7fffaaacf780
903   0.000061 fgets("", 85505092, 0x121a170)                                                                   = 0x7fffaaacf780
903   0.000076 fgets("", 85505165, 0x121a170)                                                                   = 0x7fffaaacf780
903   0.000065 fgets("", 85505178, 0x121a170)                                                                   = 0x7fffaaacf780
903   0.000077 fgets("", 85505180, 0x121a170)                                                                   = 0x7fffaaacf780
903   0.000061 fgets("", 85505183, 0x121a170)                                                                   = 0x7fffaaacf780
903   0.000086 fgets("", 85505249, 0x121a170)                                                                   = 0x7fffaaacf780
903   0.000106 fgets("", 85505312, 0x121a170)                                                                   = 0x7fffaaacf780
903   0.000077 fgets("", 85505379, 0x121a170)                                                                   = 0x7fffaaacf780
903   0.000074 fgets("", 85505415, 0x121a170)                                                                   = 0x7fffaaacf780
903   0.000068 fgets("", 85505417, 0x121a170)                                                                   = 0x7fffaaacf780
903   0.000077 fgets("", 85505479, 0x121a170)                                                                   = 0x7fffaaacf780
903   0.000062 fgets("", 85505539, 0x121a170)                                                                   = 0x7fffaaacf780
903   0.000085 fgets("", 85505587, 0x121a170)                                                                   = 0x7fffaaacf780
903   0.000062 fgets("", 85505589, 0x121a170)                                                                   = 0x7fffaaacf780
903   0.000076 fgets("", 85505603, 0x121a170)                                                                   = 0x7fffaaacf780
903   0.000062 JLI_MemAlloc(320, 0x7f960518b643, 0, 0x7fffaaacf780, 1)                                          = 0x121a2d0
903   0.000084 JLI_MemFree(0, 134464, 0x7f960493f720, 0x400000, 3)                                              = 0
903   0.000069 strcspn("-server KNOWN", " \t")                                                                  = 7
903   0.000083 strspn("KNOWN", " \t")                                                                           = 0
903   0.000078 JLI_StringDup(0x7fffaaacf780, 0x7fffaaacf78d, 0x121a2d0, 0, 0)                                   = 0x121a420
903   0.000079 fgets("", 85505618, 0x121a170)                                                                   = 0x7fffaaacf780
903   0.000064 strcspn("-client IGNORE", " \t")                                                                 = 7
903   0.000060 strspn("IGNORE", " \t")                                                                          = 0
903   0.000069 JLI_StringDup(0x7fffaaacf780, 0x7fffaaacf78e, 0x121a2f0, 0, 0)                                   = 0x121a440
903   0.000075 fgets("", 85505633, 0x121a170)                                                                   = 0x7fffaaacf780
903   0.000062 strcspn("-hotspot ERROR", " \t")                                                                 = 8
903   0.000059 strspn("ERROR", " \t")                                                                           = 0
903   0.000060 JLI_StringDup(0x7fffaaacf780, 0x7fffaaacf78e, 0x121a310, 0, 0)                                   = 0x121a460
903   0.000081 fgets("", 85505647, 0x121a170)                                                                   = 0x7fffaaacf780
903   0.000077 strcspn("-classic WARN", " \t")                                                                  = 8
903   0.000060 strspn("WARN", " \t")                                                                            = 0
903   0.000057 JLI_StringDup(0x7fffaaacf780, 0x7fffaaacf78d, 0x121a330, 0, 0)                                   = 0x121a480
903   0.000078 fgets("", 85505661, 0x121a170)                                                                   = 0x7fffaaacf780
903   0.000077 strcspn("-native ERROR", " \t")                                                                  = 7
903   0.000065 strspn("ERROR", " \t")                                                                           = 0
903   0.000058 JLI_StringDup(0x7fffaaacf780, 0x7fffaaacf78d, 0x121a350, 0, 0)                                   = 0x121a4a0
903   0.000069 fgets("", 85505674, 0x121a170)                                                                   = 0x7fffaaacf780
903   0.000075 strcspn("-green ERROR", " \t")                                                                   = 6
903   0.000072 strspn("ERROR", " \t")                                                                           = 0
903   0.000061 JLI_StringDup(0x7fffaaacf780, 0x7fffaaacf78c, 0x121a370, 0, 0)                                   = 0x121a4c0
903   0.000068 fgets("", 85505687, 0x121a170)                                                                   = 0x7fffaaacf780
903   0.000076 strcspn("-jamvm KNOWN", " \t")                                                                   = 6
903   0.000061 strspn("KNOWN", " \t")                                                                           = 0
903   0.000058 JLI_StringDup(0x7fffaaacf780, 0x7fffaaacf78c, 0x121a390, 0, 0)                                   = 0x121a4e0
903   0.000082 fgets("", 85505700, 0x121a170)                                                                   = 0x7fffaaacf780
903   0.000077 strcspn("-cacao KNOWN", " \t")                                                                   = 6
903   0.000060 strspn("KNOWN", " \t")                                                                           = 0
903   0.000057 JLI_StringDup(0x7fffaaacf780, 0x7fffaaacf78c, 0x121a3b0, 0, 0)                                   = 0x121a500
903   0.000068 fgets("", 85505712, 0x121a170)                                                                   = 0x7fffaaacf780
903   0.000074 strcspn("-zero KNOWN", " \t")                                                                    = 5
903   0.000066 strspn("KNOWN", " \t")                                                                           = 0
903   0.000057 JLI_StringDup(0x7fffaaacf780, 0x7fffaaacf78b, 0x121a3d0, 0, 0)                                   = 0x121a520
903   0.000069 fgets("", 85505725, 0x121a170)                                                                   = 0x7fffaaacf780
903   0.000070 strcspn("-shark ERROR", " \t")                                                                   = 6
903   0.000076 strspn("ERROR", " \t")                                                                           = 0
903   0.000074 JLI_StringDup(0x7fffaaacf780, 0x7fffaaacf78c, 0x121a3f0, 0, 0)                                   = 0x121a540
903   0.000078 fgets("\377\377\377\377\377\377\377\377\377\377\377\377\377\377\377\377\377\377\377\377\377\377\377\377\377\377\377\377\377\377\377\377"..., 85504000, 0x121a170) = NULL
903   0.000098 fclose(0x121a090)                                                                                = 0
903   0.000112 getenv("JDK_ALTERNATE_VM")                                                                       = NULL
903   0.000064 JLI_MemAlloc(24, 0xffffff80, 7, 74, 0x7f9605180700)                                              = 0x121a090
903   0.000091 strchr("server", '/')                                                                            = NULL
903   0.000103 __sprintf_chk(0x7fffaaad2a30, 1, -1, 0x4078da, 0x7fffaaad1a30)                                   = 64
903   0.000087 __xstat(1, "/usr/lib/jvm/java-6-openjdk-amd6"..., 0x7fffaaad0840)                                = 0
903   0.000103 getenv("LD_LIBRARY_PATH")                                                                        = "/usr/lib/jvm/java-6-openjdk-amd6"...
903   0.000083 getgid()                                                                                         = 1000
903   0.000081 getegid()                                                                                        = 1000
903   0.000073 getuid()                                                                                         = 1000
903   0.000106 geteuid()                                                                                        = 1000
903   0.000068 JLI_StringDup(0x7fffaaad2a30, 0x407911, 13, -1, 0x7fffaaad2a66)                                  = 0x121a0b0
903   0.000081 strlen("/usr/lib/jvm/java-6-openjdk-amd6"...)                                                    = 153
903   0.000080 strlen("amd64")                                                                                  = 5
903   0.000060 strlen("/usr/lib/jvm/java-6-openjdk-amd6"...)                                                    = 37
903   0.000061 strlen("/usr/lib/jvm/java-6-openjdk-amd6"...)                                                    = 64
903   0.000061 JLI_MemAlloc(353, 0x7fffaaad2a71, 0, 48, 0x2f3436646d612f62)                                     = 0x121a100
903   0.000084 strrchr("/usr/lib/jvm/java-6-openjdk-amd6"..., '/')                                              = "/libjvm.so"
903   0.000080 __sprintf_chk(0x121a100, 1, -1, 0x407b90, 0x121a0b0)                                             = 169
903   0.000074 strlen("/usr/lib/jvm/java-6-openjdk-amd6"...)                                                    = 153
903   0.000080 strncmp("/usr/lib/jvm/java-6-openjdk-amd6"..., "/usr/lib/jvm/java-6-openjdk-amd6"..., 153)       = 0
903   0.000069 dlopen("/usr/lib/jvm/java-6-openjdk-amd6"..., 258)                                               = 0x0121a5b0
903   0.003821 dlsym(0x0121a5b0, "JNI_CreateJavaVM")                                                            = 0x7f9603c021e0
903   0.000084 dlsym(0x0121a5b0, "JNI_GetDefaultJavaVMInitArgs")                                                = 0x7f9603c021a0
903   0.000080 getenv("CLASSPATH")                                                                              = NULL
903   0.000080 JLI_WildcardExpandClasspath(0x40790d, 0x407075, 0x40790d, 65, 65535)                             = 0x40790d
903   0.000092 strlen(".")                                                                                      = 1
903   0.000078 JLI_MemAlloc(41, 0, 1, 13, 0x407900)                                                             = 0x121c900
903   0.000074 __sprintf_chk(0x121c900, 1, -1, 0x406f36, 0x40790d)                                              = 19
903   0.000112 JLI_MemAlloc(64, 0, 0x121c913, 0, 0x406f4a)                                                      = 0x121c940
903   0.000092 JLI_StrCCmp(0x121c900, 0x406d53, 0, 2, 5)                                                        = 0xffffffec
903   0.000079 JLI_MemAlloc(33, -1, 0, 14, 5)                                                                   = 0x121c990
903   0.000084 strcat("-Dsun.java.command=", "ThreadSpawner")                                                   = "-Dsun.java.command=ThreadSpawner"
903   0.000082 JLI_StrCCmp(0x121c990, 0x406d53, 16, 2, 3)                                                       = 0xffffffec
903   0.000086 JLI_StrCCmp(0x407628, 0x406d53, 32, 2, 3)                                                        = 0xffffffec
903   0.000081 JLI_MemAlloc(45, 0x406d53, 1, 88, 3)                                                             = 0x121c9c0
903   0.000075 getpid()                                                                                         = 903
903   0.000071 __sprintf_chk(0x121c9c0, 1, -1, 0x407a3f, 0x407a26)                                              = 27
903   0.000075 JLI_StrCCmp(0x121c9c0, 0x406d53, 48, 2, 0x407a43)                                                = 0xffffffec
903   0.000081 getenv("_JAVA_SPLASH_JAR")                                                                       = NULL
903   0.000079 getenv("_JAVA_SPLASH_FILE")                                                                      = NULL
903   0.000062 strchr("_JAVA_VERSION_SET", '=')                                                                 = NULL
903   0.000062 strchr("_JAVA_SPLASH_FILE", '=')                                                                 = NULL
903   0.000059 strchr("_JAVA_SPLASH_JAR", '=')                                                                  = NULL
903   0.000077 JLI_MemFree(0, 0, 76, 95, 0x7f9604942548)                                                        = 0
903   0.000069 JLI_MemFree(0, 0, 76, 95, 0x7f9604942548)                                                        = 0
903   0.000088 pthread_attr_init(0x7fffaaad08a0, 0x100000, 0x7fffaaad09c0, 0, 0x7f9604942548)                   = 0
903   0.000096 pthread_attr_setdetachstate(0x7fffaaad08a0, 0, 0, 0, 0x7f9604942548)                             = 0
903   0.000073 pthread_attr_setstacksize(0x7fffaaad08a0, 0x100000, 0, 0, 0x7f9604942548)                        = 0
903   0.000073 pthread_create(0x7fffaaad0890, 0x7fffaaad08a0, 0x403d70, 0x7fffaaad09c0, 0x7f9604942548)         = 0
903   0.000262 pthread_join(0x7f960517e700, 0x7fffaaad0898, 0x7f960517e9d0, -1, 0x7f960517e700 <unfinished ...>
904   0.258750 JLI_MemFree(0x121c940, 0, 0x7f9604350bb8, -1, 0x7f960436ac80)                                    = 0
904   0.000169 JLI_MemFree(0x121a420, 10, 0, 0x7f960493f740, 0x7f960436ac80)                                    = 0x121c700
904   0.000163 JLI_MemFree(0x121a440, 0xffffffff, 0x121c700, 0x7f960493f728, 0x7f960436ac80)                    = 0x121a410
904   0.000098 JLI_MemFree(0x121a460, 0xffffffff, 0x121a410, 0x7f960493f728, 0x7f960436ac80)                    = 0x121a430
904   0.000078 JLI_MemFree(0x121a480, 0xffffffff, 0x121a430, 0x7f960493f728, 0x7f960436ac80)                    = 0x121a450
904   0.000087 JLI_MemFree(0x121a4a0, 0xffffffff, 0x121a450, 0x7f960493f728, 0x7f960436ac80)                    = 0x121a470
904   0.000122 JLI_MemFree(0x121a4c0, 0xffffffff, 0x121a470, 0x7f960493f728, 0x7f960436ac80)                    = 0x121a490
904   0.000124 JLI_MemFree(0x121a4e0, 0xffffffff, 0x121a490, 0x7f960493f728, 0x7f960436ac80)                    = 0x121a4b0
904   0.000198 JLI_MemFree(0x121a500, 0xffffffff, 0x121a4b0, 0x7f960493f728, 0x7f960436ac80)                    = 0x121a4d0
904   0.000111 JLI_MemFree(0x121a520, 0xffffffff, 0x121a4d0, 0x7f960493f728, 0x7f960436ac80)                    = 0x121a4f0
904   0.000078 JLI_MemFree(0x121a540, 0xffffffff, 0x121a4f0, 0x7f960493f728, 0x7f960436ac80)                    = 0x121a510
904   0.000074 JLI_MemFree(0x121a2d0, 0xffffffff, 0x121a510, 0x7f960493f728, 0x7f960436ac80)                    = 337
904   0.000091 dlsym(NULL, "JVM_FindClassFromBootLoader")                                                       = 0x7f9603c1bf30
904   0.001549 strlen("ThreadSpawner")                                                                          = 13
915   0.102373 +++ exited (status 0) +++
916   0.001007 +++ exited (status 0) +++
917   0.001987 +++ exited (status 0) +++
918   0.001540 +++ exited (status 0) +++
914   0.009323 +++ exited (status 0) +++
910   0.000339 +++ exited (status 0) +++
907   0.000485 +++ exited (status 0) +++
904   0.000239 +++ exited (status 0) +++
903   0.000080 <... pthread_join resumed> )                                                                     = 0
903   0.000043 pthread_attr_destroy(0x7fffaaad08a0, 0x7f9604f67250, 0x7f960517e700, 0x7f96007839c0, 0)          = 0
913   0.000388 +++ exited (status 0) +++
912   0.000017 +++ exited (status 0) +++
909   0.000011 +++ exited (status 0) +++
908   0.000012 +++ exited (status 0) +++
906   0.000011 +++ exited (status 0) +++
905   0.000009 +++ exited (status 0) +++
911   0.002463 +++ exited (status 0) +++
903   0.000036 +++ exited (status 0) +++
