15566   0.000000 __libc_start_main(0x400db2, 1, 0x7fff42968048, 0x4019a0, 0x401a30 <unfinished ...>
15566   0.000078 _ZNSt8ios_base4InitC1Ev(0x60326c, 65535, 0x7fff42968058, 128, 0x401a30)                        = 0
15566   0.000218 __cxa_atexit(0x400ba0, 0x60326c, 0x603090, 0x7fff42967e20, 0x7f7b7700f660)                     = 0
15566   0.000078 _Znwm(24, 0x7fff42967ed0, 0x7fff42967ed0, 0x7fff42967e78, 0x7f7b7700f660)                      = 0x167fc20
15566   0.000080 _ZNSt6thread15_M_start_threadESt10unique_ptrINS_6_StateESt14default_deleteIS1_EEPFvvE(0x7fff42967f20, 0x7fff42967ec0, 0x400bd0, 0x7fff42967ec0, 3) = 0
15566   0.000224 _ZNSt6thread4joinEv(0x7fff42967f30, 0, 0, -1, 0x7f7b7620f700 <unfinished ...>
15567   0.000115 _ZStlsISt11char_traitsIcEERSt13basic_ostreamIcT_ES5_PKc(0x6030c0, 0x401a4c, 0xfa47a52bbd8f5fef, 0x7f7b7620f700, 0x7f7b7620f700) = 0x6030c0
15567   0.000165 _ZNSolsEi(0x6030c0, 0, 0x6030c0, 1024, 0x7f7b76ae2a90)                                         = 0x6030c0
15567   0.000091 _ZNSolsEPFRSoS_E(0x6030c0, 0x400c20, 0x7f7b77009b10, 0, 0x7f7b76ae2a90 <unfinished ...>
15567   0.000053 _ZSt4endlIcSt11char_traitsIcEERSt13basic_ostreamIT_T0_ES6_(0x6030c0, 0x400c20, 0x7f7b77009b10, 0, 0x7f7b76ae2a90) = 0x6030c0
15567   0.000230 _ZNSt6thread6_StateD2Ev(0x167fc20, 0x7f7b76ae2a90, 0x401a70, -1, 0x7f7b7620f700)               = 0x167fc20
15567   0.000077 _ZdlPv(0x167fc20, 0x7f7b76ae2a90, 0x401a70, -1, 0x7f7b7620f700)                                = 0
15567   0.000134 +++ exited (status 0) +++
15566   0.000093 <... _ZNSt6thread4joinEv resumed> )                                                            = 0
15566   0.000032 _Znwm(24, 0x7fff42967ed0, 0x7fff42967ed0, 0x7fff42967e78, 0)                                   = 0x167fc20
15566   0.000078 _ZNSt6thread15_M_start_threadESt10unique_ptrINS_6_StateESt14default_deleteIS1_EEPFvvE(0x7fff42967f20, 0x7fff42967ec0, 0x400bd0, 0x7fff42967ec0, 0) = 0
15566   0.000228 _ZNSt6thread4joinEv(0x7fff42967f38, 0, 8, -1, 0x7f7b7620f700 <unfinished ...>
15568   0.000038 _ZStlsISt11char_traitsIcEERSt13basic_ostreamIcT_ES5_PKc(0x6030c0, 0x401a4c, 0xfa47a52bbd8f5fef, 0x7f7b7620f700, 0x7f7b7620f700) = 0x6030c0
15568   0.000100 _ZNSolsEi(0x6030c0, 1, 0x6030c0, 1, 0x7f7b76ae2a90)                                            = 0x6030c0
15568   0.000078 _ZNSolsEPFRSoS_E(0x6030c0, 0x400c20, 0x7f7b77009b10, 0, 0x7f7b76ae2a90 <unfinished ...>
15568   0.000047 _ZSt4endlIcSt11char_traitsIcEERSt13basic_ostreamIT_T0_ES6_(0x6030c0, 0x400c20, 0x7f7b77009b10, 0, 0x7f7b76ae2a90) = 0x6030c0
15568   0.000170 _ZNSt6thread6_StateD2Ev(0x167fc20, 0x7f7b76ae2a90, 0x401a70, -1, 0x7f7b7620f700)               = 0x167fc20
15568   0.000073 _ZdlPv(0x167fc20, 0x7f7b76ae2a90, 0x401a70, -1, 0x7f7b7620f700)                                = 0
15568   0.000129 +++ exited (status 0) +++
15566   0.000059 <... _ZNSt6thread4joinEv resumed> )                                                            = 0
15566   0.000036 _Znwm(24, 0x7fff42967ed0, 0x7fff42967ed0, 0x7fff42967e78, 0)                                   = 0x167fc20
15566   0.000101 _ZNSt6thread15_M_start_threadESt10unique_ptrINS_6_StateESt14default_deleteIS1_EEPFvvE(0x7fff42967f20, 0x7fff42967ec0, 0x400bd0, 0x7fff42967ec0, 0) = 0
15566   0.000169 _ZNSt6thread4joinEv(0x7fff42967f40, 0, 16, -1, 0x7f7b7620f700 <unfinished ...>
15569   0.000058 _ZStlsISt11char_traitsIcEERSt13basic_ostreamIcT_ES5_PKc(0x6030c0, 0x401a4c, 0xfa47a52bbd8f5fef, 0x7f7b7620f700, 0x7f7b7620f700) = 0x6030c0
15569   0.000122 _ZNSolsEi(0x6030c0, 2, 0x6030c0, 1, 0x7f7b76ae2a90)                                            = 0x6030c0
15569   0.000078 _ZNSolsEPFRSoS_E(0x6030c0, 0x400c20, 0x7f7b77009b10, 0, 0x7f7b76ae2a90 <unfinished ...>
15569   0.000048 _ZSt4endlIcSt11char_traitsIcEERSt13basic_ostreamIT_T0_ES6_(0x6030c0, 0x400c20, 0x7f7b77009b10, 0, 0x7f7b76ae2a90) = 0x6030c0
15569   0.000154 _ZNSt6thread6_StateD2Ev(0x167fc20, 0x7f7b76ae2a90, 0x401a70, -1, 0x7f7b7620f700)               = 0x167fc20
15569   0.000071 _ZdlPv(0x167fc20, 0x7f7b76ae2a90, 0x401a70, -1, 0x7f7b7620f700)                                = 0
15569   0.000128 +++ exited (status 0) +++
15566   0.000094 <... _ZNSt6thread4joinEv resumed> )                                                            = 0
15566   0.000033 _Znwm(24, 0x7fff42967ed0, 0x7fff42967ed0, 0x7fff42967e78, 0)                                   = 0x167fc20
15566   0.000090 _ZNSt6thread15_M_start_threadESt10unique_ptrINS_6_StateESt14default_deleteIS1_EEPFvvE(0x7fff42967f20, 0x7fff42967ec0, 0x400bd0, 0x7fff42967ec0, 0) = 0
15566   0.000188 _ZNSt6thread4joinEv(0x7fff42967f48, 0, 24, -1, 0x7f7b7620f700 <unfinished ...>
15570   0.000060 _ZStlsISt11char_traitsIcEERSt13basic_ostreamIcT_ES5_PKc(0x6030c0, 0x401a4c, 0xfa47a52bbd8f5fef, 0x7f7b7620f700, 0x7f7b7620f700) = 0x6030c0
15570   0.000144 _ZNSolsEi(0x6030c0, 3, 0x6030c0, 1, 0x7f7b76ae2a90)                                            = 0x6030c0
15570   0.000104 _ZNSolsEPFRSoS_E(0x6030c0, 0x400c20, 0x7f7b77009b10, 0, 0x7f7b76ae2a90 <unfinished ...>
15570   0.000050 _ZSt4endlIcSt11char_traitsIcEERSt13basic_ostreamIT_T0_ES6_(0x6030c0, 0x400c20, 0x7f7b77009b10, 0, 0x7f7b76ae2a90) = 0x6030c0
15570   0.000130 _ZNSt6thread6_StateD2Ev(0x167fc20, 0x7f7b76ae2a90, 0x401a70, -1, 0x7f7b7620f700)               = 0x167fc20
15570   0.000073 _ZdlPv(0x167fc20, 0x7f7b76ae2a90, 0x401a70, -1, 0x7f7b7620f700)                                = 0
15570   0.000119 +++ exited (status 0) +++
15566   0.000057 <... _ZNSt6thread4joinEv resumed> )                                                            = 0
15566   0.000028 _ZNSt8ios_base4InitD1Ev(0x60326c, 0, 0x7f7b76ae1ff0, 4, 0)                                     = 0x7f7b7700e440
15566   0.000254 +++ exited (status 0) +++
