18756   0.000000 __libc_start_main(0x400db2, 1, 0x7fff20a07fe8, 0x4019a0, 0x401a30 <unfinished ...>
18756   0.000093 _ZNSt8ios_base4InitC1Ev(0x60326c, 65535, 0x7fff20a07ff8, 128, 0x401a30)                        = 0
18756   0.000218 __cxa_atexit(0x400ba0, 0x60326c, 0x603090, 0x7fff20a07dc0, 0x7f0a19920660)                     = 0
18756   0.000078 _Znwm(24, 0x7fff20a07e70, 0x7fff20a07e70, 0x7fff20a07e18, 0x7f0a19920660)                      = 0x15f5c20
18756   0.000081 _ZNSt6thread15_M_start_threadESt10unique_ptrINS_6_StateESt14default_deleteIS1_EEPFvvE(0x7fff20a07ec0, 0x7fff20a07e60, 0x400bd0, 0x7fff20a07e60, 3) = 0
18756   0.000271 _ZNSt6thread4joinEv(0x7fff20a07ed0, 0, 0, -1, 0x7f0a18b20700 <unfinished ...>
18757   0.000106 _ZStlsISt11char_traitsIcEERSt13basic_ostreamIcT_ES5_PKc(0x6030c0, 0x401a4c, 0x1a2124033eb2f6f6, 0x7f0a18b20700, 0x7f0a18b20700) = 0x6030c0
18757   0.000202 _ZNSolsEi(0x6030c0, 0, 0x6030c0, 1024, 0x7f0a193f3a90)                                         = 0x6030c0
18757   0.000090 _ZNSolsEPFRSoS_E(0x6030c0, 0x400c20, 0x7f0a1991ab10, 0, 0x7f0a193f3a90 <unfinished ...>
18757   0.000054 _ZSt4endlIcSt11char_traitsIcEERSt13basic_ostreamIT_T0_ES6_(0x6030c0, 0x400c20, 0x7f0a1991ab10, 0, 0x7f0a193f3a90) = 0x6030c0
18757   0.000187 _ZNSt6thread6_StateD2Ev(0x15f5c20, 0x7f0a193f3a90, 0x401a70, -1, 0x7f0a18b20700)               = 0x15f5c20
18757   0.000085 _ZdlPv(0x15f5c20, 0x7f0a193f3a90, 0x401a70, -1, 0x7f0a18b20700)                                = 0
18757   0.000139 +++ exited (status 0) +++
18756   0.000071 <... _ZNSt6thread4joinEv resumed> )                                                            = 0
18756   0.000026 _Znwm(24, 0x7fff20a07e70, 0x7fff20a07e70, 0x7fff20a07e18, 0)                                   = 0x15f5c20
18756   0.000073 _ZNSt6thread15_M_start_threadESt10unique_ptrINS_6_StateESt14default_deleteIS1_EEPFvvE(0x7fff20a07ec0, 0x7fff20a07e60, 0x400bd0, 0x7fff20a07e60, 0) = 0
18758   0.000219 _ZStlsISt11char_traitsIcEERSt13basic_ostreamIcT_ES5_PKc(0x6030c0, 0x401a4c, 0x1a2124033eb2f6f6, 0x7f0a18b20700, 0x7f0a18b20700 <unfinished ...>
18756   0.000038 _ZNSt6thread4joinEv(0x7fff20a07ed8, 0, 8, -1, 0x7f0a18b20700 <unfinished ...>
18758   0.000109 <... _ZStlsISt11char_traitsIcEERSt13basic_ostreamIcT_ES5_PKc resumed> )                        = 0x6030c0
18758   0.000041 _ZNSolsEi(0x6030c0, 1, 0x6030c0, 1, 0x7f0a193f3a90)                                            = 0x6030c0
18758   0.000087 _ZNSolsEPFRSoS_E(0x6030c0, 0x400c20, 0x7f0a1991ab10, 0, 0x7f0a193f3a90 <unfinished ...>
18758   0.000047 _ZSt4endlIcSt11char_traitsIcEERSt13basic_ostreamIT_T0_ES6_(0x6030c0, 0x400c20, 0x7f0a1991ab10, 0, 0x7f0a193f3a90) = 0x6030c0
18758   0.000153 _ZNSt6thread6_StateD2Ev(0x15f5c20, 0x7f0a193f3a90, 0x401a70, -1, 0x7f0a18b20700)               = 0x15f5c20
18758   0.000075 _ZdlPv(0x15f5c20, 0x7f0a193f3a90, 0x401a70, -1, 0x7f0a18b20700)                                = 0
18758   0.000120 +++ exited (status 0) +++
18756   0.000068 <... _ZNSt6thread4joinEv resumed> )                                                            = 0
18756   0.000026 _Znwm(24, 0x7fff20a07e70, 0x7fff20a07e70, 0x7fff20a07e18, 0)                                   = 0x15f5c20
18756   0.000072 _ZNSt6thread15_M_start_threadESt10unique_ptrINS_6_StateESt14default_deleteIS1_EEPFvvE(0x7fff20a07ec0, 0x7fff20a07e60, 0x400bd0, 0x7fff20a07e60, 0) = 0
18759   0.000209 _ZStlsISt11char_traitsIcEERSt13basic_ostreamIcT_ES5_PKc(0x6030c0, 0x401a4c, 0x1a2124033eb2f6f6, 0x7f0a18b20700, 0x7f0a18b20700 <unfinished ...>
18756   0.000036 _ZNSt6thread4joinEv(0x7fff20a07ee0, 0, 16, -1, 0x7f0a18b20700 <unfinished ...>
18759   0.000093 <... _ZStlsISt11char_traitsIcEERSt13basic_ostreamIcT_ES5_PKc resumed> )                        = 0x6030c0
18759   0.000053 _ZNSolsEi(0x6030c0, 2, 0x6030c0, 1, 0x7f0a193f3a90)                                            = 0x6030c0
18759   0.000085 _ZNSolsEPFRSoS_E(0x6030c0, 0x400c20, 0x7f0a1991ab10, 0, 0x7f0a193f3a90 <unfinished ...>
18759   0.000047 _ZSt4endlIcSt11char_traitsIcEERSt13basic_ostreamIT_T0_ES6_(0x6030c0, 0x400c20, 0x7f0a1991ab10, 0, 0x7f0a193f3a90) = 0x6030c0
18759   0.000159 _ZNSt6thread6_StateD2Ev(0x15f5c20, 0x7f0a193f3a90, 0x401a70, -1, 0x7f0a18b20700)               = 0x15f5c20
18759   0.000075 _ZdlPv(0x15f5c20, 0x7f0a193f3a90, 0x401a70, -1, 0x7f0a18b20700)                                = 0
18759   0.000119 +++ exited (status 0) +++
18756   0.000138 <... _ZNSt6thread4joinEv resumed> )                                                            = 0
18756   0.000038 _Znwm(24, 0x7fff20a07e70, 0x7fff20a07e70, 0x7fff20a07e18, 0)                                   = 0x15f5c20
18756   0.000075 _ZNSt6thread15_M_start_threadESt10unique_ptrINS_6_StateESt14default_deleteIS1_EEPFvvE(0x7fff20a07ec0, 0x7fff20a07e60, 0x400bd0, 0x7fff20a07e60, 0) = 0
18756   0.000198 _ZNSt6thread4joinEv(0x7fff20a07ee8, 0, 24, -1, 0x7f0a18b20700 <unfinished ...>
18760   0.000043 _ZStlsISt11char_traitsIcEERSt13basic_ostreamIcT_ES5_PKc(0x6030c0, 0x401a4c, 0x1a2124033eb2f6f6, 0x7f0a18b20700, 0x7f0a18b20700) = 0x6030c0
18760   0.000164 _ZNSolsEi(0x6030c0, 3, 0x6030c0, 1, 0x7f0a193f3a90)                                            = 0x6030c0
18760   0.000077 _ZNSolsEPFRSoS_E(0x6030c0, 0x400c20, 0x7f0a1991ab10, 0, 0x7f0a193f3a90 <unfinished ...>
18760   0.000048 _ZSt4endlIcSt11char_traitsIcEERSt13basic_ostreamIT_T0_ES6_(0x6030c0, 0x400c20, 0x7f0a1991ab10, 0, 0x7f0a193f3a90) = 0x6030c0
18760   0.000159 _ZNSt6thread6_StateD2Ev(0x15f5c20, 0x7f0a193f3a90, 0x401a70, -1, 0x7f0a18b20700)               = 0x15f5c20
18760   0.000076 _ZdlPv(0x15f5c20, 0x7f0a193f3a90, 0x401a70, -1, 0x7f0a18b20700)                                = 0
18760   0.000120 +++ exited (status 0) +++
18756   0.000065 <... _ZNSt6thread4joinEv resumed> )                                                            = 0
18756   0.000038 _ZNSt8ios_base4InitD1Ev(0x60326c, 0, 0x7f0a193f2ff0, 4, 0)                                     = 0x7f0a1991f440
18756   0.000219 +++ exited (status 0) +++
