18750      0.000000 execve("./thread_spawner.bin", ["./thread_spawner.bin"], [/* 17 vars */]) = 0
18750      0.000392 brk(0)              = 0x1c01000
18750      0.000078 access("/etc/ld.so.nohwcap", F_OK) = -1 ENOENT (No such file or directory)
18750      0.000087 mmap(NULL, 8192, PROT_READ|PROT_WRITE, MAP_PRIVATE|MAP_ANONYMOUS, -1, 0) = 0x7f0368c6a000
18750      0.000076 access("/etc/ld.so.preload", R_OK) = -1 ENOENT (No such file or directory)
18750      0.000069 open("/etc/ld.so.cache", O_RDONLY|O_CLOEXEC) = 3
18750      0.000062 fstat(3, {st_mode=S_IFREG|0644, st_size=32642, ...}) = 0
18750      0.000081 mmap(NULL, 32642, PROT_READ, MAP_PRIVATE, 3, 0) = 0x7f0368c62000
18750      0.000068 close(3)            = 0
18750      0.000046 access("/etc/ld.so.nohwcap", F_OK) = -1 ENOENT (No such file or directory)
18750      0.000056 open("/usr/lib/x86_64-linux-gnu/libstdc++.so.6", O_RDONLY|O_CLOEXEC) = 3
18750      0.000056 read(3, "\177ELF\2\1\1\0\0\0\0\0\0\0\0\0\3\0>\0\1\0\0\0\360h\6\0\0\0\0\0"..., 832) = 832
18750      0.000078 fstat(3, {st_mode=S_IFREG|0644, st_size=1114312, ...}) = 0
18750      0.000069 mmap(NULL, 3222432, PROT_READ|PROT_EXEC, MAP_PRIVATE|MAP_DENYWRITE, 3, 0) = 0x7f0368737000
18750      0.000044 mprotect(0x7f036883e000, 2093056, PROT_NONE) = 0
18750      0.000042 mmap(0x7f0368a3d000, 40960, PROT_READ|PROT_WRITE, MAP_PRIVATE|MAP_FIXED|MAP_DENYWRITE, 3, 0x106000) = 0x7f0368a3d000
18750      0.000059 mmap(0x7f0368a47000, 11168, PROT_READ|PROT_WRITE, MAP_PRIVATE|MAP_FIXED|MAP_ANONYMOUS, -1, 0) = 0x7f0368a47000
18750      0.000056 close(3)            = 0
18750      0.000047 access("/etc/ld.so.nohwcap", F_OK) = -1 ENOENT (No such file or directory)
18750      0.000056 open("/lib/x86_64-linux-gnu/libgcc_s.so.1", O_RDONLY|O_CLOEXEC) = 3
18750      0.000070 read(3, "\177ELF\2\1\1\0\0\0\0\0\0\0\0\0\3\0>\0\1\0\0\0\260*\0\0\0\0\0\0"..., 832) = 832
18750      0.000053 fstat(3, {st_mode=S_IFREG|0644, st_size=92472, ...}) = 0
18750      0.000056 mmap(NULL, 2188336, PROT_READ|PROT_EXEC, MAP_PRIVATE|MAP_DENYWRITE, 3, 0) = 0x7f0368520000
18750      0.000040 mprotect(0x7f0368536000, 2093056, PROT_NONE) = 0
18750      0.000043 mmap(0x7f0368735000, 8192, PROT_READ|PROT_WRITE, MAP_PRIVATE|MAP_FIXED|MAP_DENYWRITE, 3, 0x15000) = 0x7f0368735000
18750      0.000071 close(3)            = 0
18750      0.000053 access("/etc/ld.so.nohwcap", F_OK) = -1 ENOENT (No such file or directory)
18750      0.000056 open("/lib/x86_64-linux-gnu/libc.so.6", O_RDONLY|O_CLOEXEC) = 3
18750      0.000064 read(3, "\177ELF\2\1\1\0\0\0\0\0\0\0\0\0\3\0>\0\1\0\0\0\0\31\2\0\0\0\0\0"..., 832) = 832
18750      0.000056 fstat(3, {st_mode=S_IFREG|0755, st_size=1807032, ...}) = 0
18750      0.000055 mmap(NULL, 4096, PROT_READ|PROT_WRITE, MAP_PRIVATE|MAP_ANONYMOUS, -1, 0) = 0x7f0368c61000
18750      0.000052 mmap(NULL, 3921080, PROT_READ|PROT_EXEC, MAP_PRIVATE|MAP_DENYWRITE, 3, 0) = 0x7f0368162000
18750      0.000042 mprotect(0x7f0368316000, 2093056, PROT_NONE) = 0
18750      0.000045 mmap(0x7f0368515000, 24576, PROT_READ|PROT_WRITE, MAP_PRIVATE|MAP_FIXED|MAP_DENYWRITE, 3, 0x1b3000) = 0x7f0368515000
18750      0.000055 mmap(0x7f036851b000, 17592, PROT_READ|PROT_WRITE, MAP_PRIVATE|MAP_FIXED|MAP_ANONYMOUS, -1, 0) = 0x7f036851b000
18750      0.000058 close(3)            = 0
18750      0.000045 access("/etc/ld.so.nohwcap", F_OK) = -1 ENOENT (No such file or directory)
18750      0.000050 open("/lib/x86_64-linux-gnu/libpthread.so.0", O_RDONLY|O_CLOEXEC) = 3
18750      0.000054 read(3, "\177ELF\2\1\1\0\0\0\0\0\0\0\0\0\3\0>\0\1\0\0\0\200l\0\0\0\0\0\0"..., 832) = 832
18750      0.000053 fstat(3, {st_mode=S_IFREG|0755, st_size=135366, ...}) = 0
18750      0.000066 mmap(NULL, 2212904, PROT_READ|PROT_EXEC, MAP_PRIVATE|MAP_DENYWRITE, 3, 0) = 0x7f0367f45000
18750      0.000051 mprotect(0x7f0367f5d000, 2093056, PROT_NONE) = 0
18750      0.000072 mmap(0x7f036815c000, 8192, PROT_READ|PROT_WRITE, MAP_PRIVATE|MAP_FIXED|MAP_DENYWRITE, 3, 0x17000) = 0x7f036815c000
18750      0.000090 mmap(0x7f036815e000, 13352, PROT_READ|PROT_WRITE, MAP_PRIVATE|MAP_FIXED|MAP_ANONYMOUS, -1, 0) = 0x7f036815e000
18750      0.000067 close(3)            = 0
18750      0.000048 access("/etc/ld.so.nohwcap", F_OK) = -1 ENOENT (No such file or directory)
18750      0.000055 open("/lib/x86_64-linux-gnu/libm.so.6", O_RDONLY|O_CLOEXEC) = 3
18750      0.000054 read(3, "\177ELF\2\1\1\0\0\0\0\0\0\0\0\0\3\0>\0\1\0\0\0pU\0\0\0\0\0\0"..., 832) = 832
18750      0.000053 fstat(3, {st_mode=S_IFREG|0644, st_size=1030512, ...}) = 0
18750      0.000054 mmap(NULL, 3125544, PROT_READ|PROT_EXEC, MAP_PRIVATE|MAP_DENYWRITE, 3, 0) = 0x7f0367c49000
18750      0.000044 mprotect(0x7f0367d44000, 2093056, PROT_NONE) = 0
18750      0.000046 mmap(0x7f0367f43000, 8192, PROT_READ|PROT_WRITE, MAP_PRIVATE|MAP_FIXED|MAP_DENYWRITE, 3, 0xfa000) = 0x7f0367f43000
18750      0.000062 close(3)            = 0
18750      0.000069 mmap(NULL, 4096, PROT_READ|PROT_WRITE, MAP_PRIVATE|MAP_ANONYMOUS, -1, 0) = 0x7f0368c60000
18750      0.000071 mmap(NULL, 4096, PROT_READ|PROT_WRITE, MAP_PRIVATE|MAP_ANONYMOUS, -1, 0) = 0x7f0368c5f000
18750      0.000058 mmap(NULL, 8192, PROT_READ|PROT_WRITE, MAP_PRIVATE|MAP_ANONYMOUS, -1, 0) = 0x7f0368c5d000
18750      0.000061 arch_prctl(ARCH_SET_FS, 0x7f0368c5d740) = 0
18750      0.000174 mprotect(0x7f0368515000, 16384, PROT_READ) = 0
18750      0.000081 mprotect(0x7f0367f43000, 4096, PROT_READ) = 0
18750      0.000060 mprotect(0x7f036815c000, 4096, PROT_READ) = 0
18750      0.000046 mprotect(0x7f0368735000, 4096, PROT_READ) = 0
18750      0.000831 mmap(NULL, 4096, PROT_READ|PROT_WRITE, MAP_PRIVATE|MAP_ANONYMOUS, -1, 0) = 0x7f0368c5c000
18750      0.000152 mprotect(0x7f0368a3d000, 32768, PROT_READ) = 0
18750      0.000061 mprotect(0x602000, 4096, PROT_READ) = 0
18750      0.000048 mprotect(0x7f0368c6c000, 4096, PROT_READ) = 0
18750      0.000047 munmap(0x7f0368c62000, 32642) = 0
18750      0.000058 set_tid_address(0x7f0368c5da10) = 18750
18750      0.000048 set_robust_list(0x7f0368c5da20, 0x18) = 0
18750      0.000039 futex(0x7fffc9d7364c, FUTEX_WAIT_BITSET_PRIVATE|FUTEX_CLOCK_REALTIME, 1, NULL, 7f0368c5d740) = -1 EAGAIN (Resource temporarily unavailable)
18750      0.000089 rt_sigaction(SIGRTMIN, {0x7f0367f4b750, [], SA_RESTORER|SA_SIGINFO, 0x7f0367f54cb0}, NULL, 8) = 0
18750      0.000081 rt_sigaction(SIGRT_1, {0x7f0367f4b7e0, [], SA_RESTORER|SA_RESTART|SA_SIGINFO, 0x7f0367f54cb0}, NULL, 8) = 0
18750      0.000051 rt_sigprocmask(SIG_UNBLOCK, [RTMIN RT_1], NULL, 8) = 0
18750      0.000059 getrlimit(RLIMIT_STACK, {rlim_cur=8192*1024, rlim_max=RLIM_INFINITY}) = 0
18750      0.000207 brk(0)              = 0x1c01000
18750      0.000040 brk(0x1c33000)      = 0x1c33000
18750      0.000109 futex(0x7f0368a47d3c, FUTEX_WAKE_PRIVATE, 2147483647) = 0
18750      0.000130 futex(0x7f0368a47d48, FUTEX_WAKE_PRIVATE, 2147483647) = 0
18750      0.000120 mmap(NULL, 8392704, PROT_READ|PROT_WRITE, MAP_PRIVATE|MAP_ANONYMOUS|MAP_STACK, -1, 0) = 0x7f0367448000
18750      0.000073 mprotect(0x7f0367448000, 4096, PROT_NONE) = 0
18750      0.000068 clone(child_stack=0x7f0367c47fb0, flags=CLONE_VM|CLONE_FS|CLONE_FILES|CLONE_SIGHAND|CLONE_THREAD|CLONE_SYSVSEM|CLONE_SETTLS|CLONE_PARENT_SETTID|CLONE_CHILD_CLEARTID, parent_tidptr=0x7f0367c489d0, tls=0x7f0367c48700, child_tidptr=0x7f0367c489d0) = 18751
18750      0.000087 futex(0x7f0367c489d0, FUTEX_WAIT, 18751, NULL <unfinished ...>
18751      0.000087 set_robust_list(0x7f0367c489e0, 0x18) = 0
18751      0.000066 fstat(1, {st_mode=S_IFCHR|0620, st_rdev=makedev(136, 1), ...}) = 0
18751      0.000042 mmap(NULL, 4096, PROT_READ|PROT_WRITE, MAP_PRIVATE|MAP_ANONYMOUS, -1, 0) = 0x7f0368c69000
18751      0.000062 write(1, "Hello from thread 0\n", 20) = 20
18751      0.000084 madvise(0x7f0367448000, 8368128, MADV_DONTNEED) = 0
18751      0.000116 _exit(0)            = ?
18750      0.000044 <... futex resumed> ) = 0
18750      0.000029 clone(child_stack=0x7f0367c47fb0, flags=CLONE_VM|CLONE_FS|CLONE_FILES|CLONE_SIGHAND|CLONE_THREAD|CLONE_SYSVSEM|CLONE_SETTLS|CLONE_PARENT_SETTID|CLONE_CHILD_CLEARTID, parent_tidptr=0x7f0367c489d0, tls=0x7f0367c48700, child_tidptr=0x7f0367c489d0) = 18752
18750      0.000071 futex(0x7f0367c489d0, FUTEX_WAIT, 18752, NULL <unfinished ...>
18752      0.000042 set_robust_list(0x7f0367c489e0, 0x18) = 0
18752      0.000046 write(1, "Hello from thread 1\n", 20) = 20
18752      0.000169 madvise(0x7f0367448000, 8368128, MADV_DONTNEED) = 0
18752      0.000051 _exit(0)            = ?
18750      0.000042 <... futex resumed> ) = 0
18750      0.000033 clone(child_stack=0x7f0367c47fb0, flags=CLONE_VM|CLONE_FS|CLONE_FILES|CLONE_SIGHAND|CLONE_THREAD|CLONE_SYSVSEM|CLONE_SETTLS|CLONE_PARENT_SETTID|CLONE_CHILD_CLEARTID, parent_tidptr=0x7f0367c489d0, tls=0x7f0367c48700, child_tidptr=0x7f0367c489d0) = 18753
18750      0.000079 futex(0x7f0367c489d0, FUTEX_WAIT, 18753, NULL <unfinished ...>
18753      0.000045 set_robust_list(0x7f0367c489e0, 0x18) = 0
18753      0.000045 write(1, "Hello from thread 2\n", 20) = 20
18753      0.000065 madvise(0x7f0367448000, 8368128, MADV_DONTNEED) = 0
18753      0.000030 _exit(0)            = ?
18750      0.000071 <... futex resumed> ) = 0
18750      0.000110 clone(child_stack=0x7f0367c47fb0, flags=CLONE_VM|CLONE_FS|CLONE_FILES|CLONE_SIGHAND|CLONE_THREAD|CLONE_SYSVSEM|CLONE_SETTLS|CLONE_PARENT_SETTID|CLONE_CHILD_CLEARTID, parent_tidptr=0x7f0367c489d0, tls=0x7f0367c48700, child_tidptr=0x7f0367c489d0) = 18754
18750      0.000112 futex(0x7f0367c489d0, FUTEX_WAIT, 18754, NULL <unfinished ...>
18754      0.000077 set_robust_list(0x7f0367c489e0, 0x18) = 0
18754      0.000219 write(1, "Hello from thread 3\n", 20) = 20
18754      0.000146 madvise(0x7f0367448000, 8368128, MADV_DONTNEED) = 0
18754      0.000030 _exit(0)            = ?
18750      0.000078 <... futex resumed> ) = 0
18750      0.000088 exit_group(0)       = ?
