20973   0.000000 __libc_start_main(0x401f50, 2, 0x7fffacba4bc8, 0x406b90, 0x406c20 <unfinished ...>
20973   0.000093 getenv("_JAVA_LAUNCHER_DEBUG")                                                                 = NULL
20973   0.000089 getenv("_JAVA_VERSION_SET")                                                                    = NULL
20973   0.000068 JLI_MemAlloc(24, 0x7fffacba4bc8, 8, 95, 0x406c20)                                              = 0x6f3010
20973   0.000157 JLI_FreeManifest(0, 0x6f3020, 0x7fffacba4bd0, 0, 3)                                            = 0x7fffacba4dcd
20973   0.000074 JLI_MemFree(0x6f3010, 0x6f3020, 0x7fffacba4bd0, 0, 3)                                          = 0
20973   0.000080 JLI_MemAlloc(24, 0xffffffff, 0, 0x7fd77fc43728, 3)                                             = 0x6f3010
20973   0.000082 readlink(0x4077db, 0x7fffacba0800, 4096, 4096, 0x7fffacba3aa0)                                 = 46
20973   0.000190 strncmp("/cow/", "/usr/lib/jvm/java-6-openjdk-amd6"..., 5)                                     = -18
20973   0.000077 strlen("/persistmnt/")                                                                         = 12
20973   0.000069 strncmp("/persistmnt/", "/usr/lib/jvm/java-6-openjdk-amd6"..., 12)                             = -5
20973   0.000065 strlen("/rofs/")                                                                               = 6
20973   0.000059 strncmp("/rofs/", "/usr/lib/jvm/java-6-openjdk-amd6"..., 6)                                    = -3
20973   0.000065 strlen("/rwfs/")                                                                               = 6
20973   0.000059 strncmp("/rwfs/", "/usr/lib/jvm/java-6-openjdk-amd6"..., 6)                                    = -3
20973   0.000064 strlen("/squashmnt/")                                                                          = 11
20973   0.000060 strncmp("/squashmnt/", "/usr/lib/jvm/java-6-openjdk-amd6"..., 11)                              = -2
20973   0.000064 JLI_StringDup(0x7fffacba0800, 0x7fffacba0800, 1, 117, 65535)                                   = 0x6f3030
20973   0.000079 JLI_MemAlloc(24, 0x7fffacba082f, 0x7fffacba19cc, 0x6176616a2f6e69, 0x76616a2f6d766a2f)         = 0x6f3070
20973   0.000076 strncpy(0x7fffacba2aa0, "/usr/lib/jvm/java-6-openjdk-amd6"..., 4095)                           = 0x7fffacba2aa0
20973   0.000075 strrchr("/usr/lib/jvm/java-6-openjdk-amd6"..., '/')                                            = "/java"
20973   0.000068 strlen("/usr/lib/jvm/java-6-openjdk-amd6"...)                                                  = 41
20973   0.000064 strrchr("/usr/lib/jvm/java-6-openjdk-amd6"..., '/')                                            = "/bin"
20973   0.000063 strrchr("/usr/lib/jvm/java-6-openjdk-amd6"..., '/')                                            = "/bin"
20973   0.000063 __sprintf_chk(0x7fffacba0810, 1, 4096, 0x40788e, 0x7fffacba2aa0)                               = 58
20973   0.000091 access("/usr/lib/jvm/java-6-openjdk-amd6"..., 0)                                               = 0
20973   0.000093 __strcpy_chk(0x7fffacb9f7d0, 0x7fffacba2aa0, 4126, -1, 0x7fffacba083f)                         = 0x7fffacb9f7d0
20973   0.000086 __strcat_chk(0x7fffacb9f7d0, 0x407230, 4126, 0, 0xfefefefefefefeff)                            = 0x7fffacb9f7d0
20973   0.000074 __strcat_chk(0x7fffacb9f7d0, 0x407811, 4126, 0, 0x7fffacb9f7f4)                                = 0x7fffacb9f7d0
20973   0.000070 __strcat_chk(0x7fffacb9f7d0, 0x407236, 4126, 0, 0x7fffacb9f7f9)                                = 0x7fffacb9f7d0
20973   0.000069 fopen("/usr/lib/jvm/java-6-openjdk-amd6"..., "r")                                              = 0x6f3090
20973   0.000121 fgets("", -2142703543, 0x6f3170)                                                               = 0x7fffacba07f0
20973   0.000126 fgets("", -2142703479, 0x6f3170)                                                               = 0x7fffacba07f0
20973   0.000065 fgets("", -2142703477, 0x6f3170)                                                               = 0x7fffacba07f0
20973   0.000073 fgets("", -2142703406, 0x6f3170)                                                               = 0x7fffacba07f0
20973   0.000066 fgets("", -2142703335, 0x6f3170)                                                               = 0x7fffacba07f0
20973   0.000063 fgets("", -2142703266, 0x6f3170)                                                               = 0x7fffacba07f0
20973   0.000064 fgets("", -2142703196, 0x6f3170)                                                               = 0x7fffacba07f0
20973   0.000063 fgets("", -2142703136, 0x6f3170)                                                               = 0x7fffacba07f0
20973   0.000064 fgets("", -2142703134, 0x6f3170)                                                               = 0x7fffacba07f0
20973   0.000064 fgets("", -2142703059, 0x6f3170)                                                               = 0x7fffacba07f0
20973   0.000064 fgets("", -2142702987, 0x6f3170)                                                               = 0x7fffacba07f0
20973   0.000063 fgets("", -2142702915, 0x6f3170)                                                               = 0x7fffacba07f0
20973   0.000064 fgets("", -2142702841, 0x6f3170)                                                               = 0x7fffacba07f0
20973   0.000064 fgets("", -2142702815, 0x6f3170)                                                               = 0x7fffacba07f0
20973   0.000063 fgets("", -2142702813, 0x6f3170)                                                               = 0x7fffacba07f0
20973   0.000064 fgets("", -2142702737, 0x6f3170)                                                               = 0x7fffacba07f0
20973   0.000062 fgets("", -2142702664, 0x6f3170)                                                               = 0x7fffacba07f0
20973   0.000064 fgets("", -2142702600, 0x6f3170)                                                               = 0x7fffacba07f0
20973   0.000064 fgets("", -2142702598, 0x6f3170)                                                               = 0x7fffacba07f0
20973   0.000064 fgets("", -2142702524, 0x6f3170)                                                               = 0x7fffacba07f0
20973   0.000064 fgets("", -2142702451, 0x6f3170)                                                               = 0x7fffacba07f0
20973   0.000063 fgets("", -2142702438, 0x6f3170)                                                               = 0x7fffacba07f0
20973   0.000076 fgets("", -2142702436, 0x6f3170)                                                               = 0x7fffacba07f0
20973   0.000070 fgets("", -2142702433, 0x6f3170)                                                               = 0x7fffacba07f0
20973   0.000064 fgets("", -2142702367, 0x6f3170)                                                               = 0x7fffacba07f0
20973   0.000065 fgets("", -2142702304, 0x6f3170)                                                               = 0x7fffacba07f0
20973   0.000063 fgets("", -2142702237, 0x6f3170)                                                               = 0x7fffacba07f0
20973   0.000063 fgets("", -2142702201, 0x6f3170)                                                               = 0x7fffacba07f0
20973   0.000064 fgets("", -2142702199, 0x6f3170)                                                               = 0x7fffacba07f0
20973   0.000063 fgets("", -2142702137, 0x6f3170)                                                               = 0x7fffacba07f0
20973   0.000063 fgets("", -2142702077, 0x6f3170)                                                               = 0x7fffacba07f0
20973   0.000064 fgets("", -2142702029, 0x6f3170)                                                               = 0x7fffacba07f0
20973   0.000063 fgets("", -2142702027, 0x6f3170)                                                               = 0x7fffacba07f0
20973   0.000075 fgets("", -2142702013, 0x6f3170)                                                               = 0x7fffacba07f0
20973   0.000098 JLI_MemAlloc(320, 0x7fd78048f643, 0, 0x7fffacba07f0, 1)                                        = 0x6f32d0
20973   0.000085 JLI_MemFree(0, 134464, 0x7fd77fc43720, 0x400000, 3)                                            = 0
20973   0.000076 strcspn("-server KNOWN", " \t")                                                                = 7
20973   0.000068 strspn("KNOWN", " \t")                                                                         = 0
20973   0.000063 JLI_StringDup(0x7fffacba07f0, 0x7fffacba07fd, 0x6f32d0, 0, 0)                                  = 0x6f3420
20973   0.000071 fgets("", -2142701998, 0x6f3170)                                                               = 0x7fffacba07f0
20973   0.000066 strcspn("-client IGNORE", " \t")                                                               = 7
20973   0.000060 strspn("IGNORE", " \t")                                                                        = 0
20973   0.000058 JLI_StringDup(0x7fffacba07f0, 0x7fffacba07fe, 0x6f32f0, 0, 0)                                  = 0x6f3440
20973   0.000070 fgets("", -2142701983, 0x6f3170)                                                               = 0x7fffacba07f0
20973   0.000065 strcspn("-hotspot ERROR", " \t")                                                               = 8
20973   0.000060 strspn("ERROR", " \t")                                                                         = 0
20973   0.000058 JLI_StringDup(0x7fffacba07f0, 0x7fffacba07fe, 0x6f3310, 0, 0)                                  = 0x6f3460
20973   0.000070 fgets("", -2142701969, 0x6f3170)                                                               = 0x7fffacba07f0
20973   0.000065 strcspn("-classic WARN", " \t")                                                                = 8
20973   0.000060 strspn("WARN", " \t")                                                                          = 0
20973   0.000059 JLI_StringDup(0x7fffacba07f0, 0x7fffacba07fd, 0x6f3330, 0, 0)                                  = 0x6f3480
20973   0.000069 fgets("", -2142701955, 0x6f3170)                                                               = 0x7fffacba07f0
20973   0.000066 strcspn("-native ERROR", " \t")                                                                = 7
20973   0.000060 strspn("ERROR", " \t")                                                                         = 0
20973   0.000058 JLI_StringDup(0x7fffacba07f0, 0x7fffacba07fd, 0x6f3350, 0, 0)                                  = 0x6f34a0
20973   0.000070 fgets("", -2142701942, 0x6f3170)                                                               = 0x7fffacba07f0
20973   0.000065 strcspn("-green ERROR", " \t")                                                                 = 6
20973   0.000059 strspn("ERROR", " \t")                                                                         = 0
20973   0.000057 JLI_StringDup(0x7fffacba07f0, 0x7fffacba07fc, 0x6f3370, 0, 0)                                  = 0x6f34c0
20973   0.000068 fgets("", -2142701929, 0x6f3170)                                                               = 0x7fffacba07f0
20973   0.000063 strcspn("-jamvm KNOWN", " \t")                                                                 = 6
20973   0.000057 strspn("KNOWN", " \t")                                                                         = 0
20973   0.000056 JLI_StringDup(0x7fffacba07f0, 0x7fffacba07fc, 0x6f3390, 0, 0)                                  = 0x6f34e0
20973   0.000067 fgets("", -2142701916, 0x6f3170)                                                               = 0x7fffacba07f0
20973   0.000063 strcspn("-cacao KNOWN", " \t")                                                                 = 6
20973   0.000057 strspn("KNOWN", " \t")                                                                         = 0
20973   0.000055 JLI_StringDup(0x7fffacba07f0, 0x7fffacba07fc, 0x6f33b0, 0, 0)                                  = 0x6f3500
20973   0.000068 fgets("", -2142701904, 0x6f3170)                                                               = 0x7fffacba07f0
20973   0.000062 strcspn("-zero KNOWN", " \t")                                                                  = 5
20973   0.000065 strspn("KNOWN", " \t")                                                                         = 0
20973   0.000057 JLI_StringDup(0x7fffacba07f0, 0x7fffacba07fb, 0x6f33d0, 0, 0)                                  = 0x6f3520
20973   0.000068 fgets("", -2142701891, 0x6f3170)                                                               = 0x7fffacba07f0
20973   0.000063 strcspn("-shark ERROR", " \t")                                                                 = 6
20973   0.000058 strspn("ERROR", " \t")                                                                         = 0
20973   0.000055 JLI_StringDup(0x7fffacba07f0, 0x7fffacba07fc, 0x6f33f0, 0, 0)                                  = 0x6f3540
20973   0.000068 fgets("\377\377\377\377\377\377\377\377\377\377\377\377\377\377\377\377\377\377\377\377\377\377\377\377\377\377\377\377\377\377\377\377"..., -2142703616, 0x6f3170) = NULL
20973   0.000083 fclose(0x6f3090)                                                                               = 0
20973   0.000106 getenv("JDK_ALTERNATE_VM")                                                                     = NULL
20973   0.000061 JLI_MemAlloc(24, 0xffffff80, 7, 74, 0x7fd780485700)                                            = 0x6f3090
20973   0.000072 strchr("server", '/')                                                                          = NULL
20973   0.000065 __sprintf_chk(0x7fffacba3aa0, 1, -1, 0x4078da, 0x7fffacba2aa0)                                 = 64
20973   0.000070 __xstat(1, "/usr/lib/jvm/java-6-openjdk-amd6"..., 0x7fffacba18b0)                              = 0
20973   0.000083 getenv("LD_LIBRARY_PATH")                                                                      = NULL
20973   0.000059 getgid()                                                                                       = 1000
20973   0.000067 getegid()                                                                                      = 1000
20973   0.000064 getuid()                                                                                       = 1000
20973   0.000063 geteuid()                                                                                      = 1000
20973   0.000064 JLI_StringDup(0x7fffacba3aa0, 0x7fffacba18b0, 15, -1, 0x7fffacba3ad6)                          = 0x6f30b0
20973   0.000069 strlen("amd64")                                                                                = 5
20973   0.000058 strlen("/usr/lib/jvm/java-6-openjdk-amd6"...)                                                  = 37
20973   0.000061 strlen("/usr/lib/jvm/java-6-openjdk-amd6"...)                                                  = 64
20973   0.000061 JLI_MemAlloc(200, 0x7fffacba3ae1, 0, 48, 0x2f3436646d612f62)                                   = 0x6f3100
20973   0.000086 strrchr("/usr/lib/jvm/java-6-openjdk-amd6"..., '/')                                            = "/libjvm.so"
20973   0.000064 __sprintf_chk(0x6f3100, 1, -1, 0x407b90, 0x6f30b0)                                             = 169
20973   0.000106 putenv("LD_LIBRARY_PATH=/usr/lib/jvm/jav"...)                                                  = 0
20973   0.000081 fflush(0x7fd77fc44260)                                                                         = 0
20973   0.000063 fflush(0x7fd77fc44180)                                                                         = 0
20973   0.000059 execve(0x6f3030, 0x6f3070, 0x6f31d0, 0x7fffacba4fd8, 0x7fd780485700 <unfinished ...>
20973   0.000289 --- Called exec() ---
20973   0.002046 __libc_start_main(0x401f50, 2, 0x7fff92d03088, 0x406b90, 0x406c20 <unfinished ...>
20973   0.000070 getenv("_JAVA_LAUNCHER_DEBUG")                                                                 = NULL
20973   0.000079 getenv("_JAVA_VERSION_SET")                                                                    = NULL
20973   0.000064 JLI_MemAlloc(24, 0x7fff92d03088, 8, 95, 0x406c20)                                              = 0x2174010
20973   0.000147 JLI_FreeManifest(0, 0x2174020, 0x7fff92d03090, 0, 3)                                           = 0x7fff92d03d02
20973   0.000081 JLI_MemFree(0x2174010, 0x2174020, 0x7fff92d03090, 0, 3)                                        = 0
20973   0.000076 JLI_MemAlloc(24, 0xffffffff, 0, 0x7fe5d3aef728, 3)                                             = 0x2174010
20973   0.000074 readlink(0x4077db, 0x7fff92cfecc0, 4096, 4096, 0x7fff92d01f60)                                 = 46
20973   0.000111 strncmp("/cow/", "/usr/lib/jvm/java-6-openjdk-amd6"..., 5)                                     = -18
20973   0.000071 strlen("/persistmnt/")                                                                         = 12
20973   0.000065 strncmp("/persistmnt/", "/usr/lib/jvm/java-6-openjdk-amd6"..., 12)                             = -5
20973   0.000061 strlen("/rofs/")                                                                               = 6
20973   0.000054 strncmp("/rofs/", "/usr/lib/jvm/java-6-openjdk-amd6"..., 6)                                    = -3
20973   0.000089 strlen("/rwfs/")                                                                               = 6
20973   0.000057 strncmp("/rwfs/", "/usr/lib/jvm/java-6-openjdk-amd6"..., 6)                                    = -3
20973   0.000060 strlen("/squashmnt/")                                                                          = 11
20973   0.000055 strncmp("/squashmnt/", "/usr/lib/jvm/java-6-openjdk-amd6"..., 11)                              = -2
20973   0.000061 JLI_StringDup(0x7fff92cfecc0, 0x7fff92cfecc0, 1, 117, 65535)                                   = 0x2174030
20973   0.000075 JLI_MemAlloc(24, 0x7fff92cfecef, 0x7fff92cffe8c, 0x6176616a2f6e69, 0x76616a2f6d766a2f)         = 0x2174070
20973   0.000156 strncpy(0x7fff92d00f60, "/usr/lib/jvm/java-6-openjdk-amd6"..., 4095)                           = 0x7fff92d00f60
20973   0.000129 strrchr("/usr/lib/jvm/java-6-openjdk-amd6"..., '/')                                            = "/java"
20973   0.000099 strlen("/usr/lib/jvm/java-6-openjdk-amd6"...)                                                  = 41
20973   0.000061 strrchr("/usr/lib/jvm/java-6-openjdk-amd6"..., '/')                                            = "/bin"
20973   0.000061 strrchr("/usr/lib/jvm/java-6-openjdk-amd6"..., '/')                                            = "/bin"
20973   0.000061 __sprintf_chk(0x7fff92cfecd0, 1, 4096, 0x40788e, 0x7fff92d00f60)                               = 58
20973   0.000083 access("/usr/lib/jvm/java-6-openjdk-amd6"..., 0)                                               = 0
20973   0.000090 __strcpy_chk(0x7fff92cfdc90, 0x7fff92d00f60, 4126, -1, 0x7fff92cfecff)                         = 0x7fff92cfdc90
20973   0.000077 __strcat_chk(0x7fff92cfdc90, 0x407230, 4126, 0, 0xfefefefefefefeff)                            = 0x7fff92cfdc90
20973   0.000069 __strcat_chk(0x7fff92cfdc90, 0x407811, 4126, 0, 0x7fff92cfdcb4)                                = 0x7fff92cfdc90
20973   0.000067 __strcat_chk(0x7fff92cfdc90, 0x407236, 4126, 0, 0x7fff92cfdcb9)                                = 0x7fff92cfdc90
20973   0.000066 fopen("/usr/lib/jvm/java-6-openjdk-amd6"..., "r")                                              = 0x2174090
20973   0.000101 fgets("", -734810039, 0x2174170)                                                               = 0x7fff92cfecb0
20973   0.000116 fgets("", -734809975, 0x2174170)                                                               = 0x7fff92cfecb0
20973   0.000059 fgets("", -734809973, 0x2174170)                                                               = 0x7fff92cfecb0
20973   0.000059 fgets("", -734809902, 0x2174170)                                                               = 0x7fff92cfecb0
20973   0.000058 fgets("", -734809831, 0x2174170)                                                               = 0x7fff92cfecb0
20973   0.000058 fgets("", -734809762, 0x2174170)                                                               = 0x7fff92cfecb0
20973   0.000059 fgets("", -734809692, 0x2174170)                                                               = 0x7fff92cfecb0
20973   0.000064 fgets("", -734809632, 0x2174170)                                                               = 0x7fff92cfecb0
20973   0.000060 fgets("", -734809630, 0x2174170)                                                               = 0x7fff92cfecb0
20973   0.000057 fgets("", -734809555, 0x2174170)                                                               = 0x7fff92cfecb0
20973   0.000058 fgets("", -734809483, 0x2174170)                                                               = 0x7fff92cfecb0
20973   0.000058 fgets("", -734809411, 0x2174170)                                                               = 0x7fff92cfecb0
20973   0.000058 fgets("", -734809337, 0x2174170)                                                               = 0x7fff92cfecb0
20973   0.000058 fgets("", -734809311, 0x2174170)                                                               = 0x7fff92cfecb0
20973   0.000058 fgets("", -734809309, 0x2174170)                                                               = 0x7fff92cfecb0
20973   0.000058 fgets("", -734809233, 0x2174170)                                                               = 0x7fff92cfecb0
20973   0.000059 fgets("", -734809160, 0x2174170)                                                               = 0x7fff92cfecb0
20973   0.000057 fgets("", -734809096, 0x2174170)                                                               = 0x7fff92cfecb0
20973   0.000058 fgets("", -734809094, 0x2174170)                                                               = 0x7fff92cfecb0
20973   0.000058 fgets("", -734809020, 0x2174170)                                                               = 0x7fff92cfecb0
20973   0.000058 fgets("", -734808947, 0x2174170)                                                               = 0x7fff92cfecb0
20973   0.000058 fgets("", -734808934, 0x2174170)                                                               = 0x7fff92cfecb0
20973   0.000058 fgets("", -734808932, 0x2174170)                                                               = 0x7fff92cfecb0
20973   0.000057 fgets("", -734808929, 0x2174170)                                                               = 0x7fff92cfecb0
20973   0.000058 fgets("", -734808863, 0x2174170)                                                               = 0x7fff92cfecb0
20973   0.000058 fgets("", -734808800, 0x2174170)                                                               = 0x7fff92cfecb0
20973   0.000058 fgets("", -734808733, 0x2174170)                                                               = 0x7fff92cfecb0
20973   0.000057 fgets("", -734808697, 0x2174170)                                                               = 0x7fff92cfecb0
20973   0.000058 fgets("", -734808695, 0x2174170)                                                               = 0x7fff92cfecb0
20973   0.000058 fgets("", -734808633, 0x2174170)                                                               = 0x7fff92cfecb0
20973   0.000058 fgets("", -734808573, 0x2174170)                                                               = 0x7fff92cfecb0
20973   0.000058 fgets("", -734808525, 0x2174170)                                                               = 0x7fff92cfecb0
20973   0.000057 fgets("", -734808523, 0x2174170)                                                               = 0x7fff92cfecb0
20973   0.000058 fgets("", -734808509, 0x2174170)                                                               = 0x7fff92cfecb0
20973   0.000057 JLI_MemAlloc(320, 0x7fe5d433b643, 0, 0x7fff92cfecb0, 1)                                        = 0x21742d0
20973   0.000067 JLI_MemFree(0, 134464, 0x7fe5d3aef720, 0x400000, 3)                                            = 0
20973   0.000067 strcspn("-server KNOWN", " \t")                                                                = 7
20973   0.000064 strspn("KNOWN", " \t")                                                                         = 0
20973   0.000060 JLI_StringDup(0x7fff92cfecb0, 0x7fff92cfecbd, 0x21742d0, 0, 0)                                 = 0x2174420
20973   0.000073 fgets("", -734808494, 0x2174170)                                                               = 0x7fff92cfecb0
20973   0.000061 strcspn("-client IGNORE", " \t")                                                               = 7
20973   0.000057 strspn("IGNORE", " \t")                                                                        = 0
20973   0.000055 JLI_StringDup(0x7fff92cfecb0, 0x7fff92cfecbe, 0x21742f0, 0, 0)                                 = 0x2174440
20973   0.000066 fgets("", -734808479, 0x2174170)                                                               = 0x7fff92cfecb0
20973   0.000060 strcspn("-hotspot ERROR", " \t")                                                               = 8
20973   0.000056 strspn("ERROR", " \t")                                                                         = 0
20973   0.000055 JLI_StringDup(0x7fff92cfecb0, 0x7fff92cfecbe, 0x2174310, 0, 0)                                 = 0x2174460
20973   0.000067 fgets("", -734808465, 0x2174170)                                                               = 0x7fff92cfecb0
20973   0.000060 strcspn("-classic WARN", " \t")                                                                = 8
20973   0.000108 strspn("WARN", " \t")                                                                          = 0
20973   0.000057 JLI_StringDup(0x7fff92cfecb0, 0x7fff92cfecbd, 0x2174330, 0, 0)                                 = 0x2174480
20973   0.000068 fgets("", -734808451, 0x2174170)                                                               = 0x7fff92cfecb0
20973   0.000060 strcspn("-native ERROR", " \t")                                                                = 7
20973   0.000056 strspn("ERROR", " \t")                                                                         = 0
20973   0.000056 JLI_StringDup(0x7fff92cfecb0, 0x7fff92cfecbd, 0x2174350, 0, 0)                                 = 0x21744a0
20973   0.000066 fgets("", -734808438, 0x2174170)                                                               = 0x7fff92cfecb0
20973   0.000061 strcspn("-green ERROR", " \t")                                                                 = 6
20973   0.000056 strspn("ERROR", " \t")                                                                         = 0
20973   0.000055 JLI_StringDup(0x7fff92cfecb0, 0x7fff92cfecbc, 0x2174370, 0, 0)                                 = 0x21744c0
20973   0.000066 fgets("", -734808425, 0x2174170)                                                               = 0x7fff92cfecb0
20973   0.000060 strcspn("-jamvm KNOWN", " \t")                                                                 = 6
20973   0.000057 strspn("KNOWN", " \t")                                                                         = 0
20973   0.000055 JLI_StringDup(0x7fff92cfecb0, 0x7fff92cfecbc, 0x2174390, 0, 0)                                 = 0x21744e0
20973   0.000066 fgets("", -734808412, 0x2174170)                                                               = 0x7fff92cfecb0
20973   0.000059 strcspn("-cacao KNOWN", " \t")                                                                 = 6
20973   0.000056 strspn("KNOWN", " \t")                                                                         = 0
20973   0.000055 JLI_StringDup(0x7fff92cfecb0, 0x7fff92cfecbc, 0x21743b0, 0, 0)                                 = 0x2174500
20973   0.000066 fgets("", -734808400, 0x2174170)                                                               = 0x7fff92cfecb0
20973   0.000059 strcspn("-zero KNOWN", " \t")                                                                  = 5
20973   0.000057 strspn("KNOWN", " \t")                                                                         = 0
20973   0.000055 JLI_StringDup(0x7fff92cfecb0, 0x7fff92cfecbb, 0x21743d0, 0, 0)                                 = 0x2174520
20973   0.000066 fgets("", -734808387, 0x2174170)                                                               = 0x7fff92cfecb0
20973   0.000059 strcspn("-shark ERROR", " \t")                                                                 = 6
20973   0.000064 strspn("ERROR", " \t")                                                                         = 0
20973   0.000056 JLI_StringDup(0x7fff92cfecb0, 0x7fff92cfecbc, 0x21743f0, 0, 0)                                 = 0x2174540
20973   0.000067 fgets("\377\377\377\377\377\377\377\377\377\377\377\377\377\377\377\377\377\377\377\377\377\377\377\377\377\377\377\377\377\377\377\377"..., -734810112, 0x2174170) = NULL
20973   0.000080 fclose(0x2174090)                                                                              = 0
20973   0.000105 getenv("JDK_ALTERNATE_VM")                                                                     = NULL
20973   0.000060 JLI_MemAlloc(24, 0xffffff80, 7, 74, 0x7fe5d4330700)                                            = 0x2174090
20973   0.000069 strchr("server", '/')                                                                          = NULL
20973   0.000064 __sprintf_chk(0x7fff92d01f60, 1, -1, 0x4078da, 0x7fff92d00f60)                                 = 64
20973   0.000106 __xstat(1, "/usr/lib/jvm/java-6-openjdk-amd6"..., 0x7fff92cffd70)                              = 0
20973   0.000111 getenv("LD_LIBRARY_PATH")                                                                      = "/usr/lib/jvm/java-6-openjdk-amd6"...
20973   0.000066 getgid()                                                                                       = 1000
20973   0.000067 getegid()                                                                                      = 1000
20973   0.000064 getuid()                                                                                       = 1000
20973   0.000062 geteuid()                                                                                      = 1000
20973   0.000064 JLI_StringDup(0x7fff92d01f60, 0x407911, 13, -1, 0x7fff92d01f96)                                = 0x21740b0
20973   0.000069 strlen("/usr/lib/jvm/java-6-openjdk-amd6"...)                                                  = 153
20973   0.000061 strlen("amd64")                                                                                = 5
20973   0.000054 strlen("/usr/lib/jvm/java-6-openjdk-amd6"...)                                                  = 37
20973   0.000059 strlen("/usr/lib/jvm/java-6-openjdk-amd6"...)                                                  = 64
20973   0.000059 JLI_MemAlloc(353, 0x7fff92d01fa1, 0, 48, 0x2f3436646d612f62)                                   = 0x2174100
20973   0.000067 strrchr("/usr/lib/jvm/java-6-openjdk-amd6"..., '/')                                            = "/libjvm.so"
20973   0.000064 __sprintf_chk(0x2174100, 1, -1, 0x407b90, 0x21740b0)                                           = 169
20973   0.000068 strlen("/usr/lib/jvm/java-6-openjdk-amd6"...)                                                  = 153
20973   0.000061 strncmp("/usr/lib/jvm/java-6-openjdk-amd6"..., "/usr/lib/jvm/java-6-openjdk-amd6"..., 153)     = 0
20973   0.000065 dlopen("/usr/lib/jvm/java-6-openjdk-amd6"..., 258)                                             = 0x021745b0
20973   0.003822 dlsym(0x021745b0, "JNI_CreateJavaVM")                                                          = 0x7fe5d2db21e0
20973   0.000102 dlsym(0x021745b0, "JNI_GetDefaultJavaVMInitArgs")                                              = 0x7fe5d2db21a0
20973   0.000074 getenv("CLASSPATH")                                                                            = NULL
20973   0.000059 JLI_WildcardExpandClasspath(0x40790d, 0x407075, 0x40790d, 65, 65535)                           = 0x40790d
20973   0.000077 strlen(".")                                                                                    = 1
20973   0.000057 JLI_MemAlloc(41, 0, 1, 13, 0x407900)                                                           = 0x2176900
20973   0.000067 __sprintf_chk(0x2176900, 1, -1, 0x406f36, 0x40790d)                                            = 19
20973   0.000069 JLI_MemAlloc(64, 0, 0x2176913, 0, 0x406f4a)                                                    = 0x2176940
20973   0.000077 JLI_StrCCmp(0x2176900, 0x406d53, 0, 2, 5)                                                      = 0xffffffec
20973   0.000073 JLI_MemAlloc(37, -1, 0, 18, 5)                                                                 = 0x2176990
20973   0.000068 strcat("-Dsun.java.command=", "ThreadInheritance")                                             = "-Dsun.java.command=ThreadInherit"...
20973   0.000077 JLI_StrCCmp(0x2176990, 0x406d53, 16, 2, 3)                                                     = 0xffffffec
20973   0.000067 JLI_StrCCmp(0x407628, 0x406d53, 32, 2, 3)                                                      = 0xffffffec
20973   0.000065 JLI_MemAlloc(45, 0x406d53, 1, 88, 3)                                                           = 0x21769c0
20973   0.000142 getpid()                                                                                       = 20973
20973   0.000059 __sprintf_chk(0x21769c0, 1, -1, 0x407a3f, 0x407a26)                                            = 29
20973   0.000072 JLI_StrCCmp(0x21769c0, 0x406d53, 48, 2, 0x407a43)                                              = 0xffffffec
20973   0.000081 getenv("_JAVA_SPLASH_JAR")                                                                     = NULL
20973   0.000064 getenv("_JAVA_SPLASH_FILE")                                                                    = NULL
20973   0.000058 strchr("_JAVA_VERSION_SET", '=')                                                               = NULL
20973   0.000058 strchr("_JAVA_SPLASH_FILE", '=')                                                               = NULL
20973   0.000057 strchr("_JAVA_SPLASH_JAR", '=')                                                                = NULL
20973   0.000057 JLI_MemFree(0, 0, 76, 95, 0x7fe5d3af2548)                                                      = 0
20973   0.000066 JLI_MemFree(0, 0, 76, 95, 0x7fe5d3af2548)                                                      = 0
20973   0.000071 pthread_attr_init(0x7fff92cffdd0, 0x100000, 0x7fff92cffef0, 0, 0x7fe5d3af2548)                 = 0
20973   0.000077 pthread_attr_setdetachstate(0x7fff92cffdd0, 0, 0, 0, 0x7fe5d3af2548)                           = 0
20973   0.000069 pthread_attr_setstacksize(0x7fff92cffdd0, 0x100000, 0, 0, 0x7fe5d3af2548)                      = 0
20973   0.000071 pthread_create(0x7fff92cffdc0, 0x7fff92cffdd0, 0x403d70, 0x7fff92cffef0, 0x7fe5d3af2548)       = 0
20973   0.000217 pthread_join(0x7fe5d432e700, 0x7fff92cffdc8, 0x7fe5d432e9d0, -1, 0x7fe5d432e700 <unfinished ...>
20974   0.246057 JLI_MemFree(0x2176940, 0, 0x7fe5d3500bb8, -1, 0x7fe5d351ac80)                                  = 0
20974   0.000172 JLI_MemFree(0x2174420, 10, 0, 0x7fe5d3aef740, 0x7fe5d351ac80)                                  = 0x2176700
20974   0.000126 JLI_MemFree(0x2174440, 0xffffffff, 0x2176700, 0x7fe5d3aef728, 0x7fe5d351ac80)                  = 0x2174410
20974   0.000120 JLI_MemFree(0x2174460, 0xffffffff, 0x2174410, 0x7fe5d3aef728, 0x7fe5d351ac80)                  = 0x2174430
20974   0.000110 JLI_MemFree(0x2174480, 0xffffffff, 0x2174430, 0x7fe5d3aef728, 0x7fe5d351ac80)                  = 0x2174450
20974   0.000214 JLI_MemFree(0x21744a0, 0xffffffff, 0x2174450, 0x7fe5d3aef728, 0x7fe5d351ac80)                  = 0x2174470
20974   0.000236 JLI_MemFree(0x21744c0, 0xffffffff, 0x2174470, 0x7fe5d3aef728, 0x7fe5d351ac80)                  = 0x2174490
20974   0.000237 JLI_MemFree(0x21744e0, 0xffffffff, 0x2174490, 0x7fe5d3aef728, 0x7fe5d351ac80)                  = 0x21744b0
20974   0.000187 JLI_MemFree(0x2174500, 0xffffffff, 0x21744b0, 0x7fe5d3aef728, 0x7fe5d351ac80)                  = 0x21744d0
20974   0.000146 JLI_MemFree(0x2174520, 0xffffffff, 0x21744d0, 0x7fe5d3aef728, 0x7fe5d351ac80)                  = 0x21744f0
20974   0.000078 JLI_MemFree(0x2174540, 0xffffffff, 0x21744f0, 0x7fe5d3aef728, 0x7fe5d351ac80)                  = 0x2174510
20974   0.000076 JLI_MemFree(0x21742d0, 0xffffffff, 0x2174510, 0x7fe5d3aef728, 0x7fe5d351ac80)                  = 337
20974   0.000080 dlsym(NULL, "JVM_FindClassFromBootLoader")                                                     = 0x7fe5d2dcbf30
20974   0.001467 strlen("ThreadInheritance")                                                                    = 17
20984   0.081792 +++ exited (status 0) +++
20980   0.000282 +++ exited (status 0) +++
20977   0.000313 +++ exited (status 0) +++
20974   0.000188 +++ exited (status 0) +++
20973   0.000145 <... pthread_join resumed> )                                                                   = 0
20973   0.000033 pthread_attr_destroy(0x7fff92cffdd0, 0x7fe5d4117250, 0x7fe5d432e700, 0x7fe5c88f89c0, 0)        = 0
20982   0.000239 +++ exited (status 0) +++
20975   0.000013 +++ exited (status 0) +++
20981   0.000039 +++ exited (status 0) +++
20979   0.000010 +++ exited (status 0) +++
20978   0.000007 +++ exited (status 0) +++
20976   0.000006 +++ exited (status 0) +++
20983   0.002243 +++ exited (status 0) +++
20973   0.000036 +++ exited (status 0) +++
