2538   0.000000 __libc_start_main(0x400620, 2, 0x7fffb4d009c8, 0x4006d0, 0x4006c0 <unfinished ...>
2538   0.000094 JLI_Launch(2, 0x7fffb4d009c8, 1, 0, 1 <unfinished ...>
2539   0.016814 --- SIGSEGV (Segmentation fault) ---
2539   0.000031 unexpected breakpoint at 0x7f33781702b5
2550   0.373382 +++ exited (status 0) +++
2551   0.000783 +++ exited (status 0) +++
2552   0.002464 +++ exited (status 0) +++
2553   0.000946 +++ exited (status 0) +++
2549   0.002162 +++ exited (status 0) +++
2545   0.000696 +++ exited (status 0) +++
2542   0.000159 +++ exited (status 0) +++
2538   0.000347 <... JLI_Launch resumed> )                                                                      = 0
2548   0.000397 +++ exited (status 0) +++
2547   0.000015 +++ exited (status 0) +++
2546   0.000006 +++ exited (status 0) +++
2544   0.000007 +++ exited (status 0) +++
2543   0.000007 +++ exited (status 0) +++
2541   0.000006 +++ exited (status 0) +++
2540   0.000007 +++ exited (status 0) +++
2539   0.002648 +++ exited (status 0) +++
2538   0.000033 +++ exited (status 0) +++
