.000044,.000040,.000049,.000044,.000073,.000050,.000095,.000052,.000051,.000063,.000070,
.000047,.000037,.000039,.000042,.000069,.000048,.000055,.000048,.000086,.000065,.000059,
.000045,.000043,.000139,.000041,.000130,.000049,.000056,.000037,.000061,.000065,
.000044,.000054,.000046,.000042,.000063,.000050,.000054,.000072,.000082,.000070,.000067,
.000064,.000040,.000036,.000044,.000065,.000048,.000056,.000038,.000065,.000068,
.000081,.000040,.000125,.000039,.000069,.000050,.000055,.000172,.000070,.000039,
.000045,.000046,.000113,.000042,.000067,.000048,.000071,.000030,.000080,.000092,.000080,
.000057,.000043,.000045,.000042,.000066,.000062,.000055,.000038,.000060,.000236,.000071,
.000056,.000036,.000139,.000040,.000066,.000049,.000058,.000072,.000058,.000073,.000040,
.000043,.000039,.000051,.000044,.000132,.000050,.000099,.000037,.000056,.000118,.000050,
.000044,.000050,.000041,.000044,.000069,.000055,.000054,.000040,.000062,.000067,
.000081,.000040,.000174,.000040,.000067,.000051,.000056,.000041,.000078,.000073,.000072,
.000043,.000044,.000036,.000040,.000101,.000053,.000063,.000041,.000091,.000054,
.000043,.000044,.000120,.000041,.000068,.000051,.000056,.000062,.000084,.000040,
.000055,.000043,.000077,.000065,.000064,.000051,.000056,.000037,.000054,.000110,.000062,
.000044,.000067,.000038,.000043,.000065,.000050,.000055,.000069,.000079,
.000045,.000040,.000042,.000062,.000061,.000056,.000059,.000019,.000086,.000069,
.000086,.000035,.000043,.000044,.000074,.000054,.000096,.000096,.000043,.000108,.000113,
.000047,.000038,.000046,.000042,.000066,.000061,.000057,.000088,.000054,.000073,.000040,
.000047,.000039,.000043,.000041,.000068,.000050,.000057,.000043,.000037,.000065,.000043,
.000044,.000070,.000058,.000076,.000109,.000098,.000089,.000072,.000092,.000109,.000113,
.000095,.000038,.000121,.000065,.000067,.000048,.000056,.000040,.000070,.000069,
.000044,.000046,.000124,.000041,.000077,.000058,.000058,.000047,.000024,.000136,.000043,
.000110,.000068,.000075,.000080,.000109,.000091,.000056,.000028,.000049,.000067,.000055,
.000042,.000042,.000186,.000043,.000082,.000048,.000058,.000057,.000037,.000145,.000038,
.000044,.000041,.000036,.000040,.000070,.000049,.000056,.000057,.000030,.000078,.000043,
.000051,.000039,.000115,.000043,.000068,.000051,.000055,.000065,.000065,.000043,
.000045,.000059,.000039,.000045,.000064,.000050,.000064,.000089,.000039,
.000064,.000042,.000035,.000045,.000071,.000078,.000071,.000064,.000021,.000070,.000050,
.000045,.000047,.000030,.000042,.000075,.000054,.000058,.000039,.000024,.000081,.000090,
.000046,.000045,.000121,.000041,.000078,.000053,.000089,.000058,.000065,.000069,.000038,
.000044,.000042,.000052,.000053,.000066,.000055,.000056,.000041,.000039,.000068,.000040,
.000046,.000043,.000037,.000039,.000084,.000049,.000063,.000014,.000019,.000135,.000048,
.000100,.000042,.000037,.000041,.000072,.000098,.000057,.000016,.000082,.000043,
.000051,.000044,.000040,.000042,.000078,.000064,.000096,.000075,.000077,.000065,.000040,
.000047,.000042,.000115,.000039,.000064,.000050,.000056,.000040,.000043,.000061,.000038,
.000046,.000065,.000083,.000037,.000114,.000085,.000054,.000043,.000048,.000061,.000043,
.000044,.000038,.000034,.000044,.000067,.000051,.000056,.000101,.000038,.000080,.000039,
.000045,.000043,.000113,.000045,.000060,.000051,.000054,.000028,.000052,.000061,.000043,
.000053,.000038,.000085,.000043,.000072,.000051,.000055,.000038,.000056,.000065,.000046,
.000046,.000044,.000211,.000042,.000065,.000050,.000058,.000037,.000051,.000071,.000073,
.000049,.000039,.000167,.000044,.000067,.000051,.000058,.000039,.000065,.000068,
.000044,.000043,.000039,.000043,.000063,.000051,.000056,.000058,.000020,.000064,.000038,
.000048,.000040,.000118,.000038,.000068,.000057,.000055,.000024,.000050,.000062,.000067,
.000047,.000044,.000040,.000062,.000077,.000064,.000058,.000143,.000051,.000076,.000069,
.000047,.000040,.000059,.000044,.000068,.000051,.000056,.000037,.000091,.000065,.000044,
.000087,.000041,.000037,.000046,.000067,.000050,.000056,.000055,.000072,.000176,
.000044,.000041,.000042,.000046,.000074,.000048,.000056,.000036,.000062,.000062,.000046,
.000045,.000039,.000042,.000045,.000086,.000047,.000056,.000040,.000052,.000059,
.000045,.000041,.000059,.000042,.000064,.000051,.000084,.000025,.000068,.000044,
.000043,.000039,.000057,.000044,.000067,.000055,.000065,.000053,.000084,.000042,
.000045,.000045,.000036,.000044,.000082,.000059,.000098,.000070,.000072,.000066,.000039,
.000045,.000039,.000136,.000043,.000062,.000050,.000058,.000040,.000041,.000093,.000086,
.000045,.000042,.000047,.000038,.000066,.000078,.000053,.000036,.000057,.000070,.000054,
.000052,.000047,.000040,.000044,.000085,.000056,.000057,.000049,.000085,.000040,
.000045,.000040,.000045,.000043,.000060,.000057,.000056,.000038,.000087,.000048,
.000046,.000053,.000159,.000046,.000069,.000048,.000055,.000044,.000051,.000102,.000069,
.000045,.000061,.000038,.000040,.000070,.000050,.000057,.000027,.000066,.000039,
.000073,.000041,.000116,.000070,.000070,.000064,.000070,.000038,.000077,.000074,.000042,
.000045,.000041,.000048,.000044,.000071,.000090,.000059,.000039,.000120,.000083,.000059,
.000046,.000051,.000052,.000040,.000068,.000056,.000090,.000124,.000049,.000084,.000154,
.000047,.000044,.000037,.000077,.000090,.000096,.000063,.000046,.000028,.000091,.000041,
.000045,.000041,.000142,.000044,.000071,.000060,.000055,.000040,.000073,.000041,
.000045,.000041,.000061,.000044,.000067,.000054,.000056,.000056,.000038,.000069,.000044,
.000053,.000039,.000039,.000043,.000087,.000062,.000072,.000041,.000077,.000043,
.000048,.000038,.000040,.000044,.000069,.000051,.000057,.000037,.000074,.000069,.000077,
.000044,.000038,.000135,.000044,.000108,.000064,.000061,.000055,.000116,.000072,.000082,
.000044,.000044,.000151,.000056,.000069,.000062,.000055,.000039,.000039,.000071,.000041,
.000049,.000043,.000148,.000076,.000078,.000059,.000057,.000127,.000059,.000068,.000089,
.000070,.000084,.000083,.000042,.000075,.000054,.000062,.000038,.000029,.000073,.000047,
.000045,.000057,.000058,.000040,.000068,.000051,.000057,.000050,.000064,.000056,
.000044,.000038,.000039,.000044,.000114,.000053,.000053,.000038,.000030,.000066,.000093,
.000045,.000040,.000039,.000041,.000071,.000049,.000058,.000055,.000092,.000067,.000043,
.000045,.000042,.000124,.000046,.000073,.000057,.000055,.000194,.000063,.000042,
.000044,.000044,.000040,.000043,.000073,.000052,.000061,.000038,.000024,.000074,.000069,
.000046,.000041,.000039,.000070,.000078,.000054,.000058,.000065,.000039,
.000044,.000062,.000082,.000046,.000069,.000062,.000059,.000041,.000065,.000071,
.000046,.000043,.000059,.000040,.000069,.000047,.000055,.000360,.000038,.000068,.000040,
.000046,.000037,.000174,.000042,.000070,.000048,.000067,.000038,.000050,.000097,.000077,
.000043,.000041,.000048,.000041,.000064,.000050,.000056,.000087,.000062,.000072,
.000045,.000042,.000043,.000046,.000072,.000059,.000056,.000039,.000051,.000083,.000048,
.000047,.000038,.000042,.000044,.000069,.000052,.000060,.000037,.000023,.000094,.000044,
.000098,.000043,.000147,.000042,.000069,.000051,.000058,.000043,.000038,.000065,.000040,
.000044,.000039,.000092,.000042,.000066,.000051,.000088,.000042,.000063,.000043,
.000046,.000044,.000038,.000050,.000102,.000058,.000064,.000038,.000050,.000065,.000043,
.000049,.000043,.000043,.000043,.000085,.000056,.000057,.000040,.000043,.000076,.000042,
.000045,.000070,.000120,.000044,.000066,.000051,.000056,.000024,.000074,.000040,
.000047,.000040,.000039,.000044,.000077,.000053,.000051,.000040,.000074,.000067,.000040,
.000049,.000043,.000136,.000040,.000070,.000054,.000057,.000061,.000038,.000076,.000068,
.000045,.000040,.000108,.000042,.000066,.000050,.000058,.000042,.000038,.000073,.000040,
.000044,.000074,.000041,.000046,.000080,.000054,.000053,.000057,.000099,.000041,
.000044,.000043,.000042,.000044,.000090,.000103,.000083,.000048,.000043,.000070,.000041,
.000047,.000041,.000069,.000044,.000070,.000053,.000057,.000077,.000041,.000065,.000040,
.000045,.000040,.000036,.000069,.000069,.000052,.000059,.000071,.000071,.000039,
.000046,.000064,.000073,.000045,.000069,.000056,.000057,.000071,.000042,
.000046,.000045,.000039,.000042,.000115,.000056,.000081,.000040,.000073,.000086,.000041,
.000045,.000040,.000151,.000043,.000065,.000052,.000062,.000037,.000073,.000091,.000077,
.000059,.000038,.000115,.000042,.000065,.000054,.000056,.000104,.000098,.000124,.000113,
.000047,.000040,.000040,.000041,.000101,.000051,.000057,.000126,.000024,.000067,.000063,
.000047,.000043,.000045,.000075,.000073,.000049,.000053,.000039,.000065,.000072,.000039,
