.000044,.000057,.000046,.000101,.000065,.000050,.000054,.000033,.000061,.000069,.000064,
.000043,.000053,.000055,.000051,.000060,.000048,.000048,.000087,.000056,.000059,.000046,
.000069,.000034,.000033,.000038,.000054,.000041,.000052,.000033,.000061,.000053,.000065,.000048,
.000040,.000035,.000269,.000036,.000054,.000043,.000058,.000040,.000034,.000075,.000035,.000070,
.000047,.000035,.000036,.000037,.000051,.000043,.000048,.000042,.000039,.000078,.000039,.000045,
.000038,.000036,.000038,.000034,.000069,.000051,.000048,.000049,.000034,.000047,.000055,
.000047,.000033,.000144,.000070,.000069,.000042,.000053,.000032,.000057,.000055,.000076,.000044,.000090,
.000051,.000035,.000104,.000040,.000057,.000044,.000051,.000036,.000061,.000054,.000036,.000046,
.000039,.000034,.000042,.000034,.000055,.000043,.000048,.000058,.000052,.000070,.000047,.000057,
.000039,.000035,.000137,.000042,.000055,.000041,.000048,.000036,.000021,.000057,.000039,.000047,.000087,.000065,
.000038,.000039,.000033,.000036,.000085,.000043,.000054,.000037,.000034,.000060,.005199,.000043,.000077,
.000039,.000051,.000039,.000054,.000057,.000043,.000053,.000031,.000064,.000065,.000081,.000046,.000044,.000026,
.000038,.000035,.000108,.000058,.000053,.000042,.000069,.000052,.000055,.000057,.000052,
.000037,.000037,.000035,.000038,.000056,.000043,.000067,.000064,.000045,.000069,.000046,.000060,
.000066,.000034,.000111,.000034,.000064,.000042,.000049,.000073,.000062,.000054,.000072,.000047,.000019,.000018,
.000048,.000042,.000053,.000034,.000059,.000043,.000052,.000035,.000046,.000055,.000035,.000046,.000042,
.000055,.000038,.000032,.000034,.000067,.000042,.000048,.000040,.000053,.000054,.000041,.000049,
.000039,.000045,.000117,.000042,.000073,.000057,.000055,.000037,.000033,.000059,.000035,.000057,.000020,.000026,
.000040,.000036,.000112,.000039,.000057,.000057,.000062,.000044,.000053,.000078,.000046,.000058,.000053,.000037,
.000041,.000078,.000042,.000046,.000079,.000069,.000049,.000051,.000033,.000078,.000049,.000052,.000021,
.000042,.000034,.000101,.000039,.000060,.000045,.000050,.000077,.000074,.000046,.000026,
.000039,.000037,.000136,.000036,.000061,.000046,.000061,.000013,.000033,.000057,.000078,.000046,.000044,
.000038,.000057,.000067,.000038,.000064,.000052,.000049,.000040,.000066,.000035,.000049,
.000040,.000037,.000127,.000037,.000061,.000044,.000047,.000036,.000056,.000057,.000036,.000063,
.000051,.000036,.000036,.000036,.000062,.000045,.000084,.000045,.000084,.000084,.000063,.000054,
.000041,.000059,.000131,.000062,.000097,.000094,.000077,.000128,.000072,.000093,.000099,.000085,.000107,
.000066,.000037,.000064,.000035,.000064,.000062,.000049,.000036,.000053,.000062,.000034,.000051,.000067,
.000040,.000034,.000058,.000038,.000068,.000051,.000128,.000064,.000074,.000060,.000041,.000045,.000048,.000026,
.000039,.000035,.000107,.000037,.000069,.000051,.000049,.000033,.000063,.000079,.000048,.000045,.000069,
.000046,.000034,.000037,.000070,.000066,.000049,.000049,.000033,.000058,.000055,.000060,.000048,
.000037,.000036,.000039,.000038,.000084,.000043,.000049,.000052,.000052,.000057,.000035,.000072,.000106,
.000040,.000037,.000040,.000038,.000061,.000050,.000051,.000036,.000034,.000067,.000054,.000048,.000019,
.000038,.000052,.000060,.000037,.000079,.000080,.000051,.000054,.000048,.000070,.000061,.000049,.000144,
.000061,.000041,.000067,.000035,.000067,.000060,.000049,.000072,.000026,.000071,.000086,.000047,.000052,.000047,.000073,
.000042,.000072,.000131,.000036,.000064,.000050,.000059,.000035,.000034,.000063,.000043,.000047,.000059,
.000039,.000035,.000036,.000040,.000066,.000060,.000073,.000058,.000108,.000086,.000098,.000076,.000078,
.000064,.000036,.000033,.000039,.000057,.000046,.000063,.000059,.000041,.000056,.000035,.000046,
.000039,.000037,.000051,.000040,.000057,.000040,.000049,.000056,.000048,.000075,.000035,.000046,.000045,
.000049,.000046,.000118,.000036,.000056,.000043,.000057,.000034,.000061,.000063,.000066,.000046,
.000039,.000034,.000115,.000041,.000063,.000045,.000055,.000025,.000089,.000075,.000096,.000068,.000054,
.000038,.000035,.000038,.000036,.000058,.000046,.000050,.000033,.000072,.000081,.000073,.000049,.000081,.000044,.000022,
.000038,.000036,.000092,.000036,.000057,.000041,.000045,.000036,.000056,.000064,.000047,.000059,.000034,
.000044,.000038,.000041,.000036,.000092,.000059,.000049,.000039,.000034,.000055,.000035,.000056,
.000075,.000034,.000037,.000050,.000065,.000048,.000100,.000021,.000044,.000073,.000042,.000055,.000040,
.000040,.000035,.000058,.000038,.000059,.000052,.000059,.000037,.000036,.000058,.000069,.000057,.000022,
.000043,.000048,.000112,.000040,.000067,.000045,.000050,.000037,.000034,.000068,.000036,.000049,.000044,.000072,
.000130,.000040,.000064,.000036,.000062,.000046,.000051,.000023,.000074,.000073,.000074,.000058,
.000097,.000036,.000081,.000064,.000112,.000121,.000089,.000033,.000044,.000109,.000044,.000058,
.000046,.000035,.000113,.000034,.000058,.000046,.000050,.000028,.000044,.000058,.000273,.000045,.000068,
.000049,.000056,.000053,.000042,.000071,.000060,.000056,.000045,.000046,.000064,.000038,.000056,.000029,
.000044,.000044,.000317,.000040,.000074,.000051,.000089,.000028,.000047,.000074,.000041,.000075,.000075,
.000067,.000043,.000041,.000044,.000065,.000052,.000048,.000036,.000038,.000064,.000042,.000052,.000050,
.000045,.000040,.000120,.000040,.000071,.000055,.000054,.000049,.000066,.000072,.000069,.000070,.000026,
.000044,.000044,.000040,.000041,.000070,.000049,.000054,.000040,.000037,.000071,.000039,.000066,.000084,
.000047,.000039,.000110,.000043,.000059,.000051,.000053,.000043,.000020,.000108,.000072,.000064,
.000045,.000048,.000041,.000041,.000077,.000057,.000087,.000076,.000040,.000075,.000041,.000055,.000031,
.000043,.000039,.000038,.000038,.000065,.000116,.000051,.000066,.000069,.000083,.000053,
.000044,.000039,.000120,.000042,.000074,.000054,.000056,.000079,.000039,.000054,.000093,
.000044,.000041,.000150,.000040,.000063,.000049,.000075,.000032,.000053,.000094,.000040,.000075,.000068,
.000043,.000076,.000081,.000045,.000066,.000051,.000055,.000027,.000060,.000067,.000072,.000051,.000015,
.000095,.000040,.000045,.000040,.000063,.000047,.000088,.000037,.000050,.000066,.000091,.000068,.000139,
.000044,.000059,.000047,.000041,.000070,.000066,.000068,.000018,.000038,.000091,.000059,.000060,.000068,.000016,
.000044,.000041,.000087,.000050,.000081,.000050,.000055,.000038,.000074,.000071,.000075,.000053,.000057,
.000044,.000040,.000147,.000043,.000066,.000053,.000084,.000027,.000038,.000069,.000040,.000075,.000089,.000056,
.000114,.000035,.000036,.000051,.000069,.000062,.000057,.000050,.000127,.000089,.000054,.000029,
.000073,.000040,.000056,.000041,.000078,.000047,.000057,.000063,.000066,.000069,.000051,.000050,.000164,.000080,
.000054,.000037,.000040,.000041,.000083,.000052,.000052,.000036,.000068,.000073,.000053,.000016,.000112,
.000057,.000041,.000098,.000043,.000066,.000051,.000056,.000040,.000037,.000067,.000041,.000055,.000033,
.000045,.000041,.000123,.000041,.000075,.000051,.000134,.000063,.000037,.000097,.000040,.000056,.000034,.000085,
.000044,.000040,.000120,.000044,.000067,.000051,.000061,.000042,.000069,.000039,.000056,.000050,
.000043,.000109,.000059,.000041,.000068,.000056,.000056,.000036,.000049,.000064,.000069,.000053,.000052,
.000043,.000036,.000039,.000044,.000069,.000051,.000053,.000066,.000109,.000055,.000066,.000022,
.000044,.000039,.000040,.000046,.000061,.000091,.000057,.000114,.000073,.000070,.000066,.000017,
.000043,.000081,.000035,.000038,.000063,.000069,.000057,.000039,.000064,.000069,.000054,.000064,
.000056,.000039,.000043,.000043,.000069,.000060,.000114,.000042,.000060,.000068,.000041,.000059,.000051,
.000044,.000042,.000039,.000044,.000070,.000049,.000055,.000058,.000020,.000064,.000104,.000061,.000031,.000076,
.000044,.000037,.000166,.000044,.000070,.000051,.000056,.000038,.000056,.000070,.000085,.000077,.000057,.000058,
.000046,.000041,.000058,.000043,.000063,.000085,.000055,.000134,.000017,.000065,.000040,.000058,.000015,
.000053,.000039,.000041,.000041,.000069,.000052,.000051,.000039,.000038,.000086,.000049,.000054,
.000071,.000043,.000126,.000039,.000066,.000054,.000057,.000037,.000074,.000042,.000054,.000031,
.000045,.000039,.000066,.000163,.000069,.000052,.000057,.000040,.000038,.000071,.000054,.000054,.000048,
.000045,.000040,.000038,.000045,.000067,.000060,.000056,.000028,.000037,.000108,.000077,.000144,
.000044,.000150,.000070,.000041,.000090,.000062,.000054,.000048,.000063,.000066,.000050,
.000044,.000059,.000034,.000057,.000068,.000054,.000057,.000046,.000028,.000067,.000038,.000055,.000048,
.000044,.000043,.000040,.000040,.000116,.000051,.000058,.000059,.000069,.000094,.000039,.000056,
.000046,.000045,.000040,.000058,.000072,.000054,.000071,.000050,.000057,.000078,.000051,.000063,.000018,.000019,.000012,
.000047,.000046,.000121,.000075,.000094,.000063,.000065,.000051,.000022,.000063,.000040,.000056,
.000043,.000049,.000217,.000039,.000077,.000054,.000057,.000039,.000049,.000069,.000070,.000055,.000052,
.000048,.000039,.000127,.000041,.000066,.000048,.000055,.000125,.000059,.000061,.000097,.000053,.000049,
.000044,.000042,.000140,.000042,.000068,.000060,.000056,.000069,.000066,.000081,.000044,.000055,.000050,
.000045,.000040,.000150,.000044,.000062,.000051,.000079,.000041,.000016,.000073,.000038,.000053,.000053,.000037,
.000045,.000035,.000149,.000042,.000067,.000057,.000058,.000056,.000064,.000067,.000055,.000050,
.000047,.000040,.000043,.000049,.000071,.000056,.000056,.000066,.000073,.000061,.000090,.000054,
.000044,.000059,.000040,.000047,.000068,.000054,.000056,.000040,.000038,.000063,.000083,.000057,
.000045,.000040,.000044,.000042,.000078,.000050,.000057,.000062,.000076,.000067,.000384,.000053,.000166,.000057,
.000054,.000041,.000075,.000044,.000065,.000062,.000057,.000038,.000029,.000085,.004566,.000055,
.000045,.000068,.000145,.000039,.000079,.000066,.000059,.000040,.000064,.000070,.000086,.000054,.000052,
.000055,.000043,.000118,.000038,.000100,.000050,.000058,.000039,.000052,.000092,.000088,.000060,
.000045,.000043,.000139,.000041,.000124,.000052,.000056,.000039,.000099,.000062,.000085,.000054,
.000053,.000037,.000104,.000044,.000069,.000050,.000053,.000037,.000050,.000065,.000087,.000053,
