.000076,.000036,.000040,.000040,.000061,.000046,.000048,.000033,.000049,.000052,.000115,
.000039,.000038,.000035,.000040,.000072,.000045,.000049,.000032,.000060,.000055,.000055,
.000048,.000035,.000025,.000038,.000083,.000061,.000047,.000056,.000034,
.000043,.000036,.000033,.000041,.000055,.000072,.000052,.000033,.000058,.000053,.000061,
.000039,.000033,.000118,.000035,.000055,.000048,.000067,.000064,.000022,.000058,.000074,
.000047,.000040,.000086,.000042,.000054,.000053,.000057,.000037,.000066,.000097,
.000055,.000039,.000047,.000037,.000061,.000047,.000055,.000044,.000584,.000062,.000073,
.000056,.000039,.000156,.000042,.000064,.000050,.000055,.000036,.000024,.000062,.000067,
.000047,.000041,.000119,.000044,.000060,.000049,.000054,.000037,.000063,.000042,
.000043,.000039,.000048,.000070,.000096,.000048,.000055,.000037,.000092,.000065,.000069,
.000042,.000042,.000038,.000042,.000067,.000048,.000054,.000036,.000060,.000061,.000042,
.000044,.000039,.000071,.000048,.000065,.000050,.000057,.000024,.000041,.000071,.000062,
.000053,.000044,.000054,.000043,.000064,.000059,.000097,.000075,.000079,.000115,.000099,
.000045,.000072,.000070,.000041,.000074,.000046,.000057,.000060,.000068,.000068,.000040,
.000043,.000051,.000054,.000073,.000093,.000053,.000058,.000039,.000056,.000070,.000090,
.000075,.000073,.000071,.000038,.000081,.000057,.000058,.000068,.000029,.000069,.000043,
.000048,.000045,.000069,.000041,.000071,.000054,.000053,.000039,.000042,.000067,.000119,
.000043,.000071,.000081,.000081,.000115,.000099,.000069,.000029,.000069,.000041,
.000059,.000039,.000047,.000037,.000067,.000094,.000057,.000093,.000096,.000094,
.000054,.000046,.000042,.000041,.000076,.000049,.000057,.000038,.000063,.000070,.000068,
.000043,.000041,.000135,.000043,.000064,.000048,.000056,.000041,.000038,.000070,.000040,
.000044,.000042,.000113,.000042,.000071,.000052,.000053,.000038,.000123,.000068,.000094,
.000044,.000055,.000053,.000041,.000077,.000051,.000055,.000039,.000063,.000042,
.000043,.000039,.000115,.000043,.000064,.000052,.000055,.000097,
.000043,.000062,.000073,.000079,.000103,.000093,.000084,.000077,.000079,.000104,.000085,
.000045,.000072,.000159,.000069,.000113,.000093,.000060,.000025,.000070,.000101,
.000044,.000040,.000123,.000041,.000068,.000050,.000055,.000040,.000065,.000071,
.000043,.000040,.000078,.000078,.000066,.000050,.000061,.000078,.000075,.000113,.000043,
.000044,.000046,.000105,.000045,.000062,.000050,.000062,.000037,.000010,.000076,.000117,
.000044,.000043,.000098,.000049,.000068,.000051,.000057,.000043,.000051,.000126,.000044,
.000044,.000055,.000073,.000040,.000066,.000053,.000086,.000050,.000065,.000077,
.000045,.000050,.000126,.000046,.000105,.000084,.000099,.000067,.000062,.000111,.000063,
.000045,.000075,.000077,.000073,.000112,.000059,.000062,.000041,.000024,.000093,.000074,
.000045,.000042,.000145,.000039,.000120,.000054,.000058,.000025,.000069,.000067,.000047,
.000045,.000035,.000074,.000070,.000076,.000047,.000054,.000037,.000049,.000067,.000114,
.000043,.000039,.000118,.000034,.000066,.000047,.000055,.000050,.000063,.000070,
.000052,.000044,.000039,.000041,.000075,.000053,.000057,.000045,.000108,.000042,
.000051,.000038,.000101,.000040,.000060,.000055,.000055,.000019,.000063,.003613,
.000044,.000035,.000038,.000040,.000080,.000059,.000060,.000040,.000038,.000074,.000039,
.000044,.000043,.000042,.000043,.000067,.000051,.000055,.000036,.000088,.000076,.000065,
.000044,.000043,.000039,.000043,.000070,.000051,.000052,.000042,.000080,.000047,
.000051,.000058,.000039,.000040,.000065,.000052,.000056,.000054,.000105,.000039,
.000046,.000040,.000042,.000038,.000067,.000049,.000057,.000027,.000038,.000116,.000050,
.000046,.000042,.000042,.000044,.000100,.000050,.000053,.000037,.000061,.000066,.000046,
.000044,.000042,.000039,.000049,.000063,.000048,.000057,.000058,.000058,.000066,.000042,
.000061,.000042,.000039,.000043,.000064,.000049,.000055,.000018,.000016,.000105,.000047,
.000045,.000042,.000041,.000038,.000066,.000048,.000056,.000033,.000042,.000092,.000042,
.000094,.000043,.000040,.000042,.000063,.000047,.000054,.000027,.000025,.000064,.000043,
.000056,.000037,.000053,.000041,.000073,.000050,.000054,.000105,.000050,.000074,.000040,
.000087,.000037,.000039,.000050,.000065,.000048,.000054,.000036,.000085,.000064,.000070,
.000060,.000043,.000045,.000040,.000068,.000049,.000052,.000040,.000064,.000066,.000170,
.000051,.000042,.000087,.000076,.000116,.000098,.000053,.000038,.000036,.000106,.000039,
.000045,.000040,.000040,.000040,.000063,.000049,.000055,.000091,.000069,.000216,
.000044,.000042,.000045,.000054,.000060,.000049,.000053,.000038,.000053,.000067,.000060,
.000052,.000049,.000041,.000042,.000061,.000047,.000049,.000019,.000067,.000040,
.000044,.000069,.000037,.000038,.000071,.000047,.000054,.000063,.000024,.000073,.000039,
.000044,.000039,.000078,.000041,.000063,.000054,.000054,.000037,.000061,.000082,
.000044,.000042,.000040,.000045,.000069,.000050,.000056,.000038,.000071,.000081,
.000046,.000039,.000168,.000040,.000065,.000048,.000053,.000062,.000063,
.000045,.000043,.000036,.000038,.000066,.000049,.000055,.000020,.000090,.000067,.000043,
.000080,.000045,.000162,.000076,.000128,.000088,.000058,.000023,.000039,.000079,.000048,
.000054,.000040,.000042,.000039,.000076,.000065,.000051,.000040,.000054,.000067,.000067,
.000045,.000041,.000175,.000054,.000085,.000065,.000069,.000048,.000088,.000063,.000042,
.000043,.000041,.000138,.000039,.000066,.000047,.000054,.000038,.000067,.000049,
.000054,.000041,.000037,.000044,.000073,.000051,.000061,.000228,.000018,.000077,.000040,
.000045,.000065,.000067,.000075,.000115,.000088,.000055,.000038,.000048,.000070,.000081,
.000043,.000038,.000190,.000043,.000079,.000052,.000061,.000039,.000069,.000103,
.000073,.000049,.000042,.000048,.000084,.000066,.000055,.000166,.000082,.000039,
.000054,.000078,.000040,.000042,.000068,.000106,.000063,.000058,.000038,.000112,.000048,
.000061,.000040,.000145,.000043,.000063,.000050,.000055,.000027,.000023,.000060,.000043,
.000043,.000042,.000040,.000045,.000067,.000046,.000056,.000035,.000019,.000066,.000069,
.000042,.000038,.000040,.000054,.000063,.000048,.000081,.000037,.000050,.000073,.000074,
.000045,.000042,.000051,.000046,.000061,.000049,.000059,.000041,.000038,.000058,.000037,
.000043,.000041,.000062,.000044,.000063,.000052,.000060,.000117,.000065,.000080,.000039,
.000044,.000039,.000041,.000046,.000062,.000051,.000061,.000076,.000050,.000134,.000040,
.000045,.000046,.000036,.000043,.000069,.000053,.000056,.000094,.000045,
.000045,.000042,.000148,.000041,.000135,.000054,.000086,.000039,.000038,.000098,.000040,
.000050,.000041,.000044,.000042,.000077,.000054,.000056,.000074,.000075,
.000044,.000039,.000124,.000040,.000068,.000063,.000056,.000038,.000020,.000067,.000067,
.000081,.000036,.000039,.000042,.000067,.000054,.000062,.000038,.000062,.000064,.000075,
.000052,.000040,.000112,.000045,.000064,.000049,.000055,.000040,.000052,.000064,.000067,
.000065,.000037,.000121,.000040,.000108,.000051,.000055,.000053,.000078,.000068,.000080,
.000081,.000061,.000069,.000066,.000116,.000091,.000086,.000095,.000074,.000122,.000064,
.000098,.000036,.000105,.000044,.000067,.000048,.000059,.000075,.000080,.000106,
.000044,.000056,.000077,.000075,.000119,.000099,.000055,.000017,.000016,.000074,.000041,
.000044,.000051,.000042,.000043,.000066,.000054,.000087,.000037,.000064,.000078,.000050,
.000045,.000042,.000040,.000062,.000066,.000055,.000056,.000038,.000074,.000044,
.000046,.000037,.000059,.000062,.000079,.000063,.000056,.000037,.000090,.000111,.000043,
.000045,.000042,.000041,.000042,.000070,.000047,.000055,.000069,.000040,
.000045,.000042,.000041,.000049,.000077,.000050,.000055,.000086,.000061,.000070,.000082,
.000275,.000042,.000038,.000054,.000089,.000064,.000069,.000053,.000083,.000084,.000053,
.000043,.000049,.000101,.000057,.000085,.000063,.000061,.000036,.000073,.000067,
.000044,.000041,.000032,.000040,.000075,.000050,.000054,.000128,.000064,.000039,
.000043,.000074,.000040,.000044,.000072,.000061,.000064,.000085,.000039,.000076,.000072,
.000049,.000041,.000118,.000044,.000082,.000063,.000056,.000041,.000038,.000066,.000040,
.000048,.000077,.000082,.000074,.000104,.000098,.000068,.000080,.000038,
.000044,.000042,.000039,.000071,.000059,.000049,.000056,.000039,.000045,.000071,.000038,
.000054,.000040,.000037,.000043,.000061,.000050,.000136,.000065,.000078,.000112,.000068,
.000043,.000068,.000067,.000041,.000070,.000054,.000053,.000040,.000037,.000081,.000039,
.000044,.000038,.000039,.000043,.000069,.000055,.000056,.000037,.000029,.000072,.000117,
.000043,.000067,.000068,.000071,.000113,.000081,.000070,.000048,.000046,.000080,.000066,
.000063,.000037,.000037,.000045,.000067,.000057,.000068,.000039,.000076,.000064,.000079,
.000045,.000040,.000051,.000043,.000072,.000049,.000100,.000024,.000039,.000101,.000041,
.000043,.000043,.000125,.000043,.000070,.000055,.000086,.000036,.000085,.000072,.000082,
.000045,.000041,.000037,.000057,.000065,.000051,.000056,.000129,.000071,.000068,.000040,
.000043,.000040,.000056,.000041,.000063,.000051,.000055,.000029,.000044,.000067,.000040,
.000045,.000034,.000141,.000040,.000065,.000049,.000054,.000028,.000058,.000063,
.000043,.000042,.000151,.000039,.000070,.000051,.000055,.000038,.000038,.000065,.000040,
.000053,.000039,.000042,.000037,.000066,.000054,.000056,.000042,.000069,.000040,
.000044,.000041,.000039,.000076,.000073,.000056,.000055,.000038,.000116,.000070,.000070,
.000044,.000039,.000039,.000045,.000066,.000057,.000057,.000037,.000085,.000067,.000071,
.000115,.000039,.000122,.000048,.000063,.000053,.000055,.000037,.000044,.000069,.000056,
.000045,.000043,.000039,.000040,.000083,.000064,.000056,.000037,.000056,.000063,.000111,
.000072,.000045,.000038,.000047,.000081,.000065,.000057,.000133,.000069,.000069,.000083,
.000061,.000044,.000165,.000041,.000081,.000053,.000055,.000038,.000055,.000061,.000039,
.000044,.000036,.000122,.000038,.000063,.000055,.000057,.000057,.000037,.000095,.000048,
.000047,.000064,.000041,.000042,.000066,.000047,.000055,.000038,.000068,.000063,.000052,
.000056,.000042,.000151,.000039,.000064,.000048,.000065,.000042,.000079,.000046,
.000071,.000043,.000157,.000071,.000069,.000049,.000054,.000117,.000058,.000086,.000044,
.000059,.000043,.000118,.000040,.000065,.000048,.000054,.000021,.000065,.000050,
.000045,.000039,.000074,.000043,.000087,.000063,.000054,.000137,.000063,.000067,
.000055,.000041,.000047,.000045,.000091,.000057,.000073,.000082,.000041,
.000050,.000035,.000049,.000038,.000082,.000051,.000055,.000039,.000021,.000064,.000039,
.000048,.000044,.000120,.000043,.000080,.000059,.000055,.000131,.000073,.000082,.000040,
.000044,.000039,.000123,.000041,.000071,.000048,.000069,.000028,.000050,.000064,.000064,
.000095,.000042,.000037,.000037,.000064,.000048,.000053,.000046,.000054,.000042,
.000044,.000040,.000125,.000047,.000065,.000050,.000056,.000037,.000053,.000064,.000068,
.000044,.000039,.000042,.000043,.000064,.000048,.000055,.000123,.000049,.000062,.000042,
.000046,.000039,.000158,.000044,.000063,.000050,.000054,.000091,.000072,.000040,
.000053,.000040,.000147,.000064,.000068,.000048,.000054,.000038,.000053,.000062,.000069,
.000044,.000037,.000047,.000040,.000086,.000054,.000056,.000037,.000069,.000073,
.000069,.000041,.000044,.000057,.000059,.000048,.000052,.000063,.000039,
.000044,.000042,.000039,.000038,.000072,.000048,.000055,.000046,.000037,.000068,.000069,
.000047,.000045,.000119,.000070,.000066,.000050,.000057,.000036,.000106,.000084,
.000062,.000038,.000060,.000073,.000066,.000049,.000053,.000041,.000038,.000073,.000068,
.000043,.000039,.000040,.000042,.000073,.000051,.000056,.000042,.000058,.000069,.000042,
.000045,.000038,.000063,.000040,.000094,.000047,.000056,.000037,.000066,.000039,
.000044,.000043,.000216,.000040,.000086,.000053,.000063,.000040,.000065,.000071,.000040,
.000048,.000043,.000035,.000039,.000072,.000064,.000069,.000031,.000088,.000052,
.000064,.000039,.000043,.000100,.000060,.000076,.000056,.000037,.000050,.000069,.000085,
.000060,.000052,.000055,.000055,.000087,.000075,.000057,.000145,.000054,.000064,.000067,
.000043,.000042,.000041,.000044,.000068,.000052,.000057,.000041,.000067,.000052,
.000044,.000037,.000040,.000044,.000063,.000050,.000059,.000053,.000037,.000062,.000054,
.000043,.000039,.000127,.000042,.000060,.000051,.000055,.000050,.000138,.000070,
.000048,.000040,.000035,.000042,.000077,.000047,.000050,.000017,.000036,.000058,.000055,
.000043,.000041,.000045,.000071,.000121,.000091,.000055,.000065,.000043,
.000044,.000043,.000036,.000046,.000067,.000049,.000056,.000073,.000037,.000070,.000039,
.000043,.000038,.000041,.000040,.000061,.000049,.000084,.000129,.000069,.000064,.000083,
.000044,.000043,.000039,.000041,.000071,.000051,.000052,.000056,.000039,.000063,.000095,
.000045,.000035,.000040,.000044,.000068,.000051,.000057,.000038,.000039,.000070,.000071,
.000044,.000042,.000044,.000041,.000072,.000091,.000056,.000039,.000067,.000071,
.000044,.000043,.000112,.000051,.000086,.000066,.000054,.000046,.000018,.000062,.000044,
.000045,.000038,.000050,.000043,.000072,.000058,.000067,.000018,.000061,.000066,
.000049,.000040,.000042,.000041,.000069,.000056,.000055,.000039,.000063,.000111,
.000044,.000040,.000065,.000048,.000067,.000048,.000057,.000038,.000061,.000068,.000044,
.000044,.000060,.000043,.000041,.000062,.000049,.000057,.000120,.000045,.000066,.000052,
.000045,.000058,.000037,.000042,.000084,.000070,.000056,.000045,.000081,.000064,.000090,
.000044,.000042,.000039,.000042,.000078,.000050,.000056,.000060,.000051,.000064,.000038,
.000048,.000052,.000123,.000044,.000143,.000095,.000104,.000069,.000080,.000071,.000069,
.000125,.000039,.000145,.000043,.000100,.000055,.000052,.000058,.000049,.000069,.000047,
.000045,.000038,.000039,.000043,.000116,.000104,.000067,.000051,.000087,.000039,
.000044,.000039,.000156,.000041,.000123,.000082,.000057,.000022,.000103,.000047,
.000045,.000043,.000036,.000046,.000060,.000048,.000055,.000037,.000066,.000074,
.000050,.000042,.000039,.000039,.000069,.000048,.000055,.000057,.000063,.000041,
.000045,.000041,.000059,.000041,.000071,.000052,.000056,.000040,.000051,.000065,.000071,
.000044,.000040,.000042,.000047,.000066,.000048,.000056,.000040,.000039,.000065,.000039,
.000035,.000041,.000039,.000043,.000061,.000044,.000049,.000033,.000066,.000064,.000038,
.000039,.000035,.000245,.000045,.000060,.000042,.000071,.000033,.000057,.000101,.000089,
.000047,.000042,.000040,.000038,.000053,.000053,.000046,.000044,.000059,.000071,
.000039,.000034,.000155,.000035,.000060,.000049,.000049,.000044,.000073,.000047,
.000039,.000039,.000034,.000038,.000104,.000043,.000046,.000047,.000066,.000036,
.000050,.000033,.000036,.000038,.000066,.000049,.000048,.000051,.000033,.000058,.000034,
.000051,.000033,.000106,.000043,.000053,.000045,.000049,.000032,.000058,.000059,.000058,
.000039,.000037,.000040,.000034,.000091,.000081,.000049,.000071,.000075,.000063,.000036,
.000086,.000038,.000034,.000036,.000062,.000043,.000068,.000032,.000058,.000058,.000059,
.000046,.000036,.000171,.000040,.000058,.000044,.000049,.000038,.000033,.000055,.000038,
.000112,.000050,.000035,.000039,.000058,.000050,.000048,.000036,.000045,.000054,.000037,
.000039,.000035,.000037,.000061,.000056,.000045,.000047,.000023,.000080,.000042,
.000039,.000034,.000057,.000036,.000104,.000051,.000049,.000035,.000038,.000072,.000044,
.000043,.000037,.000040,.000119,.000069,.000051,.000054,.000038,.000076,.000071,.000050,
.000052,.000045,.000145,.000076,.000136,.000093,.000114,.000098,.000073,.000122,.000075,
.000089,.000038,.000041,.000041,.000089,.000058,.000053,.000093,.000035,.000070,.000050,
.000044,.000038,.000039,.000044,.000060,.000095,.000060,.000061,.000063,.000089,
.000085,.000040,.000143,.000043,.000069,.000058,.000056,.000040,.000073,.000089,.000042,
.000044,.000047,.000039,.000040,.000094,.000053,.000058,.000040,.000064,.000075,.000041,
.000052,.000088,.000036,.000040,.000084,.000054,.000057,.000050,.000068,.000133,.000087,
.000044,.000036,.000206,.000044,.000064,.000077,.000056,.000049,.000046,.000068,.000040,
.000043,.000100,.000037,.000043,.000067,.000049,.000055,.000038,.000056,.000067,.000069,
.000043,.000043,.000045,.000048,.000065,.000049,.000056,.000054,.000066,.000039,
.000060,.000040,.000141,.000044,.000071,.000058,.000056,.000042,.000041,.000078,.000084,
.000048,.000039,.000176,.000040,.000082,.000060,.000057,.000081,.000084,.000084,.000041,
.000046,.000044,.000192,.000041,.000074,.000098,.000084,.000066,.000061,.000105,.000065,
.000044,.000036,.000039,.000039,.000117,.000090,.000065,.000038,.000059,.000071,.000100,
.000045,.000040,.000036,.000041,.000056,.000048,.000055,.000040,.000048,.000105,.000038,
.000044,.000078,.000170,.000042,.000064,.000052,.000050,.000040,.000037,.000059,.000037,
.000046,.000044,.000206,.000048,.000060,.000049,.000056,.000052,.000090,.000065,.000042,
.000044,.000041,.000119,.000046,.000061,.000080,.000055,.000038,.000049,.000066,.000042,
.000043,.000041,.000037,.000042,.000068,.000048,.000104,.000052,.000065,.000086,.000079,
.000044,.000041,.000041,.000043,.000064,.000053,.000062,.000041,.000061,.000039,
.000134,.000044,.000038,.000043,.000063,.000051,.000055,.000039,.000062,.000065,.000039,
.000044,.000040,.000167,.000042,.000066,.000054,.000056,.000020,.000063,.000039,
.000043,.000039,.000042,.000039,.000066,.000050,.000055,.000035,.000049,.000062,.000066,
.000047,.000043,.000039,.000043,.000079,.000073,.000069,.000051,.000050,.000105,.000052,
.000047,.000051,.000072,.000041,.000086,.000066,.000069,.000049,.000066,.000082,.000080,
.000043,.000044,.000046,.000046,.000064,.000050,.000055,.000048,.000072,.000071,.000040,
.000048,.000036,.000040,.000040,.000128,.000049,.000055,.000056,.000076,.000077,.000036,
.000046,.000040,.000050,.000044,.000069,.000050,.000058,.000052,.000093,.000065,.000067,
.000056,.000065,.000085,.000040,.000064,.000050,.000056,.000044,.000056,.000065,.000043,
.000049,.000042,.000047,.000081,.000062,.000051,.000068,.000057,.000044,.000067,.000050,
.000058,.000039,.000112,.000045,.000066,.000047,.000098,.000056,.000037,.000065,.000040,
.000044,.000043,.000041,.000037,.000071,.000051,.000063,.000038,.000038,.000063,.000044,
.000045,.000039,.000036,.000042,.000060,.000051,.000055,.000041,.000039,.000063,.000040,
.000046,.000038,.000114,.000039,.000065,.000048,.000054,.000036,.000067,.000038,
.000043,.000042,.000036,.000038,.000066,.000052,.000054,.000046,.000021,.000064,.000039,
.000045,.000039,.000118,.000042,.000066,.000050,.000060,.000066,.000039,
.000090,.000039,.000137,.000044,.000063,.000050,.000057,.000059,.000080,.000069,
.000045,.000036,.000187,.000045,.000063,.000050,.000056,.000017,.000068,.000039,
.000043,.000040,.000040,.000065,.000078,.000058,.000054,.000040,.000050,.000068,.000041,
.000044,.000045,.000048,.000044,.000066,.000050,.000056,.000039,.000025,.000062,.000239,
.000044,.000080,.000046,.000041,.000071,.000051,.000053,.000038,.000066,.000063,.000066,
.000044,.000043,.000076,.000041,.000060,.000050,.000048,.000025,.000033,.000061,.000048,
.000030,.000035,.000025,.000038,.000058,.000044,.000048,.000037,.000033,.000056,.000035,
.000039,.000037,.000100,.000035,.000063,.000044,.000047,.000025,.000094,.000066,
.000069,.000043,.000043,.000035,.000054,.000076,.000062,.000026,.000097,.000084,.000059,
.000043,.000035,.000032,.000035,.000061,.000040,.000048,.000034,.000081,.000053,.000063,
.000038,.000035,.000034,.000061,.000058,.000055,.000054,.000050,.000034,.000057,.000034,
.000038,.000035,.000039,.000034,.000057,.000061,.000045,.000037,.000054,.000052,.000035,
.000038,.000035,.000146,.000039,.000058,.000043,.000048,.000034,.000086,.000057,.000035,
.000038,.000034,.000138,.000036,.000075,.000048,.000049,.000032,.000066,.000059,.000072,
.000039,.000033,.000033,.000039,.000062,.000049,.000044,.000038,.000055,.000034,
.000038,.000038,.000035,.000036,.000055,.000046,.000048,.000032,.000068,.000053,.000072,
.000038,.000033,.000035,.000035,.000056,.000041,.000048,.000040,.000057,.000051,
.000039,.000033,.000062,.000034,.000061,.000045,.000046,.000056,.000032,.000056,.000037,
.000039,.000041,.000054,.000046,.000071,.000061,.000082,.000016,.000059,.000068,
.000049,.000030,.000038,.000037,.000061,.000044,.000052,.000033,.000022,.000074,.000073,
.000071,.000055,.000074,.000047,.000100,.000087,.000042,.000033,.000033,.000058,.000055,
.000043,.000034,.000129,.000036,.000061,.000046,.000085,.000033,.000066,.000056,.000058,
.000038,.000035,.000102,.000039,.000062,.000042,.000052,.000033,.000018,.000057,.000039,
.000039,.000034,.000058,.000037,.000083,.000074,.000047,.000055,.000101,
.000041,.000038,.000034,.000036,.000060,.000056,.000049,.000033,.000064,.000057,
.000039,.000035,.000033,.000041,.000059,.000046,.000048,.000108,.000058,.000041,
.000053,.000043,.000067,.000064,.000057,.000047,.000050,.000059,.000034,
.000038,.000043,.000037,.000036,.000064,.000050,.000051,.000030,.000057,.000063,.000081,
.000039,.000035,.000042,.000039,.000066,.000051,.000048,.000033,.000044,.000061,.000038,
.000038,.000034,.000161,.000039,.000060,.000045,.000049,.000031,.000087,.000062,.000060,
.000038,.000036,.000032,.000037,.000057,.000046,.000048,.000035,.000038,.000057,.000035,
.000046,.000035,.000037,.000036,.000065,.000050,.000049,.000035,.000070,.000063,.000060,
.000039,.000039,.000054,.000056,.000067,.000046,.000048,.000038,.000058,.000058,.000093,
.000076,.000050,.000052,.000038,.000084,.000051,.000044,.000036,.000055,.000056,
.000037,.000037,.000037,.000035,.000057,.000042,.000049,.000032,.000017,.000052,.000037,
.000039,.000035,.000038,.000037,.000085,.000046,.000049,.000033,.000037,.000054,.000078,
.000039,.000035,.000118,.000035,.000067,.000049,.000050,.000030,.000076,.000055,.000066,
.000049,.000037,.000098,.000038,.000069,.000042,.000081,.000033,.000079,.000062,.000049,
.000051,.000036,.000133,.000043,.000084,.000058,.000048,.000034,.000052,.000054,.000033,
.000059,.000033,.000129,.000036,.000057,.000042,.000049,.000052,.000047,.000060,.000048,
.000041,.000043,.000046,.000033,.000081,.000055,.000049,.000052,.000058,.000056,
.000038,.000035,.000048,.000046,.000062,.000163,.000073,.000055,.000087,.000063,.000097,
.000038,.000038,.000031,.000038,.000114,.000049,.000049,.000036,.000025,.000069,.000137,
.000039,.000043,.000100,.000036,.000072,.000043,.000047,.000025,.000048,.000070,.000035,
.000038,.000037,.000037,.000053,.000083,.000062,.000055,.000023,.000076,.000040,
.000046,.000040,.000037,.000045,.000064,.000050,.000061,.000056,.000038,.000072,.000041,
.000043,.000040,.000057,.000056,.000060,.000052,.000062,.000036,.000062,.000043,
.000044,.000041,.000048,.000043,.000067,.000050,.000057,.000041,.000040,.000058,.000042,
.000044,.000042,.000040,.000044,.000059,.000050,.000056,.000020,.000073,.000065,
.000053,.000075,.000187,.000041,.000062,.000049,.000053,.000037,.000066,.000062,
.000043,.000037,.000034,.000086,.000063,.000048,.000051,.000039,.000049,.000060,.000078,
.000044,.000038,.000041,.000036,.000066,.000060,.000054,.000047,.000033,.000066,.000039,
.000045,.000040,.000135,.000038,.000067,.000049,.000057,.000060,.000060,.000067,.000059,
.000046,.000039,.000049,.000038,.000063,.000048,.000052,.000037,.000052,.000061,.000072,
.000044,.000039,.000045,.000076,.000125,.000054,.000057,.000069,.000070,
.000044,.000040,.000117,.000038,.000064,.000047,.000078,.000085,.000064,.000071,
.000062,.000043,.000109,.000043,.000075,.000052,.000054,.000079,.000071,.000057,.000037,
.000045,.000045,.000034,.000042,.000068,.000050,.000055,.000131,.000071,.000102,.000040,
.000045,.000040,.000042,.000098,.000066,.000057,.000054,.000039,.000062,.000067,
.000044,.000043,.000184,.000041,.000080,.000065,.000057,.000044,.000038,.000067,.000039,
.000047,.000039,.000154,.000056,.000065,.000055,.000055,.000039,.000065,.000040,
.000051,.000039,.000042,.000053,.000093,.000068,.000099,.000077,.000110,.003804,
.000050,.000055,.000038,.000042,.000067,.000047,.000055,.000036,.000088,.000130,.000069,
.000055,.000048,.000112,.000046,.000069,.000057,.000056,.000040,.000037,.000081,.000070,
.000044,.000043,.000041,.000041,.000063,.000053,.000051,.000056,.000037,.000087,.000082,
.000074,.000046,.000039,.000085,.000068,.000049,.000059,.000041,.000062,.000039,
.000043,.000039,.000047,.000041,.000066,.000050,.000103,.000017,.000081,.000126,
.000045,.000038,.000124,.000056,.000074,.000049,.000057,.000055,.000075,.000042,
.000045,.000043,.000039,.000040,.000063,.000049,.000056,.000069,.000042,
.000045,.000061,.000064,.000050,.000070,.000048,.000055,.000038,.000058,.000062,.000070,
.000046,.000045,.000046,.000042,.000065,.000054,.000054,.000029,.000031,.000062,.000069,
.000045,.000039,.000036,.000043,.000110,.000049,.000055,.000027,.000068,.000066,.000069,
.000048,.000075,.000123,.000053,.000116,.000062,.000072,.000078,.000062,.000067,
.000045,.000043,.000038,.000044,.000084,.000051,.000059,.000038,.000108,.000066,.000093,
.000115,.000038,.000091,.000041,.000062,.000052,.000049,.000036,.000068,.000086,
.000057,.000039,.000056,.000053,.000080,.000064,.000055,.000036,.000060,.000085,
.000043,.000055,.000041,.000042,.000075,.000063,.000061,.000047,.000080,.000079,
.000043,.000039,.000048,.000040,.000070,.000047,.000056,.000086,.000052,
.000052,.000039,.000043,.000046,.000077,.000070,.000056,.000035,.000035,.000084,.000078,
.000045,.000038,.000109,.000042,.000064,.000048,.000067,.000046,.000064,.000068,.000054,
.000045,.000062,.000039,.000037,.000066,.000051,.000052,.000055,.000037,.000064,.000039,
.000044,.000040,.000160,.000059,.000061,.000053,.000056,.000029,.000050,.000061,.000041,
.000047,.000043,.000181,.000042,.000071,.000049,.000057,.000029,.000064,.000101,.000043,
.000049,.000039,.000042,.000125,.000060,.000057,.000057,.000056,.000073,.000056,
.000061,.000040,.000040,.000044,.000064,.000059,.000052,.000038,.000039,.000081,.000078,
.000045,.000042,.000047,.000048,.000097,.000053,.000058,.000060,.000073,.000068,.000042,
.000045,.000042,.000113,.000061,.000064,.000053,.000070,.000040,.000039,.000064,.000040,
.000044,.000036,.000040,.000043,.000060,.000049,.000048,.000034,.000047,.000069,
.000052,.000033,.000037,.000035,.000060,.000043,.000049,.000036,.000057,.000067,
.000046,.000034,.000042,.000034,.000060,.000048,.000057,.000029,.000055,.000059,
.000045,.000039,.000036,.000033,.000061,.000042,.000059,.000111,.000045,.000054,.000064,
.000076,.000035,.000053,.000047,.000067,.000057,.000066,.000044,.000071,.000047,
.000043,.000043,.000118,.000047,.000116,.000043,.000064,.000034,.000022,.000058,.000063,
.000040,.000044,.000042,.000045,.000075,.000055,.000067,.000043,.000055,.000091,.000052,
.000050,.000035,.000072,.000036,.000061,.000047,.000091,.000058,.000030,.000080,.000080,
.000039,.000039,.000036,.000036,.000061,.000046,.000050,.000038,.000036,.000065,.000050,
.000045,.000038,.000101,.000038,.000102,.000042,.000044,.000035,.000038,.000060,.000038,
.000039,.000035,.000083,.000034,.000062,.000043,.000086,.000049,.000105,.000055,.000061,
.000046,.000039,.000061,.000042,.000054,.000046,.000050,.000036,.000048,.000059,.000046,
.000038,.000035,.000139,.000036,.000056,.000041,.000049,.000041,.000063,.000074,.000038,
.000038,.000037,.000034,.000043,.000052,.000049,.000049,.000078,.000062,.000107,.000060,
.000047,.000114,.000077,.000068,.000058,.000044,.000050,.000064,.000067,.000035,
.000039,.000038,.000036,.000038,.000062,.000045,.000049,.000034,.000060,.000038,
.000042,.000033,.000169,.000038,.000062,.000046,.000089,.000059,.000093,.000111,
.000037,.000048,.000038,.000041,.000068,.000047,.000076,.000033,.000116,.000053,.000093,
.000041,.000036,.000307,.000040,.000064,.000044,.000048,.000036,.000050,.000062,.000036,
.000039,.000037,.000035,.000037,.000062,.000055,.000049,.000018,.000033,.000063,.000170,
.000072,.000035,.000125,.000039,.000056,.000045,.000078,.000070,.000025,.000064,.000083,
.000038,.000037,.000159,.000061,.000057,.000045,.000048,.000035,.000037,.000063,.000034,
.000040,.000038,.000034,.000040,.000057,.000045,.000050,.000077,.000065,.000083,.000044,
.000096,.000042,.000038,.000041,.000068,.000054,.000052,.000027,.000089,.000077,
.000044,.000062,.000158,.000067,.000109,.000094,.000069,.000039,.000041,.000059,.000103,
.000046,.000073,.000080,.000070,.000113,.000093,.000052,.000042,.000041,.000063,.000042,
.000044,.000038,.000046,.000039,.000089,.000054,.000057,.000036,.000039,.000072,.000067,
.000043,.000041,.000035,.000041,.000107,.000086,.000055,.000051,.000065,.000070,
.000044,.000037,.000041,.000037,.000063,.000050,.000066,.000045,.000077,.000063,.000142,
.000043,.000042,.000038,.000042,.000065,.000049,.000053,.000048,.000040,.000065,.000081,
.000044,.000042,.000040,.000040,.000068,.000056,.000055,.000039,.000085,.000092,.000046,
.000168,.000039,.000124,.000037,.000072,.000054,.000057,.000035,.000064,.000064,.000072,
.000048,.000040,.000036,.000049,.000067,.000110,.000058,.000019,.000065,.000071,.000039,
.000076,.000044,.000107,.000056,.000093,.000056,.000054,.000077,.000054,.000120,.000071,
.000084,.000040,.000065,.000077,.000118,.000090,.000055,.000053,.000078,.000041,
.000044,.000042,.000050,.000041,.000069,.000057,.000056,.000086,.000076,.000123,.000083,
.000044,.000043,.000044,.000046,.000071,.000055,.000055,.000028,.000079,.000068,.000110,
.000045,.000042,.000046,.000041,.000104,.000054,.000090,.000037,.000081,.000075,.000049,
.000094,.000045,.000071,.000042,.000068,.000087,.000062,.000039,.000024,.000065,.000109,
.000043,.000044,.000062,.000037,.000069,.000051,.000055,.000086,.000080,.000082,
.000055,.000047,.000046,.000047,.000065,.000058,.000056,.000040,.000073,.000043,
.000054,.000043,.000051,.000056,.000134,.000115,.000099,.000117,.000079,.000124,.000084,
.000044,.000037,.000076,.000042,.000070,.000058,.000058,.000067,.000101,.000045,
.000097,.000041,.000097,.000070,.000067,.000075,.000085,.000022,.000082,.000041,
.000037,.000046,.000126,.000056,.000092,.000072,.000064,.000070,.000069,.000040,
.000045,.000038,.000046,.000047,.000065,.000053,.000055,.000046,.000084,.000041,
.000054,.000039,.000042,.000044,.000067,.000049,.000073,.000038,.000069,.000068,.000040,
.000044,.000072,.000071,.000074,.000105,.000086,.000053,.000067,.000044,
.000043,.000038,.000041,.000039,.000067,.000051,.000052,.000061,.000082,.000082,
.000049,.000066,.000040,.000067,.000070,.000066,.000059,.000043,.000037,.000089,.000152,
.000079,.000057,.000052,.000045,.000073,.000091,.000057,.000058,.000103,.000070,.000234,
.000044,.000049,.000042,.000042,.000065,.000049,.000055,.000036,.000051,.000085,.000042,
.000048,.000041,.000037,.000043,.000065,.000052,.000055,.000039,.000064,.000040,
.000056,.000041,.000036,.000059,.000060,.000050,.000060,.000050,.000078,.000088,.000139,
.000036,.000045,.000047,.000042,.000078,.000051,.000056,.000040,.000038,.000072,.000039,
.000043,.000040,.000052,.000040,.000082,.000065,.000064,.000061,.000075,.000078,
.000087,.000039,.000040,.000043,.000096,.000071,.000127,.000070,.000088,.000118,.003794,
.000049,.000044,.000136,.000040,.000106,.000058,.000074,.000040,.000038,.000095,.000052,
.000044,.000051,.000051,.000045,.000067,.000052,.000051,.000046,.000039,.000085,.000077,
.000044,.000038,.000214,.000051,.000070,.000062,.000066,.000044,.000088,.000077,.000073,
.000078,.000040,.000042,.000055,.000129,.000083,.000141,.000049,.000096,.000122,.000057,
.000044,.000052,.000245,.000055,.000067,.000070,.000055,.000150,.000037,.000065,.000542,
.000149,.000045,.000034,.000041,.000070,.000056,.000057,.000057,.000071,.000040,
.000085,.000044,.000149,.000043,.000068,.000055,.000054,.000042,.000038,.000081,.000041,
.000044,.000043,.000201,.000040,.000106,.000048,.000059,.000158,.000037,.000068,.002144,
.000087,.000037,.000040,.000051,.000071,.000049,.000055,.000040,.000024,.000092,.000042,
.000044,.000041,.000226,.000043,.000076,.000056,.000066,.000047,.000089,.000076,.000065,
.000044,.000059,.000128,.000064,.000128,.000068,.000081,.000092,.000100,.000087,.000069,
.000055,.000072,.000049,.000068,.000066,.000051,.000056,.000057,.000065,.000040,
.000045,.000051,.000053,.000038,.000067,.000052,.000057,.000040,.000068,.000040,
.000065,.000037,.000048,.000041,.000102,.000081,.000097,.000071,.000070,.000123,.000080,
.000043,.000075,.000147,.000072,.000106,.000090,.000165,.000091,.000061,.000111,.000105,
.000044,.000039,.000037,.000043,.000060,.000049,.000054,.000040,.000030,.000071,.000050,
.000044,.000043,.000056,.000044,.000074,.000048,.000091,.000074,.000063,.000053,
.000069,.000041,.000036,.000037,.000069,.000048,.000053,.000056,.000037,.000066,.000091,
.000049,.000069,.000048,.000040,.000065,.000050,.000055,.000037,.000077,.000118,
.000045,.000038,.000045,.000047,.000065,.000049,.000059,.000057,.000038,.000065,.000042,
.000045,.000040,.000074,.000040,.000063,.000047,.000063,.000047,.000075,.000047,
.000054,.000043,.000043,.000041,.000061,.000050,.000057,.000027,.000055,.000076,.000076,
.000037,.000034,.000168,.000046,.000065,.000052,.000068,.000037,.000088,.000061,.000089,
.000050,.000036,.000039,.000045,.000061,.000047,.000054,.000035,.000051,.000081,.000075,
.000043,.000059,.000035,.000042,.000068,.000053,.000057,.000036,.000084,.000064,.000086,
.000045,.000040,.000121,.000040,.000061,.000048,.000057,.000079,.000084,.000090,
.000047,.000068,.000147,.000045,.000069,.000050,.000048,.000060,.000074,.000107,.000068,
.000050,.000033,.000031,.000036,.000068,.000055,.000048,.000071,.000085,.000127,.000075,
.000040,.000034,.000045,.000043,.000062,.000043,.000051,.000033,.000055,.000073,.000133,
.000045,.000037,.000035,.000039,.000076,.000053,.000049,.000049,.000034,.000071,.000045,
.000039,.000042,.000031,.000035,.000057,.000042,.000051,.000036,.000035,.000080,.000042,
.000039,.000038,.000033,.000035,.000056,.000046,.000047,.000033,.000044,.000072,.000063,
.000042,.000051,.000133,.000040,.000057,.000044,.000080,.000175,.000065,.000063,
.000039,.000043,.000119,.000037,.000059,.000044,.000052,.000037,.000055,.000036,
.000070,.000034,.000037,.000037,.000107,.000076,.000053,.000037,.000040,.000070,.000039,
.000085,.000033,.000032,.000036,.000064,.000043,.000047,.000035,.000093,.000100,
.000063,.000035,.000111,.000037,.000057,.000050,.000049,.000034,.000058,.000056,.000045,
.000077,.000035,.000056,.000066,.000053,.000072,.000049,.000033,.000097,.000054,.000038,
.000039,.000038,.000033,.000039,.000074,.000056,.000050,.000033,.000063,.000057,.000061,
.000072,.000033,.000076,.000039,.000055,.000043,.000047,.000026,.000056,.000061,.000035,
.000104,.000036,.000032,.000038,.000059,.000046,.000048,.000257,.000021,.000095,.000063,
.000050,.000033,.000210,.000034,.000056,.000043,.000047,.000034,.000081,.000060,.000107,
.000040,.000036,.000034,.000036,.000057,.000053,.000053,.000061,.000039,
.000039,.000039,.000040,.000038,.000058,.000045,.000049,.000060,.000066,
.000040,.000037,.000044,.000043,.000059,.000052,.000040,.000031,.000014,.000059,.000071,
.000039,.000037,.000031,.000039,.000061,.000046,.000049,.000036,.000063,.000061,
.000081,.000032,.000235,.000039,.000060,.000044,.000062,.000034,.000087,.000040,
.000040,.000038,.000039,.000042,.000058,.000045,.000050,.000048,.000065,.000036,
.000039,.000036,.000142,.000037,.000061,.000044,.000050,.000040,.000060,.000044,
.000039,.000034,.000037,.000036,.000056,.000043,.000047,.000037,.000082,.000057,.000060,
.000040,.000038,.000132,.000039,.000058,.000042,.000066,.000056,.000065,
.000074,.000035,.000141,.000039,.000066,.000044,.000069,.000034,.000069,.000083,.000069,
.000040,.000039,.000136,.000056,.000062,.000052,.000082,.000034,.000063,.000043,
.000046,.000041,.000045,.000041,.000071,.000051,.000050,.000057,.000039,.000067,.000067,
.000058,.000038,.000037,.000041,.000070,.000049,.000063,.000038,.000040,.000083,.000041,
.000044,.000043,.000042,.000038,.000067,.000050,.000056,.000057,.000038,.000072,.000040,
.000046,.000103,.000036,.000045,.000081,.000055,.000058,.000039,.000025,.000073,.000074,
.000068,.000041,.000037,.000043,.000068,.000051,.000055,.000051,.000066,.000065,
.000045,.000037,.000041,.000070,.000116,.000095,.000068,.000038,.000127,.000089,.000090,
.000044,.000042,.000039,.000044,.000060,.000051,.000056,.000065,.000073,
.000044,.000038,.000058,.000042,.000068,.000051,.000058,.000037,.000050,.000063,.000067,
.000044,.000042,.000175,.000044,.000076,.000067,.000050,.000042,.000065,.000076,
.000043,.000040,.000080,.000042,.000064,.000050,.000054,.000037,.000049,.000072,.000041,
.000047,.000040,.000042,.000042,.000069,.000056,.000058,.000039,.000077,.000065,.000052,
.000045,.000050,.000041,.000041,.000075,.000102,.000056,.000037,.000112,.000076,.000048,
.000047,.000053,.000054,.000077,.000070,.000052,.000056,.000121,.000028,.000084,.000041,
.000045,.000040,.000122,.000045,.000064,.000050,.000056,.000039,.000069,.000040,
.000051,.000040,.000039,.000045,.000074,.000048,.000055,.000119,.000103,.000064,.000185,
.000058,.000043,.000078,.000040,.000065,.000051,.000088,.000040,.000038,.000073,.000142,
.000045,.000042,.000077,.000040,.000067,.000047,.000059,.000039,.000028,.000071,.000041,
.000044,.000039,.000043,.000064,.000061,.000055,.000055,.000060,.000070,.000075,
.000044,.000040,.000119,.000044,.000065,.000052,.000054,.000039,.000052,.000072,.000078,
.000054,.000042,.000034,.000041,.000099,.000053,.000055,.000082,.000048,
.000046,.000037,.000149,.000075,.000067,.000047,.000052,.000057,.000038,.000063,.000039,
.000045,.000044,.000062,.000044,.000068,.000050,.000087,.000066,.000075,.000075,.000045,
.000045,.000073,.000105,.000072,.000119,.000100,.000088,.000072,.000089,.000066,.000083,
.000044,.000042,.000039,.000041,.000066,.000053,.000055,.000029,.000037,.000098,.000040,
.000044,.000037,.000045,.000039,.000070,.000047,.000056,.000038,.000029,.000064,.000067,
.000047,.000039,.000040,.000041,.000067,.000052,.000058,.000039,.000068,.000076,
.000044,.000072,.000152,.000044,.000063,.000050,.000074,.000038,.000068,.000043,
.000045,.000038,.000109,.000042,.000078,.000059,.000055,.000039,.000066,.000040,
.000043,.000042,.000039,.000044,.000064,.000058,.000055,.000067,.000073,.000073,.000069,
.000045,.000040,.000038,.000041,.000066,.000049,.000055,.000060,.000038,.000067,.000039,
.000132,.000039,.000041,.000043,.000065,.000049,.000067,.000043,.000051,.000070,.002171,
.000057,.000041,.000131,.000055,.000077,.000056,.000056,.000039,.000066,.000072,
.000044,.000039,.000043,.000043,.000068,.000053,.000056,.000036,.000054,.000091,.000068,
.000045,.000048,.000128,.000042,.000064,.000053,.000055,.000036,.000055,.000070,.000068,
.000045,.000040,.000041,.000042,.000064,.000056,.000055,.000043,.000114,.000066,.000043,
.000045,.000062,.000066,.000041,.000093,.000048,.000060,.000057,.000039,.000064,.000040,
.000044,.000043,.000038,.000044,.000062,.000050,.000056,.000040,.000037,.000065,.000081,
.000042,.000039,.000141,.000040,.000065,.000051,.000055,.000069,.000055,.000102,.000083,
.000075,.000037,.000039,.000041,.000072,.000050,.000053,.000027,.000050,.000064,.000042,
.000083,.000041,.000152,.000042,.000074,.000064,.000054,.000049,.000084,.000102,
.000044,.000048,.000038,.000041,.000069,.000051,.000055,.000127,.000044,.000064,.000041,
.000044,.000043,.000122,.000043,.000063,.000051,.000063,.000037,.000061,.000043,
.000066,.000056,.000039,.000044,.000059,.000048,.000055,.000037,.000069,.000039,
.000043,.000043,.000040,.000040,.000068,.000048,.000048,.000023,.000033,.000061,.000035,
.000038,.000033,.000036,.000048,.000054,.000043,.000049,.000099,.000075,.000057,.000039,
.000039,.000038,.000036,.000035,.000058,.000042,.000049,.000023,.000057,.000062,
.000037,.000035,.000032,.000036,.000055,.000047,.000082,.000050,.000039,.000064,.000058,
.000040,.000035,.000034,.000037,.000059,.000043,.000052,.000033,.000046,.000062,.000036,
.000039,.000034,.000044,.000036,.000058,.000044,.000048,.000020,.000053,.000071,
.000069,.000034,.000127,.000038,.000054,.000042,.000055,.000041,.000043,.000054,.000051,
.000039,.000035,.000038,.000035,.000053,.000065,.000064,.000033,.000056,.000035,
.000036,.000033,.000111,.000037,.000073,.000040,.000067,.000049,.000055,.000048,.000036,
.000039,.000034,.000049,.000041,.000071,.000053,.000071,.000040,.000017,.000077,.000112,
.000046,.000053,.000041,.000044,.000059,.000049,.000063,.000040,.000024,.000067,.000039,
.000056,.000042,.000041,.000042,.000066,.000053,.000053,.000037,.000074,.000073,.000044,
.000045,.000040,.000050,.000041,.000086,.000054,.000084,.000085,.000058,.000079,.000041,
.000044,.000076,.000041,.000039,.000090,.000062,.000056,.000025,.000065,.000070,
.000046,.000043,.000043,.000039,.000070,.000051,.000090,.000041,.000101,.000040,
.000054,.000043,.000041,.000045,.000068,.000053,.000061,.000065,.003532,
.000044,.000040,.000041,.000041,.000076,.000064,.000056,.000041,.000070,.000058,
.000055,.000039,.000133,.000041,.000087,.000105,.000056,.000062,.000077,
.000044,.000043,.000042,.000041,.000064,.000051,.000054,.000021,.000077,.000041,
.000043,.000066,.000065,.000043,.000070,.000049,.000054,.000040,.000064,.000039,
.000044,.000038,.000042,.000040,.000063,.000070,.000055,.000024,.000064,.000060,.000065,
.000044,.000039,.000054,.000038,.000074,.000052,.000052,.000144,.000073,.000056,
.000044,.000037,.000140,.000041,.000065,.000049,.000062,.000017,.000021,.000074,.000038,
.000044,.000039,.000040,.000064,.000065,.000049,.000053,.000040,.000039,.000077,.000039,
.000046,.000042,.000038,.000040,.000065,.000049,.000052,.000057,.000038,.000073,.000039,
.000082,.000041,.000038,.000044,.000069,.000050,.000056,.000071,.000066,.000065,.000044,
.000050,.000038,.000191,.000038,.000067,.000048,.000056,.000037,.000063,.000045,
.000043,.000049,.000051,.000041,.000069,.000050,.000096,.000071,.000020,.000061,.000070,
.000082,.000042,.000140,.000041,.000118,.000083,.000093,.000076,.000101,.000106,.000074,
.000086,.000043,.000075,.000080,.000107,.000127,.000090,.000074,.000114,.000111,.000128,
.000045,.000055,.000073,.000077,.000141,.000049,.000055,.000046,.000068,.000068,
.000054,.000040,.000043,.000075,.000126,.000100,.000061,.000019,.000075,.000064,
.000039,.000037,.000056,.000088,.000060,.000044,.000049,.000040,.000041,.000055,.000034,
.000043,.000041,.000067,.000038,.000064,.000047,.000056,.000040,.000067,.000040,
.000043,.000039,.000043,.000078,.000068,.000049,.000056,.000075,.000064,.000068,
.000043,.000041,.000119,.000040,.000067,.000049,.000055,.000027,.000049,.000060,.000089,
.000078,.000041,.000057,.000043,.000069,.000051,.000055,.000038,.000066,.000038,
.000044,.000041,.000139,.000039,.000060,.000048,.000097,.000038,.000037,.000072,.000069,
.000054,.000048,.000111,.000040,.000066,.000046,.000057,.000041,.000038,.000192,.000040,
.000045,.000039,.000142,.000045,.000065,.000072,.000055,.000048,.000069,.000079,
.000042,.000038,.000040,.000040,.000068,.000048,.000056,.000054,.000082,.000067,.000085,
.000044,.000042,.000044,.000041,.000063,.000049,.000071,.000041,.000038,.000137,.000040,
.000075,.000041,.000037,.000068,.000110,.000051,.000056,.000052,.000063,.000039,
.000067,.000042,.000035,.000038,.000062,.000048,.000082,.000059,.000074,.000065,.000037,
.000057,.000069,.000058,.000098,.000108,.000078,.000099,.000073,.000068,.000105,.000075,
.000062,.000076,.000166,.000068,.000099,.000083,.000100,.000065,.000086,.000113,.000264,
.000077,.000046,.000037,.000082,.000067,.000049,.000056,.000042,.000038,.000067,.000040,
.000044,.000043,.000045,.000087,.000066,.000049,.000055,.000028,.000066,.000040,
.000043,.000043,.000053,.000045,.000065,.000046,.000055,.000037,.000024,.000103,.000062,
.000045,.000054,.000038,.000058,.000064,.000066,.000055,.000041,.000059,.000072,.000040,
.000043,.000042,.000067,.000076,.000064,.000051,.000056,.000038,.000076,.000085,
.000043,.000042,.000043,.000044,.000061,.000055,.000052,.000027,.000024,.000066,.004579,
.000089,.000040,.000121,.000044,.000080,.000059,.000089,.000037,.000050,.000067,.000108,
.000046,.000038,.000079,.000041,.000062,.000075,.000062,.000056,.000049,.000063,.000043,
.000045,.000040,.000165,.000035,.000073,.000048,.000064,.000037,.000047,.000072,.000083,
.000053,.000038,.000041,.000041,.000065,.000048,.000056,.000036,.000084,.000070,.000043,
.000044,.000043,.000038,.000051,.000063,.000051,.000055,.000028,.000051,.000069,.000070,
.000044,.000041,.000119,.000046,.000061,.000056,.000055,.000037,.000065,.000040,
.000043,.000062,.000070,.000044,.000060,.000050,.000055,.000049,.000076,.000064,.000090,
.000043,.000056,.000057,.000042,.000098,.000046,.000056,.000038,.000048,.000066,.000122,
.000045,.000039,.000043,.000041,.000064,.000075,.000054,.000070,.000116,
.000055,.000039,.000058,.000045,.000076,.000049,.000054,.000027,.000077,.000103,
.000046,.000057,.000134,.000048,.000063,.000051,.000057,.000039,.000053,.000077,.000043,
.000044,.000042,.000040,.000044,.000062,.000049,.000049,.000015,.000057,.000038,
.000039,.000061,.000069,.000038,.000054,.000044,.000048,.000033,.000036,.000058,.000059,
.000064,.000037,.000033,.000034,.000058,.000047,.000052,.000030,.000056,.000035,
.000046,.000045,.000035,.000039,.000059,.000049,.000053,.000051,.000034,.000056,.000037,
.000038,.000037,.000033,.000039,.000062,.000044,.000046,.000032,.000051,.000061,
.000048,.000033,.000035,.000038,.000067,.000065,.000048,.000025,.000038,.000057,.000040,
.000047,.000035,.000035,.000039,.000053,.000044,.000050,.000054,.000077,.000057,.000066,
.000042,.000038,.000032,.000040,.000082,.000055,.000051,.000049,.000034,.000066,.000066,
.000039,.000035,.000047,.000038,.000068,.000044,.000049,.000033,.000044,.000076,.000037,
.000047,.000037,.000099,.000037,.000055,.000045,.000046,.000034,.000064,.000035,
.000039,.000037,.000034,.000034,.000053,.000044,.000052,.000040,.000036,.000098,.000059,
.000048,.000037,.000034,.000035,.000074,.000040,.000048,.000035,.000034,.000074,.000042,
.000047,.000037,.000126,.000037,.000059,.000040,.000047,.000050,.000043,.000059,.000065,
.000040,.000060,.000053,.000039,.000057,.000070,.000075,.000064,.000064,.000087,.000068,
.000037,.000049,.000052,.000034,.000054,.000041,.000060,.000043,.000060,.000035,
.000039,.000043,.000117,.000051,.000078,.000054,.000067,.000044,.000065,.000069,.000040,
.000037,.000035,.000032,.000029,.000058,.000042,.000049,.000033,.000086,.000054,.000059,
.000048,.000032,.000043,.000035,.000078,.000044,.000048,.000036,.000034,.000061,.000035,
.000039,.000034,.000037,.000035,.000057,.000042,.000111,.000033,.000044,.000054,.000038,
.000038,.000045,.000042,.000033,.000057,.000041,.000089,.000064,.000091,.000092,.000067,
.000089,.000060,.000137,.000067,.000068,.000055,.000066,.000041,.000068,.000070,
.000039,.000045,.000042,.000042,.000056,.000044,.000053,.000069,.000051,
.000044,.000040,.000060,.000045,.000064,.000050,.000056,.000040,.000036,.000105,.000040,
.000045,.000040,.000040,.000053,.000079,.000057,.000056,.000058,.000064,.000066,
.000043,.000042,.000045,.000042,.000064,.000051,.000086,.000072,.000074,.000127,.000091,
.000043,.000060,.000075,.000080,.000102,.000122,.000064,.000108,.000140,
.000052,.000075,.000061,.000079,.000103,.000090,.000093,.000061,.000070,.000119,.000110,
.000044,.000040,.000042,.000044,.000062,.000049,.000052,.000041,.000038,.000068,.000039,
.000044,.000043,.000040,.000042,.000064,.000053,.000052,.000041,.000014,.000122,.000052,
.000044,.000069,.000071,.000077,.000111,.000088,.000096,.000074,.000074,.000107,.000071,
.000037,.000063,.000069,.000069,.000097,.000085,.000054,.000051,.000034,.000062,.000034,
.000046,.000035,.000041,.000040,.000057,.000042,.000053,.000059,.000057,
.000047,.000037,.000052,.000043,.000063,.000042,.000050,.000031,.000059,.002045,
.000074,.000066,.000060,.000036,.000054,.000050,.000049,.000034,.000045,.000072,.000189,
.000038,.000034,.000138,.000033,.000077,.000063,.000059,.000042,.000070,.000055,
.000049,.000049,.000037,.000035,.000063,.000077,.000046,.000050,.000033,.000056,.003370,
.000039,.000035,.000074,.000037,.000057,.000052,.000049,.000033,.000074,.000076,.000061,
.000039,.000035,.000039,.000054,.000106,.000089,.000047,.000051,.000029,.000057,.000107,
.000086,.000046,.000047,.000050,.000077,.000058,.000062,.000072,.000056,.000066,.000069,
.000050,.000043,.000042,.000048,.000061,.000047,.000109,.000046,.000044,.000059,.000057,
.000046,.000035,.000055,.000033,.000056,.000044,.000046,.000036,.000055,.000037,
.000038,.000037,.000141,.000041,.000051,.000044,.000049,.000035,.000034,.000059,.000035,
.000040,.000040,.000033,.000036,.000060,.000042,.000050,.000035,.000018,.000057,.000035,
.000039,.000035,.000040,.000050,.000059,.000042,.000050,.000067,.000053,.000056,
.000038,.000038,.000037,.000036,.000052,.000043,.000043,.000033,.000052,.000069,
.000046,.000045,.000132,.000033,.000081,.000100,.000047,.000066,.000079,
.000044,.000041,.000121,.000039,.000055,.000043,.000049,.000033,.000080,.000053,.000063,
.000044,.000038,.000042,.000051,.000072,.000049,.000052,.000036,.000039,.000067,.000045,
.000043,.000040,.000043,.000068,.000112,.000088,.000089,.000072,.000124,.000080,
.000043,.000075,.000140,.000074,.000117,.000062,.000056,.000145,.000065,.000100,
.000043,.000040,.000039,.000040,.000066,.000049,.000055,.000046,.000065,.000066,.000050,
.000045,.000074,.000070,.000062,.000066,.000051,.000058,.000041,.000066,.000041,
.000048,.000045,.000043,.000045,.000079,.000062,.000056,.000038,.000097,.000069,.000066,
.000044,.000040,.000086,.000040,.000108,.000088,.000056,.000075,.000073,.000080,
.000049,.000037,.000040,.000041,.000074,.000050,.000056,.000040,.000040,.000071,.000080,
.000045,.000038,.000125,.000044,.000064,.000052,.000054,.000039,.000065,.000099,
.007759,.000052,.000147,.000041,.000117,.000055,.000057,.000065,.000064,.000049,
.000045,.000040,.000040,.000065,.000071,.000048,.000057,.000144,.000052,.000089,.000081,
.000064,.000040,.000039,.000038,.000078,.000056,.000057,.000036,.000094,.000066,.000072,
.000086,.000040,.000037,.000041,.000067,.000055,.000056,.000057,.000024,.000063,.000040,
.000043,.000037,.000039,.000066,.000068,.000075,.000053,.000036,.000039,.000100,.004075,
.000049,.000050,.000139,.000041,.000067,.000067,.000056,.000023,.000053,.000077,.000044,
.000044,.000042,.000047,.000045,.000062,.000048,.000057,.000039,.000056,.000072,.000068,
.000055,.000047,.000040,.000044,.000098,.000066,.000110,.000061,.000050,.000096,.000053,
.000056,.000064,.000125,.000040,.000068,.000050,.000058,.000038,.000021,.000076,
.000045,.000041,.000033,.000041,.000076,.000050,.000055,.000046,.000051,.000079,.000078,
.000085,.000034,.000044,.000038,.000100,.000054,.000055,.000039,.000025,.000112,.000051,
.000046,.000042,.000126,.000045,.000078,.000072,.000055,.000045,.000060,.000069,.000068,
.000044,.000039,.000040,.000036,.000077,.000060,.000054,.000016,.000028,.000064,.000071,
.000046,.000053,.000037,.000039,.000065,.000063,.000057,.000039,.000066,.000059,
.000045,.000044,.000047,.000041,.000091,.000061,.000053,.000226,.000108,.000069,
.000081,.000043,.000037,.000072,.000121,.000086,.000055,.000035,.000054,.000065,.000116,
.000051,.000038,.000040,.000040,.000066,.000051,.000051,.000037,.000069,.000072,
.000044,.000042,.000125,.000041,.000114,.000085,.000056,.000078,.000042,
.000045,.000047,.000093,.000039,.000069,.000050,.000058,.000038,.000065,.000041,
.000062,.000040,.000121,.000057,.000069,.000049,.000056,.000040,.000026,.000075,.000106,
.000089,.000040,.000112,.000041,.000075,.000092,.000056,.000048,.000081,.000052,
.000044,.000041,.000061,.000046,.000066,.000050,.000055,.000040,.000069,.000046,
.000043,.000040,.000039,.000043,.000067,.000047,.000056,.000037,.000083,.000070,.000064,
.000043,.000040,.000126,.000051,.000077,.000063,.000065,.000027,.000058,.000108,.000080,
.000085,.000037,.000053,.000040,.000072,.000048,.000055,.000127,.000063,.000085,
.000044,.000057,.000041,.000042,.000062,.000058,.000055,.000043,.000037,.000067,.000039,
.000047,.000041,.000124,.000040,.000064,.000062,.000084,.000037,.000039,.000077,.000047,
.000045,.000042,.000370,.000047,.000067,.000054,.000055,.000064,.000042,
.000047,.000040,.000042,.000041,.000064,.000052,.000064,.000072,.000026,.000061,.000068,
.000047,.000038,.000185,.000037,.000075,.000049,.000057,.000039,.000051,.000066,.000074,
.000044,.000040,.000133,.000044,.000068,.000050,.000052,.000038,.000055,.000060,.000042,
.000052,.000055,.000039,.000042,.000062,.000049,.000055,.000039,.000093,.000062,.000079,
.000042,.000039,.000112,.000044,.000063,.000049,.000053,.000022,.000025,.000068,.000041,
.000076,.000040,.000090,.000086,.000129,.000117,.000060,.000041,.000072,.000074,
.000053,.000042,.000143,.000044,.000061,.000056,.000055,.000025,.000016,.000085,.000054,
.000044,.000043,.000208,.000044,.000062,.000048,.000048,.000078,.000058,.000081,.000049,
.000039,.000037,.000097,.000034,.000055,.000049,.000095,.000044,.000103,.000055,.000034,
.000037,.000034,.000062,.000036,.000055,.000049,.000046,.000034,.000045,.000058,.000038,
.000039,.000032,.000052,.000038,.000096,.000050,.000048,.000031,.000065,.000052,.000072,
.000060,.000037,.000127,.000033,.000054,.000104,.000060,.000056,.000037,.000094,.000048,
.000040,.000043,.000134,.000039,.000053,.000041,.000048,.000029,.000053,.000056,.000036,
.000038,.000043,.000191,.000036,.000060,.000040,.000047,.000035,.000056,.000036,
.000037,.000063,.000054,.000039,.000092,.000065,.000054,.000025,.000032,.000090,.000064,
.000048,.000041,.000069,.000038,.000058,.000044,.000049,.000036,.000056,.000036,
.000063,.000035,.000095,.000043,.000050,.000045,.000054,.000034,.000046,.000052,.000061,
.000040,.000038,.000138,.000035,.000056,.000041,.000049,.000046,.000056,.000065,
.000039,.000038,.000105,.000038,.000053,.000044,.000048,.000020,.000034,.000100,.000070,
.000040,.000038,.000031,.000034,.000078,.000042,.000076,.000077,.000057,.000050,
.000041,.000041,.000035,.000037,.000054,.000044,.000053,.000034,.000039,.000063,.000034,
.000062,.000088,.000035,.000036,.000066,.000053,.000049,.000034,.000052,.000034,
.000036,.000043,.000120,.000032,.000052,.000044,.000046,.000025,.000061,.000062,
.000038,.000037,.000038,.000047,.000051,.000047,.000047,.000034,.000021,.000057,.000034,
.000038,.000038,.000033,.000038,.000052,.000044,.000047,.000035,.000023,.000068,.000037,
.000042,.000032,.000101,.000037,.000053,.000049,.000087,.000058,.000077,.000086,.000071,
.000039,.000060,.000073,.000076,.000101,.000083,.000052,.000035,.000038,.000055,.000069,
.000037,.000040,.000102,.000038,.000062,.000045,.000049,.000025,.000045,.000053,.000060,
.000039,.000061,.000040,.000036,.000053,.000042,.000046,.000034,.000021,.000056,.000076,
.000039,.000034,.000075,.000034,.000059,.000041,.000046,.000054,.000065,.000061,.000040,
.000038,.000037,.000033,.000037,.000056,.000047,.000049,.000050,.000075,.000077,
.000038,.000033,.000039,.000034,.000058,.000043,.000047,.000033,.000059,.000104,
.000043,.000037,.000032,.000033,.000054,.000047,.000056,.000022,.000032,.000069,.000041,
.000039,.000035,.000105,.000038,.000059,.000071,.000049,.000033,.000049,.000054,.000038,
.000041,.000060,.000073,.000058,.000056,.000044,.000048,.000043,.000043,.000056,.000058,
.000039,.000034,.000037,.000039,.000055,.000043,.000050,.000050,.000035,.000058,.000035,
.000038,.000037,.000107,.000034,.000073,.000058,.000056,.000067,.000057,
.000040,.000036,.000032,.000035,.000054,.000042,.000042,.000059,.000104,.000058,
.000043,.000035,.000047,.000039,.000059,.000042,.000049,.000024,.000022,.000069,.000069,
.000039,.000037,.000034,.000034,.000051,.000043,.000046,.000035,.000061,.000033,
.000068,.000037,.000102,.000036,.000052,.000049,.000055,.000038,.000066,.000040,
.000044,.000061,.000068,.000078,.000100,.000096,.000066,.000040,.000037,.000099,.000051,
.000048,.000038,.000039,.000042,.000070,.000050,.000057,.000085,.000038,.000064,.000038,
.000044,.000038,.000127,.000038,.000110,.000082,.000099,.000077,.000074,.000087,.000043,
.000044,.000038,.000034,.000040,.000063,.000048,.000096,.000065,.000079,.000100,.000076,
.000043,.000042,.000215,.000038,.000058,.000051,.000051,.000048,.000062,.000102,
.000054,.000044,.000144,.000042,.000074,.000051,.000053,.000038,.000041,.000066,.000055,
.000045,.000041,.000042,.000042,.000084,.000106,.000056,.000030,.000063,.000039,
.000043,.000040,.000126,.000038,.000063,.000051,.000055,.000038,.000066,.000069,
.000042,.000042,.000143,.000075,.000088,.000057,.000059,.000039,.000074,.000061,.000039,
.000044,.000040,.000051,.000044,.000066,.000049,.000057,.000131,.000059,.000069,.000076,
.000044,.000039,.000040,.000039,.000083,.000047,.000066,.000037,.000063,.000064,.000042,
.000043,.000048,.000136,.000043,.000064,.000048,.000059,.000036,.000061,.000069,.000063,
.000073,.000040,.000040,.000039,.000120,.000099,.000071,.000145,.000072,.000071,.000072,
.000044,.000040,.000089,.000040,.000085,.000052,.000066,.000074,.000049,.000079,.000040,
.000044,.000040,.000037,.000040,.000131,.000055,.000066,.000023,.000058,.000076,.000052,
.000043,.000078,.000061,.000055,.000072,.000091,.000094,.000064,.000040,.000085,.000073,
.000057,.000071,.000043,.000041,.000073,.000054,.000069,.000056,.000047,.000086,.000052,
.000056,.000039,.000113,.000043,.000062,.000051,.000051,.000057,.000064,.000092,
.000045,.000040,.000036,.000039,.000070,.000059,.000059,.000063,.000071,.000086,.000054,
.000045,.000039,.000042,.000040,.000072,.000052,.000056,.000067,.000070,
.000043,.000040,.000066,.000047,.000092,.000052,.000056,.000039,.000055,.000064,.000044,
.000063,.000039,.000145,.000056,.000091,.000077,.000056,.000077,.000023,.000071,.000083,
.000044,.000038,.000048,.000040,.000065,.000052,.000057,.000039,.000049,.000064,.000096,
.000052,.000044,.000036,.000044,.000113,.000049,.000054,.000070,.000059,
.000045,.000039,.000113,.000050,.000070,.000057,.000059,.000062,.000086,.000103,.000045,
.000046,.000044,.000199,.000040,.000067,.000050,.000059,.000169,.000061,.000073,.000090,
.000054,.000044,.000082,.000039,.000060,.000049,.000064,.000175,.000045,.000077,.000069,
.000086,.000036,.000041,.000045,.000111,.000047,.000050,.000038,.000024,.000089,.000052,
.000047,.000039,.000046,.000040,.000068,.000049,.000064,.000038,.000018,.000062,.000038,
.000047,.000039,.000039,.000049,.000068,.000049,.000055,.000064,.000040,
.000054,.000043,.000039,.000046,.000063,.000059,.000056,.000045,.000062,.000060,
.000047,.000037,.000049,.000039,.000068,.000047,.000056,.000039,.000094,.000083,.000074,
.000139,.000042,.000042,.000043,.000067,.000049,.000057,.000056,.000067,.000063,
.000044,.000042,.000042,.000042,.000063,.000051,.000053,.000028,.000062,.000069,
.000045,.000043,.000118,.000039,.000068,.000050,.000055,.000120,.000038,.000095,.000039,
.000044,.000037,.000039,.000065,.000111,.000085,.000096,.000020,.000083,.000066,.000061,
.000044,.000042,.000038,.000041,.000095,.000048,.000057,.000040,.000097,.000052,
.000045,.000043,.000115,.000040,.000061,.000050,.000056,.000080,.000051,
.000046,.000040,.000042,.000047,.000069,.000048,.000069,.000056,.000062,.000063,.000043,
.000046,.000042,.000039,.000041,.000071,.000054,.000049,.000037,.000063,.000085,
.000044,.000048,.000155,.000040,.000062,.000053,.000056,.000175,.000068,.000070,.000039,
.000045,.000039,.000060,.000041,.000065,.000048,.000055,.000040,.000054,.000067,.000065,
.000051,.000050,.000038,.000044,.000061,.000054,.000065,.000060,.000059,.000069,.000114,
.000052,.000039,.000114,.000040,.000063,.000053,.000072,.000018,.000096,.000105,
.000044,.000040,.000123,.000041,.000070,.000048,.000054,.000083,.000039,
.000044,.000044,.000039,.000044,.000082,.000049,.000055,.000044,.000046,.000084,.000062,
.000043,.000042,.000068,.000041,.000068,.000049,.000067,.000057,.000047,.000064,.000042,
.000089,.000070,.000068,.000077,.000095,.000051,.000054,.000038,.000063,.000069,
.000043,.000040,.000118,.000117,.000078,.000055,.000078,.000038,.000050,.000062,.000096,
.000044,.000039,.000047,.000040,.000065,.000047,.000054,.000028,.000084,.000063,.000057,
.000046,.000040,.000057,.000041,.000059,.000049,.000055,.000037,.000066,.000038,
.000054,.000040,.000037,.000041,.000071,.000052,.000096,.000165,.000118,.000065,.000059,
.000138,.000042,.000150,.000041,.000072,.000047,.000054,.000052,.000061,.000041,
.000046,.000041,.000063,.000044,.000063,.000078,.000056,.000076,.000071,.000075,
.000045,.000039,.000043,.000045,.000063,.000048,.000051,.000036,.000024,.000075,.000119,
.000043,.000040,.000041,.000040,.000078,.000046,.000066,.000058,.000061,.000039,
.000045,.000041,.000033,.000060,.000094,.000050,.000053,.000057,.000069,.000043,
.000058,.000042,.000035,.000038,.000070,.000048,.000055,.000037,.000065,.000040,
.000046,.000041,.000038,.000040,.000101,.000052,.000080,.000072,.000061,.000065,.000042,
.000043,.000042,.000041,.000038,.000070,.000047,.000055,.000023,.000076,.000108,.000041,
.000046,.000041,.000133,.000043,.000089,.000059,.000057,.000038,.000071,.000108,
.000046,.000041,.000049,.000042,.000076,.000059,.000056,.000022,.000016,.000066,.000073,
.000056,.000056,.000040,.000042,.000067,.000051,.000056,.000018,.000024,.000105,.000040,
.000046,.000043,.000119,.000077,.000083,.000049,.000074,.000055,.000061,.000078,.000107,
.000045,.000041,.000042,.000045,.000076,.000051,.000074,.000039,.000025,.000060,.000053,
.000047,.000039,.000143,.000080,.000071,.000058,.000057,.000029,.000048,.000066,.000080,
.000044,.000051,.000039,.000039,.000069,.000050,.000056,.000040,.000060,.000067,.000040,
.000044,.000037,.000155,.000037,.000079,.000050,.000054,.000038,.000072,.000074,
.000044,.000042,.000032,.000051,.000126,.000055,.000058,.000024,.000056,.000066,.000043,
.000042,.000040,.000035,.000037,.000069,.000046,.000053,.000039,.000064,.000038,
.000047,.000042,.000039,.000043,.000126,.000098,.000056,.000040,.000038,.000065,.000039,
.000046,.000041,.000118,.000043,.000060,.000049,.000057,.000038,.000024,.000074,.000042,
.000057,.000050,.000031,.000044,.000069,.000048,.000056,.000041,.000067,.000050,
.000049,.000049,.000045,.000078,.000074,.000063,.000057,.000059,.000079,.000091,.000039,
.000049,.000040,.000139,.000047,.000065,.000053,.000091,.000061,.000102,.000102,.000106,
.000043,.000043,.000118,.000044,.000069,.000051,.000061,.000026,.000037,.000066,.000046,
.000052,.000043,.000178,.000042,.000075,.000048,.000048,.000036,.000034,.000065,.000036,
.000039,.000042,.000038,.000034,.000058,.000045,.000049,.000036,.000055,.000055,
.000035,.000035,.000216,.000033,.000055,.000051,.000044,.000040,.000032,.000059,.000048,
.000075,.000041,.000039,.000039,.000061,.000043,.000051,.000033,.000079,.000052,
.000048,.000033,.000030,.000037,.000053,.000100,.000062,.000045,.000044,.000078,.000053,
.000039,.000039,.000041,.000038,.000056,.000066,.000049,.000027,.000060,.000035,
.000039,.000035,.000038,.000040,.000052,.000042,.000055,.000033,.000049,.000064,.000062,
.000039,.000037,.000033,.000025,.000103,.000048,.000052,.000035,.000052,.000069,.000055,
.000081,.000055,.000075,.000044,.000057,.000051,.000056,.000077,.000057,.000108,.000035,
.000056,.000045,.000111,.000039,.000066,.000099,.000051,.000037,.000033,.000078,.000058,
.000040,.000038,.000034,.000037,.000060,.000045,.000062,.000043,.000078,.000084,
.000049,.000035,.000110,.000110,.000057,.000046,.000048,.000033,.000059,.000085,
.000041,.000040,.000034,.000035,.000065,.000048,.000048,.000033,.000061,.000048,
.000039,.000038,.000034,.000035,.000059,.000045,.000047,.000035,.000034,.000060,.000036,
.000039,.000038,.000100,.000037,.000100,.000089,.000083,.000031,.000063,.000088,
.000038,.000037,.000035,.000099,.000096,.000081,.000087,.000057,.000067,.000098,.000057,
.000038,.000037,.000032,.000039,.000062,.000084,.000050,.000057,.000075,.000091,.000071,
.000040,.000055,.000043,.000036,.000055,.000043,.000048,.000144,.000025,.000088,.000074,
.000042,.000033,.000035,.000074,.000052,.000043,.000048,.000019,.000044,.000059,.000034,
.000053,.000031,.000122,.000035,.000060,.000048,.000048,.000132,.000038,.000058,.000116,
.000050,.000038,.000132,.000039,.000058,.000057,.000046,.000028,.000097,.000055,.000074,
.000047,.000045,.000038,.000037,.000061,.000042,.000085,.000050,.000068,.000073,.000077,
.000039,.000034,.000239,.000036,.000085,.000046,.000050,.000038,.000043,.000068,.000064,
.000041,.000037,.000130,.000038,.000064,.000050,.000050,.000047,.000064,.000036,
.000039,.000032,.000030,.000036,.000061,.000045,.000053,.000035,.000020,.000055,.000035,
.000038,.000035,.000057,.000037,.000057,.000046,.000051,.000035,.000052,.000065,.000036,
.000039,.000059,.000143,.000042,.000056,.000045,.000061,.000054,.000041,
.000040,.000033,.000030,.000037,.000055,.000045,.000048,.000018,.000061,.000063,
.000042,.000038,.000099,.000041,.000059,.000042,.000042,.000024,.000026,.000136,.000057,
.000038,.000068,.000061,.000038,.000064,.000043,.000049,.000050,.000035,.000060,.000070,
.000041,.000037,.000059,.000037,.000066,.000050,.000057,.000039,.000061,.000067,.000040,
.000043,.000039,.000042,.000037,.000069,.000104,.000057,.000039,.000085,.000088,.000053,
.000048,.000045,.000030,.000044,.000072,.000048,.000083,.000065,.000084,.000080,.000045,
.000042,.000037,.000156,.000041,.000067,.000052,.000055,.000041,.000030,.000067,.000040,
.000053,.000036,.000039,.000037,.000066,.000047,.000101,.000058,.000090,.000098,.000047,
.000044,.000043,.000121,.000075,.000066,.000055,.000101,.000073,.000064,.000115,.000080,
.000045,.000040,.000058,.000040,.000072,.000056,.000058,.000070,.000040,.000071,.000045,
.000044,.000035,.000110,.000042,.000069,.000047,.000069,.000039,.000079,.000077,
.000082,.000039,.000039,.000064,.000072,.000094,.000057,.000146,.000071,.000175,
.000072,.000039,.000031,.000042,.000067,.000056,.000073,.000051,.000051,.000087,.000064,
.000053,.000039,.000042,.000050,.000067,.000058,.000055,.000038,.000055,.000064,.000056,
.000043,.000044,.000042,.000078,.000076,.000055,.000056,.000080,.000089,.000075,
.000078,.000044,.000140,.000039,.000070,.000055,.000056,.000039,.000038,.000064,.000040,
.000050,.000040,.000135,.000041,.000073,.000055,.000079,.000064,.000073,.000078,
.000044,.000045,.000040,.000041,.000068,.000068,.000086,.000069,.000059,.000108,.000053,
.000058,.000042,.000137,.000048,.000069,.000047,.000055,.000059,.000037,.000065,.000039,
.000044,.000046,.000027,.000077,.000111,.000058,.000057,.000036,.000062,.000100,.000065,
.000043,.000042,.000119,.000043,.000069,.000049,.000056,.000037,.000058,.000155,.000042,
.000045,.000039,.000153,.000043,.000063,.000052,.000055,.000015,.000015,.000073,.000042,
.000043,.000039,.000041,.000044,.000063,.000049,.000059,.000078,.000046,
.000043,.000043,.000041,.000043,.000064,.000050,.000053,.000057,.000069,.000105,
.000044,.000040,.000041,.000060,.000064,.000051,.000093,.000036,.000069,.000070,
.000056,.000037,.000037,.000041,.000063,.000056,.000062,.000038,.000076,.000067,.000081,
.000044,.000075,.000072,.000040,.000064,.000051,.000074,.000067,.000079,.000089,.000078,
.000056,.000042,.000039,.000042,.000068,.000051,.000095,.000031,.000061,.000079,
.000044,.000042,.000045,.000040,.000069,.000049,.000057,.000038,.000050,.000072,.000090,
.000043,.000043,.000110,.000045,.000074,.000049,.000055,.000037,.000075,.000077,.000085,
.000059,.000041,.000039,.000044,.000065,.000056,.000057,.000035,.000080,.000074,
.000043,.000043,.000041,.000044,.000075,.000130,.000055,.000071,.000039,
.000077,.000042,.000037,.000045,.000069,.000056,.000096,.000073,.000070,.000077,.000053,
.000046,.000039,.000318,.000042,.000066,.000081,.000055,.000057,.000037,.000065,.000059,
.000069,.000043,.000040,.000041,.000068,.000051,.000057,.000041,.000038,.000064,.000042,
.000046,.000039,.000205,.000042,.000144,.000102,.000056,.000069,.000111,.000066,.000059,
.000086,.000044,.000089,.000041,.000065,.000057,.000104,.000073,.000080,.000126,.000067,
.000049,.000079,.000082,.000046,.000070,.000051,.000056,.000104,.000100,.000064,.000081,
.000048,.000038,.000067,.000044,.000067,.000059,.000087,.000070,.000064,.000103,.000067,
.000045,.000040,.000043,.000048,.000071,.000048,.000058,.000039,.000072,.000078,.005117,
.000087,.000051,.000050,.000068,.000096,.000064,.000082,.000050,.000096,.000080,.000070,
.000083,.000051,.000073,.000056,.000077,.000062,.000070,.000049,.000081,.000082,
.000044,.000044,.000048,.000040,.000078,.000050,.000111,.000035,.000086,.000102,.000077,
.000053,.000040,.000061,.000043,.000075,.000050,.000054,.000088,.000046,.000065,.000052,
.000043,.000065,.000075,.000069,.000071,.000087,.000063,.000038,.000061,.000082,.000089,
.000075,.000040,.000038,.000041,.000080,.000049,.000141,.000081,.000131,.000147,.000108,
.000042,.000980,.000036,.000037,.000065,.000051,.000067,.000046,.000059,.000064,.000075,
.000043,.000065,.000041,.000044,.000076,.000049,.000077,.000040,.000044,.000075,.000039,
.000042,.000042,.000037,.000043,.000064,.000050,.000076,.000035,.000101,.000097,.000126,
.000047,.000041,.000058,.000045,.000069,.000050,.000056,.000023,.000038,.000105,.000040,
.000044,.000042,.000039,.000037,.000090,.000056,.000056,.000041,.000065,.000070,.000038,
.000052,.000039,.000031,.000043,.000066,.000052,.000055,.000167,.000058,.000075,.000043,
.000048,.000038,.000153,.000096,.000087,.000054,.000061,.000039,.000083,.000063,.000067,
.000046,.000042,.000039,.000042,.000066,.000050,.000055,.000055,.000059,.000070,
.000044,.000086,.000080,.000038,.000070,.000048,.000462,.000062,.000082,.000066,.000124,
.000053,.000054,.000042,.000038,.000060,.000052,.000069,.000040,.000060,.000081,
.000042,.000037,.000040,.000043,.000075,.000050,.000055,.000082,.000068,.000075,.000069,
.000046,.000042,.000040,.000038,.000067,.000049,.000057,.000087,.000070,.000069,.000039,
.000046,.000039,.000111,.000043,.000133,.000054,.000067,.000170,.000048,.000072,.000039,
.000043,.000064,.000053,.000038,.000070,.000045,.000054,.000056,.000039,.000070,.000039,
.000044,.000075,.000062,.000044,.000066,.000060,.000056,.000101,.000052,.000080,.000078,
.000045,.000073,.000164,.000043,.000099,.000066,.000054,.000068,.000058,.000063,.000039,
.000047,.000043,.000064,.000038,.000063,.000050,.000054,.000068,.000043,
.000044,.000039,.000048,.000072,.000070,.000052,.000055,.000040,.000038,.000067,.000039,
.000052,.000043,.000079,.000072,.000077,.000057,.000059,.000092,.000117,
.000044,.000045,.000046,.000044,.000105,.000051,.000054,.000024,.000112,.000042,
.000046,.000042,.000246,.000044,.000077,.000057,.000062,.000061,.000085,.000068,.000074,
.000047,.000039,.000044,.000047,.000080,.000053,.000057,.000057,.000065,.000070,
.000046,.000079,.000166,.000041,.000068,.000048,.000092,.000073,.000070,.000069,.000039,
.000072,.000042,.000038,.000039,.000133,.000101,.000053,.000040,.000064,.000076,.000041,
.000163,.000038,.000064,.000037,.000080,.000052,.000056,.000059,.000253,.000118,.000039,
.000053,.000042,.000036,.000041,.000080,.000058,.000055,.000040,.000058,.000085,.000039,
.000042,.000038,.000042,.000040,.000070,.000078,.000057,.000029,.000065,.000074,
.000043,.000042,.000051,.000038,.000071,.000055,.000053,.000028,.000037,.000094,.000042,
.000046,.000053,.000048,.000072,.000097,.000054,.000057,.000049,.000020,.000087,.000041,
.000046,.000040,.000037,.000042,.000068,.000047,.000054,.000040,.000037,.000070,.000040,
.000046,.000035,.000036,.000041,.000070,.000056,.000062,.000044,.000050,.000076,.000042,
.000045,.000046,.000036,.000039,.000078,.000049,.000075,.000155,.000021,.000080,.000080,
.000084,.000041,.000036,.000043,.000105,.000050,.000056,.000078,.000058,.000071,.000040,
.000044,.000051,.000044,.000041,.000069,.000054,.000055,.000058,.000044,.000073,.000050,
.000045,.000042,.000038,.000048,.000071,.000049,.000055,.000012,.000038,.000127,.000041,
.000043,.000039,.000040,.000041,.000078,.000061,.000056,.000037,.000051,.000070,.000069,
.000043,.000042,.000039,.000040,.000068,.000047,.000055,.000040,.000059,.000068,.000051,
.000042,.000038,.000040,.000040,.000065,.000052,.000055,.000036,.000053,.000065,.000088,
.000045,.000042,.000132,.000044,.000062,.000057,.000056,.000038,.000075,.000039,
.000043,.000038,.000056,.000041,.000076,.000049,.000051,.000028,.000065,.000062,.000075,
.000049,.000041,.000042,.000047,.000067,.000048,.000057,.000027,.000117,.000066,.000065,
.000076,.000038,.000148,.000038,.000062,.000048,.000056,.000073,.000069,.000096,.000041,
.000052,.000039,.000031,.000044,.000063,.000052,.000055,.000039,.000074,.000040,
.000045,.000044,.000122,.000041,.000066,.000056,.000057,.000038,.000056,.000085,.000066,
.000071,.000040,.000039,.000071,.000104,.000055,.000056,.000039,.000079,.000081,.000087,
.000047,.000039,.000143,.000040,.000066,.000063,.000068,.000027,.000107,.000077,.000074,
.000089,.000045,.000040,.000041,.000101,.000054,.000054,.000072,.000039,
.000045,.000039,.000034,.000046,.000066,.000051,.000057,.000041,.000040,.000077,.000066,
.000049,.000048,.000036,.000041,.000067,.000052,.000095,.000066,.000039,.000118,.000042,
.000045,.000062,.000172,.000064,.000082,.000057,.000054,.000041,.000037,.000075,.000039,
.000046,.000049,.000054,.000044,.000067,.000049,.000058,.000055,.000050,.000064,.000042,
.000049,.000036,.000120,.000042,.000065,.000073,.000052,.000035,.000064,.000045,
.000046,.000043,.000036,.000066,.000065,.000050,.000055,.000039,.000073,.000067,.000040,
.000047,.000038,.000243,.000040,.000071,.000059,.000056,.000038,.000109,.000066,.000096,
.000044,.000053,.000139,.000051,.000069,.000056,.000055,.000140,.000141,.000079,
.000046,.000038,.000062,.000043,.000080,.000060,.000064,.000038,.000025,.000064,.000063,
.000088,.000037,.000081,.000039,.000066,.000054,.000054,.000075,.000078,.000061,.000042,
.000050,.000039,.000043,.000043,.000112,.000086,.000056,.000026,.000115,.000134,
.000051,.000256,.000125,.000043,.000074,.000053,.000053,.000039,.000023,.000073,.000039,
.000046,.000044,.000038,.000045,.000068,.000049,.000058,.000058,.000051,.000062,.000064,
.000045,.000072,.000227,.000040,.000114,.000067,.000054,.000020,.000023,.000063,.000069,
.000045,.000040,.000124,.000050,.000062,.000104,.000086,.000068,.000093,.000068,.000087,
.000044,.000040,.000150,.000042,.000091,.000059,.000053,.000037,.000064,.000060,.000078,
.000046,.000038,.000138,.000040,.000061,.000050,.000056,.000101,.000076,.000044,
.000044,.000038,.000031,.000046,.000068,.000053,.000056,.000038,.000041,.000057,.000040,
.000056,.000041,.000043,.000038,.000071,.000056,.000056,.000057,.000064,.000058,
.000044,.000048,.000091,.000039,.000070,.000048,.000056,.000050,.000087,.000063,.000042,
.000046,.000042,.000038,.000045,.000066,.000056,.000105,.000075,.000130,.000064,
.000044,.000042,.000133,.000043,.000079,.000052,.000066,.000027,.000095,.000063,.000074,
.000044,.000039,.000117,.000058,.000102,.000048,.000067,.000040,.000066,.000073,.000067,
.000044,.000038,.000030,.000041,.000069,.000051,.000056,.000038,.000084,.000073,.000044,
.000045,.000041,.000077,.000041,.000071,.000048,.000056,.000127,.000038,.000072,.000040,
.000048,.000040,.000169,.000041,.000062,.000047,.000057,.000077,.000020,.000063,.000040,
.000063,.000040,.000037,.000044,.000064,.000049,.000056,.000043,.000021,.000070,.000039,
.000045,.000050,.000047,.000055,.000081,.000065,.000056,.000021,.000058,.000080,.000159,
.000046,.000059,.000169,.000041,.000068,.000053,.000056,.000065,.000038,.000069,.000040,
.000043,.000042,.000122,.000040,.000063,.000068,.000055,.000037,.000090,.000064,.000068,
.000043,.000059,.000054,.000039,.000061,.000051,.000056,.000045,.000065,.000039,
.000044,.000040,.000155,.000044,.000060,.000050,.000086,.000071,.000079,.000064,.000043,
.000054,.000042,.000041,.000043,.000059,.000048,.000057,.000024,.000024,.000069,.000041,
.000090,.000075,.000065,.000070,.000116,.000091,.000086,.000065,.000076,.000127,.000071,
.000076,.000034,.000196,.000038,.000056,.000042,.000050,.000066,.000060,.000060,.000059,
.000039,.000038,.000125,.000036,.000062,.000073,.000048,.000035,.000057,.000034,
.000039,.000038,.000104,.000038,.000058,.000042,.000060,.000033,.000048,.000054,.000059,
.000039,.000036,.000041,.000036,.000054,.000048,.000048,.000033,.000078,.000058,.000071,
.000037,.000035,.000081,.000038,.000049,.000044,.000045,.000032,.000067,.000052,.000038,
.000040,.000036,.000034,.000058,.000056,.000044,.000048,.000033,.000068,.000054,.000075,
.000038,.000041,.000032,.000033,.000055,.000045,.000049,.000035,.000025,.000055,.000059,
.000038,.000035,.000035,.000037,.000059,.000055,.000053,.000036,.000066,.000063,.000044,
.000039,.000037,.000040,.000039,.000092,.000046,.000047,.000057,.000035,.000067,.000035,
.000038,.000037,.000118,.000035,.000058,.000082,.000048,.000033,.000064,.000052,
.000038,.000034,.000065,.000040,.000060,.000043,.000051,.000034,.000021,.000055,.000038,
.000074,.000037,.000025,.000037,.000055,.000041,.000049,.000037,.000035,.000057,.000034,
.000074,.000035,.000040,.000038,.000074,.000045,.000047,.000033,.000044,.000058,.000059,
.000031,.000037,.000034,.000038,.000053,.000043,.000048,.000036,.000019,.000054,.000035,
.000066,.000034,.000037,.000057,.000104,.000090,.000081,.000063,.000054,.000088,.000078,
.000040,.000038,.000035,.000034,.000059,.000040,.000047,.000049,.000068,.000034,
.000046,.000038,.000034,.000036,.000053,.000054,.000048,.000051,.000034,.000057,.000060,
.000039,.000038,.000033,.000037,.000052,.000045,.000049,.000041,.000033,.000054,.000035,
.000039,.000037,.000035,.000037,.000062,.000043,.000048,.000037,.000039,.000055,.000066,
.000041,.000035,.000053,.000039,.000078,.000054,.000056,.000055,.000091,.000070,
.000203,.000081,.000040,.000041,.000084,.000053,.000056,.000056,.000062,.000094,.000044,
.000044,.000039,.000041,.000040,.000068,.000051,.000057,.000095,.000040,
.000053,.000052,.000045,.000043,.000062,.000053,.000055,.000039,.000066,.000077,
.000045,.000045,.000060,.000043,.000080,.000050,.000056,.000057,.000087,.000075,.000048,
.000044,.000074,.000160,.000077,.000110,.000090,.000062,.000053,.000076,.000042,
.000048,.000045,.000059,.000042,.000075,.000055,.000091,.000064,.000121,.000105,
.000085,.000040,.000084,.000039,.000065,.000047,.000059,.000057,.000038,.000073,.000052,
.000045,.000040,.000034,.000062,.000070,.000051,.000064,.000058,.000071,.000069,.000040,
.000045,.000054,.000110,.000041,.000082,.000048,.000061,.000137,.000038,.000077,.000041,
.000058,.000042,.000149,.000043,.000067,.000054,.000051,.000037,.000050,.000070,.000044,
.000060,.000041,.000039,.000042,.000071,.000057,.000056,.000058,.000038,.000088,.000041,
.000044,.000041,.000130,.000038,.000070,.000050,.000060,.000057,.000068,.000039,
.000043,.000042,.000075,.000043,.000108,.000059,.000056,.000039,.000079,.000069,.000040,
.000048,.000104,.000161,.000042,.000099,.000091,.000055,.000072,.000071,
.000045,.000051,.000051,.000071,.000065,.000052,.000067,.000049,.000079,.000060,
.000062,.000040,.000040,.000041,.000078,.000061,.000076,.000023,.000109,.000073,.000052,
.000045,.000045,.000064,.000046,.000066,.000050,.000055,.000075,.000072,.000040,
.000045,.000042,.000037,.000039,.000075,.000054,.000054,.000038,.000025,.000061,.000043,
.000045,.000042,.000058,.000043,.000073,.000050,.000070,.000037,.000025,.000073,.000085,
.000044,.000040,.000044,.000049,.000066,.000051,.000055,.000024,.000063,.000079,
.000073,.000043,.000120,.000081,.000101,.000069,.000085,.000078,.000110,.000070,
.000044,.000040,.000039,.000040,.000068,.000072,.000067,.000053,.000057,.000071,.000089,
.000045,.000041,.000038,.000039,.000077,.000054,.000067,.000039,.000063,.000040,
.000044,.000040,.000036,.000047,.000072,.000053,.000055,.000039,.000037,.000066,.000039,
.000036,.000042,.000131,.000064,.000067,.000053,.000055,.000040,.000064,.000038,
.000049,.000064,.000043,.000043,.000069,.000048,.000054,.000036,.000061,.000083,
.000078,.000034,.000040,.000062,.000069,.000049,.000061,.000091,.000068,.000079,
.000044,.000042,.000036,.000042,.000070,.000056,.000050,.000040,.000036,.000066,.000046,
.000044,.000054,.000125,.000070,.000066,.000058,.000094,.000066,.000073,.000109,.000065,
.000046,.000042,.000039,.000042,.000068,.000091,.000056,.000025,.000053,.000062,.000044,
.000058,.000038,.000044,.000041,.000064,.000060,.000054,.000065,.000079,
.000044,.000038,.000042,.000040,.000067,.000051,.000056,.000037,.000048,.000063,.000043,
.000043,.000037,.000039,.000044,.000079,.000079,.000081,.000040,.000052,.000073,.000063,
.000079,.000041,.000076,.000045,.000088,.000050,.000064,.000055,.000078,.000122,.000093,
.000043,.000084,.000071,.000045,.000079,.000051,.000065,.000073,.000051,.000085,.000068,
.000044,.000068,.000159,.000041,.000071,.000051,.000057,.000050,.000078,.000081,
.000084,.000041,.000036,.000041,.000068,.000052,.000061,.000037,.000061,.000046,
.000049,.000054,.000037,.000044,.000078,.000048,.000075,.000080,.000095,
.000042,.000040,.000036,.000043,.000062,.000047,.000049,.000036,.000039,.000056,.000043,
.000056,.000042,.000038,.000038,.000071,.000048,.000055,.000040,.000037,.000061,.000062,
.000043,.000039,.000041,.000054,.000059,.000110,.000055,.000061,.000069,
.000043,.000042,.000135,.000044,.000065,.000056,.000052,.000038,.000041,.000059,.000065,
.000045,.000039,.000042,.000043,.000063,.000051,.000055,.000074,.000049,.000067,.000109,
.000074,.000042,.000041,.000050,.000110,.000050,.000057,.000053,.000068,.000040,
.000046,.000044,.000035,.000043,.000064,.000057,.000054,.000027,.000037,.000107,.000078,
.000084,.000042,.000075,.000042,.000071,.000054,.000101,.000046,.000064,.000040,
.000043,.000041,.000060,.000041,.000065,.000048,.000054,.000027,.000067,.000051,
.000046,.000043,.000142,.000037,.000061,.000058,.000052,.000055,.000061,.000046,
.000046,.000062,.000097,.000043,.000066,.000054,.000055,.000114,.000062,.000047,
.000045,.000043,.000034,.000045,.000084,.000054,.000061,.000113,.000111,.000079,.000061,
.000051,.000046,.000043,.000041,.000066,.000050,.000054,.000082,.000038,
.000046,.000043,.000050,.000046,.000067,.000050,.000055,.000050,.000062,.000069,
.000046,.000039,.000032,.000043,.000061,.000097,.000092,.000045,.000077,.000098,
.000045,.000036,.000040,.000041,.000062,.000057,.000063,.000063,.000050,.000061,.000044,
.000048,.000037,.000174,.000051,.000069,.000051,.000058,.000054,.000014,.000159,.000043,
.000046,.000042,.000119,.000042,.000069,.000048,.000054,.000060,.000037,.000064,.000057,
.000077,.000049,.000172,.000041,.000069,.000055,.000059,.000200,.000061,.000101,.000101,
.000046,.000037,.000039,.000041,.000068,.000049,.000063,.000174,.000076,.000084,
.000082,.000080,.000040,.000074,.000070,.000052,.000089,.000042,.000067,.000073,.000056,
.000046,.000041,.000040,.000041,.000066,.000050,.000057,.000042,.000067,.000069,.000054,
.000045,.000049,.000040,.000048,.000069,.000049,.000058,.000036,.000062,.000070,
.000044,.000043,.000048,.000041,.000066,.000048,.000055,.000038,.000064,.000060,.000069,
.000036,.000041,.000039,.000043,.000065,.000053,.000056,.000072,.000065,.000126,
.000044,.000043,.000139,.000039,.000066,.000087,.000054,.000049,.000064,.000081,
.000058,.000037,.000040,.000049,.000064,.000047,.000056,.000125,.000068,.000065,.000040,
.000070,.000039,.000042,.000043,.000063,.000048,.000054,.000039,.000066,.000064,.000076,
.000081,.000038,.000047,.000041,.000063,.000048,.000054,.000039,.000067,.000096,
.000045,.000040,.000043,.000041,.000070,.000049,.000054,.000059,.000060,.000065,.000038,
.000045,.000035,.000038,.000044,.000059,.000056,.000054,.000036,.000048,.000064,.000069,
.000043,.000040,.000038,.000049,.000083,.000049,.000055,.000041,.000055,.000061,.000043,
.000053,.000040,.000185,.000044,.000059,.000048,.000050,.000028,.000040,.000065,.000072,
.000056,.000037,.000119,.000049,.000062,.000054,.000060,.000036,.000073,.000066,.000068,
.000054,.000042,.000078,.000044,.000087,.000056,.000067,.000030,.000039,.000063,.000076,
.000043,.000042,.000147,.000044,.000063,.000051,.000055,.000043,.000077,.000044,
.000044,.000039,.000041,.000043,.000063,.000051,.000054,.000094,.000107,.000084,
.000044,.000041,.000038,.000038,.000067,.000047,.000082,.000021,.000038,.000071,.000039,
.000052,.000042,.000037,.000040,.000061,.000047,.000041,.000034,.000057,.000033,
.000039,.000031,.000124,.000042,.000050,.000040,.000049,.000026,.000043,.000054,.000056,
.000038,.000036,.000032,.000035,.000086,.000040,.000056,.000037,.000063,.000041,
.000045,.000039,.000040,.000043,.000061,.000049,.000053,.000169,.000063,.000082,
.000042,.000036,.000029,.000040,.000064,.000072,.000054,.000037,.000055,.000108,.000075,
.000044,.000041,.000038,.000042,.000069,.000049,.000057,.000041,.000038,.000064,.000061,
.000060,.000043,.000039,.000063,.000072,.000051,.000057,.000041,.000051,.000066,.000045,
.000056,.000039,.000137,.000041,.000073,.000056,.000071,.000056,.000049,.000069,.000039,
.000055,.000078,.000112,.000042,.000081,.000059,.000057,.000038,.000024,.000072,.000070,
.000043,.000042,.000040,.000043,.000058,.000071,.000054,.000041,.000067,.000065,.000039,
.000089,.000041,.000059,.000043,.000063,.000048,.000055,.000083,.000066,.000083,.000046,
.000044,.000092,.000040,.000062,.000065,.000089,.000084,.000073,.000106,.000119,.000121,
.000081,.000041,.000035,.000073,.000084,.000062,.000107,.000073,.000081,.000105,.000104,
.000089,.000059,.000069,.000039,.000063,.000047,.000061,.000037,.000022,.000061,.000067,
.000041,.000036,.000118,.000040,.000068,.000050,.000052,.000248,.000069,.000061,.000071,
.000045,.000042,.000036,.000042,.000060,.000059,.000048,.000052,.000023,.000054,.000034,
.000151,.000046,.000146,.000037,.000058,.000042,.000049,.000042,.000052,.000064,
.000069,.000037,.000032,.000039,.000053,.000043,.000045,.000016,.000068,.000072,
.000038,.000035,.000034,.000039,.000059,.000045,.000060,.000036,.000034,.000063,.000047,
.000039,.000038,.000034,.000038,.000070,.000064,.000048,.000056,.000053,.000064,.000037,
.000034,.000041,.000035,.000036,.000065,.000043,.000049,.000031,.000056,.000057,.000089,
.000050,.000037,.000057,.000045,.000054,.000043,.000047,.000037,.000064,.000061,.000044,
.000031,.000038,.000111,.000039,.000058,.000043,.000049,.000059,.000055,
.000039,.000033,.000042,.000037,.000054,.000051,.000048,.000031,.000015,.000059,.000112,
.000039,.000038,.000042,.000046,.000051,.000079,.000058,.000040,.000078,.000057,.000054,
.000037,.000034,.000036,.000036,.000058,.000045,.000049,.000159,.000044,.000068,
.000037,.000038,.000034,.000045,.000057,.000067,.000049,.000190,.000067,.000061,
.000040,.000035,.000037,.000066,.000060,.000050,.000051,.000049,.000052,.000058,.000064,
.000037,.000037,.000100,.000038,.000059,.000045,.000060,.000032,.000089,.000051,.000063,
.000057,.000034,.000035,.000037,.000070,.000044,.000047,.000032,.000058,.000060,.000056,
.000040,.000034,.000107,.000036,.000056,.000054,.000083,.000056,.000034,.000065,.000055,
